{"meta": {"format": 3, "version": "7.10.1", "timestamp": "2025-08-15T07:41:22.008693", "branch_coverage": false, "show_contexts": false}, "files": {"src/shard_markdown/__init__.py": {"executed_lines": [1, 3, 4, 5, 6, 8, 11], "summary": {"covered_lines": 6, "num_statements": 6, "percent_covered": 100.0, "percent_covered_display": "100", "missing_lines": 0, "excluded_lines": 0}, "missing_lines": [], "excluded_lines": [], "functions": {"": {"executed_lines": [1, 3, 4, 5, 6, 8, 11], "summary": {"covered_lines": 6, "num_statements": 6, "percent_covered": 100.0, "percent_covered_display": "100", "missing_lines": 0, "excluded_lines": 0}, "missing_lines": [], "excluded_lines": []}}, "classes": {"": {"executed_lines": [1, 3, 4, 5, 6, 8, 11], "summary": {"covered_lines": 6, "num_statements": 6, "percent_covered": 100.0, "percent_covered_display": "100", "missing_lines": 0, "excluded_lines": 0}, "missing_lines": [], "excluded_lines": []}}}, "src/shard_markdown/__main__.py": {"executed_lines": [], "summary": {"covered_lines": 0, "num_statements": 2, "percent_covered": 0.0, "percent_covered_display": "0", "missing_lines": 2, "excluded_lines": 2}, "missing_lines": [3, 5], "excluded_lines": [8, 9], "functions": {"": {"executed_lines": [], "summary": {"covered_lines": 0, "num_statements": 2, "percent_covered": 0.0, "percent_covered_display": "0", "missing_lines": 2, "excluded_lines": 2}, "missing_lines": [3, 5], "excluded_lines": [8, 9]}}, "classes": {"": {"executed_lines": [], "summary": {"covered_lines": 0, "num_statements": 2, "percent_covered": 0.0, "percent_covered_display": "0", "missing_lines": 2, "excluded_lines": 2}, "missing_lines": [3, 5], "excluded_lines": [8, 9]}}}, "src/shard_markdown/chromadb/__init__.py": {"executed_lines": [1, 3, 7, 8, 10, 11, 16, 17, 20], "summary": {"covered_lines": 8, "num_statements": 11, "percent_covered": 72.72727272727273, "percent_covered_display": "73", "missing_lines": 3, "excluded_lines": 0}, "missing_lines": [12, 13, 14], "excluded_lines": [], "functions": {"": {"executed_lines": [1, 3, 7, 8, 10, 11, 16, 17, 20], "summary": {"covered_lines": 8, "num_statements": 11, "percent_covered": 72.72727272727273, "percent_covered_display": "73", "missing_lines": 3, "excluded_lines": 0}, "missing_lines": [12, 13, 14], "excluded_lines": []}}, "classes": {"": {"executed_lines": [1, 3, 7, 8, 10, 11, 16, 17, 20], "summary": {"covered_lines": 8, "num_statements": 11, "percent_covered": 72.72727272727273, "percent_covered_display": "73", "missing_lines": 3, "excluded_lines": 0}, "missing_lines": [12, 13, 14], "excluded_lines": []}}}, "src/shard_markdown/chromadb/client.py": {"executed_lines": [1, 3, 4, 5, 8, 11, 12, 13, 14, 15, 16, 20, 21, 27, 49, 50, 52, 63, 66, 67, 69, 91, 148, 156, 209, 390, 501, 558, 595, 607, 627, 667, 711, 722], "summary": {"covered_lines": 32, "num_statements": 238, "percent_covered": 13.445378151260504, "percent_covered_display": "13", "missing_lines": 206, "excluded_lines": 0}, "missing_lines": [9, 28, 30, 32, 35, 37, 40, 42, 45, 53, 55, 57, 60, 75, 76, 77, 78, 81, 84, 101, 103, 106, 107, 109, 115, 117, 118, 121, 122, 124, 128, 130, 131, 132, 133, 154, 168, 169, 175, 176, 177, 178, 180, 182, 183, 184, 196, 228, 229, 235, 238, 239, 240, 242, 245, 248, 251, 257, 260, 261, 262, 263, 264, 265, 266, 269, 271, 274, 280, 281, 283, 284, 285, 289, 290, 291, 292, 297, 298, 301, 303, 307, 309, 311, 319, 320, 321, 325, 328, 329, 330, 334, 335, 337, 343, 354, 355, 358, 361, 364, 365, 366, 368, 376, 377, 388, 404, 406, 407, 408, 416, 418, 419, 422, 423, 424, 427, 431, 434, 435, 436, 441, 444, 445, 446, 447, 448, 453, 456, 460, 463, 464, 469, 471, 474, 479, 486, 487, 488, 490, 494, 510, 511, 517, 518, 520, 521, 522, 523, 528, 529, 530, 533, 542, 543, 545, 546, 570, 571, 577, 578, 579, 580, 582, 583, 601, 602, 603, 604, 605, 613, 621, 623, 625, 633, 634, 636, 639, 640, 651, 652, 653, 665, 673, 674, 675, 676, 677, 679, 680, 691, 692, 698, 699, 717, 718, 719, 720, 735, 736, 747, 748, 749, 756, 757, 758], "excluded_lines": [], "functions": {"ChromaDBClient.__init__": {"executed_lines": [], "summary": {"covered_lines": 0, "num_statements": 6, "percent_covered": 0.0, "percent_covered_display": "0", "missing_lines": 6, "excluded_lines": 0}, "missing_lines": [75, 76, 77, 78, 81, 84], "excluded_lines": []}, "ChromaDBClient.connect": {"executed_lines": [], "summary": {"covered_lines": 0, "num_statements": 16, "percent_covered": 0.0, "percent_covered_display": "0", "missing_lines": 16, "excluded_lines": 0}, "missing_lines": [101, 103, 106, 107, 109, 115, 117, 118, 121, 122, 124, 128, 130, 131, 132, 133], "excluded_lines": []}, "ChromaDBClient.get_api_version_info": {"executed_lines": [], "summary": {"covered_lines": 0, "num_statements": 1, "percent_covered": 0.0, "percent_covered_display": "0", "missing_lines": 1, "excluded_lines": 0}, "missing_lines": [154], "excluded_lines": []}, "ChromaDBClient.get_collection": {"executed_lines": [], "summary": {"covered_lines": 0, "num_statements": 11, "percent_covered": 0.0, "percent_covered_display": "0", "missing_lines": 11, "excluded_lines": 0}, "missing_lines": [168, 169, 175, 176, 177, 178, 180, 182, 183, 184, 196], "excluded_lines": []}, "ChromaDBClient.get_or_create_collection": {"executed_lines": [], "summary": {"covered_lines": 0, "num_statements": 59, "percent_covered": 0.0, "percent_covered_display": "0", "missing_lines": 59, "excluded_lines": 0}, "missing_lines": [228, 229, 235, 238, 239, 240, 242, 245, 248, 251, 257, 260, 261, 262, 263, 264, 265, 266, 269, 271, 274, 280, 281, 283, 284, 285, 289, 290, 291, 292, 297, 298, 301, 303, 307, 309, 311, 319, 320, 321, 325, 328, 329, 330, 334, 335, 337, 343, 354, 355, 358, 361, 364, 365, 366, 368, 376, 377, 388], "excluded_lines": []}, "ChromaDBClient.bulk_insert": {"executed_lines": [], "summary": {"covered_lines": 0, "num_statements": 35, "percent_covered": 0.0, "percent_covered_display": "0", "missing_lines": 35, "excluded_lines": 0}, "missing_lines": [404, 406, 407, 408, 416, 418, 419, 422, 423, 424, 427, 431, 434, 435, 436, 441, 444, 445, 446, 447, 448, 453, 456, 460, 463, 464, 469, 471, 474, 479, 486, 487, 488, 490, 494], "excluded_lines": []}, "ChromaDBClient.list_collections": {"executed_lines": [], "summary": {"covered_lines": 0, "num_statements": 16, "percent_covered": 0.0, "percent_covered_display": "0", "missing_lines": 16, "excluded_lines": 0}, "missing_lines": [510, 511, 517, 518, 520, 521, 522, 523, 528, 529, 530, 533, 542, 543, 545, 546], "excluded_lines": []}, "ChromaDBClient.delete_collection": {"executed_lines": [], "summary": {"covered_lines": 0, "num_statements": 8, "percent_covered": 0.0, "percent_covered_display": "0", "missing_lines": 8, "excluded_lines": 0}, "missing_lines": [570, 571, 577, 578, 579, 580, 582, 583], "excluded_lines": []}, "ChromaDBClient.test_connection": {"executed_lines": [], "summary": {"covered_lines": 0, "num_statements": 5, "percent_covered": 0.0, "percent_covered_display": "0", "missing_lines": 5, "excluded_lines": 0}, "missing_lines": [601, 602, 603, 604, 605], "excluded_lines": []}, "ChromaDBClient._get_client_settings": {"executed_lines": [], "summary": {"covered_lines": 0, "num_statements": 4, "percent_covered": 0.0, "percent_covered_display": "0", "missing_lines": 4, "excluded_lines": 0}, "missing_lines": [613, 621, 623, 625], "excluded_lines": []}, "ChromaDBClient._test_heartbeat": {"executed_lines": [], "summary": {"covered_lines": 0, "num_statements": 9, "percent_covered": 0.0, "percent_covered_display": "0", "missing_lines": 9, "excluded_lines": 0}, "missing_lines": [633, 634, 636, 639, 640, 651, 652, 653, 665], "excluded_lines": []}, "ChromaDBClient._test_connectivity": {"executed_lines": [], "summary": {"covered_lines": 0, "num_statements": 11, "percent_covered": 0.0, "percent_covered_display": "0", "missing_lines": 11, "excluded_lines": 0}, "missing_lines": [673, 674, 675, 676, 677, 679, 680, 691, 692, 698, 699], "excluded_lines": []}, "ChromaDBClient._get_auth_headers": {"executed_lines": [], "summary": {"covered_lines": 0, "num_statements": 4, "percent_covered": 0.0, "percent_covered_display": "0", "missing_lines": 4, "excluded_lines": 0}, "missing_lines": [717, 718, 719, 720], "excluded_lines": []}, "ChromaDBClient._validate_insertion_data": {"executed_lines": [], "summary": {"covered_lines": 0, "num_statements": 8, "percent_covered": 0.0, "percent_covered_display": "0", "missing_lines": 8, "excluded_lines": 0}, "missing_lines": [735, 736, 747, 748, 749, 756, 757, 758], "excluded_lines": []}, "": {"executed_lines": [1, 3, 4, 5, 8, 11, 12, 13, 14, 15, 16, 20, 21, 27, 49, 50, 52, 63, 66, 67, 69, 91, 148, 156, 209, 390, 501, 558, 595, 607, 627, 667, 711, 722], "summary": {"covered_lines": 32, "num_statements": 45, "percent_covered": 71.11111111111111, "percent_covered_display": "71", "missing_lines": 13, "excluded_lines": 0}, "missing_lines": [9, 28, 30, 32, 35, 37, 40, 42, 45, 53, 55, 57, 60], "excluded_lines": []}}, "classes": {"ChromaDBClient": {"executed_lines": [], "summary": {"covered_lines": 0, "num_statements": 193, "percent_covered": 0.0, "percent_covered_display": "0", "missing_lines": 193, "excluded_lines": 0}, "missing_lines": [75, 76, 77, 78, 81, 84, 101, 103, 106, 107, 109, 115, 117, 118, 121, 122, 124, 128, 130, 131, 132, 133, 154, 168, 169, 175, 176, 177, 178, 180, 182, 183, 184, 196, 228, 229, 235, 238, 239, 240, 242, 245, 248, 251, 257, 260, 261, 262, 263, 264, 265, 266, 269, 271, 274, 280, 281, 283, 284, 285, 289, 290, 291, 292, 297, 298, 301, 303, 307, 309, 311, 319, 320, 321, 325, 328, 329, 330, 334, 335, 337, 343, 354, 355, 358, 361, 364, 365, 366, 368, 376, 377, 388, 404, 406, 407, 408, 416, 418, 419, 422, 423, 424, 427, 431, 434, 435, 436, 441, 444, 445, 446, 447, 448, 453, 456, 460, 463, 464, 469, 471, 474, 479, 486, 487, 488, 490, 494, 510, 511, 517, 518, 520, 521, 522, 523, 528, 529, 530, 533, 542, 543, 545, 546, 570, 571, 577, 578, 579, 580, 582, 583, 601, 602, 603, 604, 605, 613, 621, 623, 625, 633, 634, 636, 639, 640, 651, 652, 653, 665, 673, 674, 675, 676, 677, 679, 680, 691, 692, 698, 699, 717, 718, 719, 720, 735, 736, 747, 748, 749, 756, 757, 758], "excluded_lines": []}, "": {"executed_lines": [1, 3, 4, 5, 8, 11, 12, 13, 14, 15, 16, 20, 21, 27, 49, 50, 52, 63, 66, 67, 69, 91, 148, 156, 209, 390, 501, 558, 595, 607, 627, 667, 711, 722], "summary": {"covered_lines": 32, "num_statements": 45, "percent_covered": 71.11111111111111, "percent_covered_display": "71", "missing_lines": 13, "excluded_lines": 0}, "missing_lines": [9, 28, 30, 32, 35, 37, 40, 42, 45, 53, 55, 57, 60], "excluded_lines": []}}}, "src/shard_markdown/chromadb/collections.py": {"executed_lines": [1, 3, 5, 6, 7, 10, 13, 14, 16, 24, 69, 92, 113, 138, 172, 206, 234], "summary": {"covered_lines": 15, "num_statements": 81, "percent_covered": 18.51851851851852, "percent_covered_display": "19", "missing_lines": 66, "excluded_lines": 0}, "missing_lines": [22, 44, 47, 48, 49, 51, 53, 56, 59, 61, 62, 81, 82, 84, 85, 101, 102, 103, 105, 106, 125, 126, 127, 128, 130, 131, 150, 151, 152, 153, 155, 156, 157, 159, 160, 162, 163, 164, 165, 167, 170, 184, 186, 187, 190, 191, 192, 193, 195, 196, 198, 199, 218, 220, 221, 222, 224, 226, 227, 243, 244, 250, 251, 258, 261, 262], "excluded_lines": [], "functions": {"CollectionManager.__init__": {"executed_lines": [], "summary": {"covered_lines": 0, "num_statements": 1, "percent_covered": 0.0, "percent_covered_display": "0", "missing_lines": 1, "excluded_lines": 0}, "missing_lines": [22], "excluded_lines": []}, "CollectionManager.create_collection": {"executed_lines": [], "summary": {"covered_lines": 0, "num_statements": 10, "percent_covered": 0.0, "percent_covered_display": "0", "missing_lines": 10, "excluded_lines": 0}, "missing_lines": [44, 47, 48, 49, 51, 53, 56, 59, 61, 62], "excluded_lines": []}, "CollectionManager.get_collection": {"executed_lines": [], "summary": {"covered_lines": 0, "num_statements": 4, "percent_covered": 0.0, "percent_covered_display": "0", "missing_lines": 4, "excluded_lines": 0}, "missing_lines": [81, 82, 84, 85], "excluded_lines": []}, "CollectionManager.list_collections": {"executed_lines": [], "summary": {"covered_lines": 0, "num_statements": 5, "percent_covered": 0.0, "percent_covered_display": "0", "missing_lines": 5, "excluded_lines": 0}, "missing_lines": [101, 102, 103, 105, 106], "excluded_lines": []}, "CollectionManager.delete_collection": {"executed_lines": [], "summary": {"covered_lines": 0, "num_statements": 6, "percent_covered": 0.0, "percent_covered_display": "0", "missing_lines": 6, "excluded_lines": 0}, "missing_lines": [125, 126, 127, 128, 130, 131], "excluded_lines": []}, "CollectionManager.collection_exists": {"executed_lines": [], "summary": {"covered_lines": 0, "num_statements": 15, "percent_covered": 0.0, "percent_covered_display": "0", "missing_lines": 15, "excluded_lines": 0}, "missing_lines": [150, 151, 152, 153, 155, 156, 157, 159, 160, 162, 163, 164, 165, 167, 170], "excluded_lines": []}, "CollectionManager.clear_collection": {"executed_lines": [], "summary": {"covered_lines": 0, "num_statements": 11, "percent_covered": 0.0, "percent_covered_display": "0", "missing_lines": 11, "excluded_lines": 0}, "missing_lines": [184, 186, 187, 190, 191, 192, 193, 195, 196, 198, 199], "excluded_lines": []}, "CollectionManager.get_collection_info": {"executed_lines": [], "summary": {"covered_lines": 0, "num_statements": 7, "percent_covered": 0.0, "percent_covered_display": "0", "missing_lines": 7, "excluded_lines": 0}, "missing_lines": [218, 220, 221, 222, 224, 226, 227], "excluded_lines": []}, "CollectionManager._validate_collection_name": {"executed_lines": [], "summary": {"covered_lines": 0, "num_statements": 7, "percent_covered": 0.0, "percent_covered_display": "0", "missing_lines": 7, "excluded_lines": 0}, "missing_lines": [243, 244, 250, 251, 258, 261, 262], "excluded_lines": []}, "": {"executed_lines": [1, 3, 5, 6, 7, 10, 13, 14, 16, 24, 69, 92, 113, 138, 172, 206, 234], "summary": {"covered_lines": 15, "num_statements": 15, "percent_covered": 100.0, "percent_covered_display": "100", "missing_lines": 0, "excluded_lines": 0}, "missing_lines": [], "excluded_lines": []}}, "classes": {"CollectionManager": {"executed_lines": [], "summary": {"covered_lines": 0, "num_statements": 66, "percent_covered": 0.0, "percent_covered_display": "0", "missing_lines": 66, "excluded_lines": 0}, "missing_lines": [22, 44, 47, 48, 49, 51, 53, 56, 59, 61, 62, 81, 82, 84, 85, 101, 102, 103, 105, 106, 125, 126, 127, 128, 130, 131, 150, 151, 152, 153, 155, 156, 157, 159, 160, 162, 163, 164, 165, 167, 170, 184, 186, 187, 190, 191, 192, 193, 195, 196, 198, 199, 218, 220, 221, 222, 224, 226, 227, 243, 244, 250, 251, 258, 261, 262], "excluded_lines": []}, "": {"executed_lines": [1, 3, 5, 6, 7, 10, 13, 14, 16, 24, 69, 92, 113, 138, 172, 206, 234], "summary": {"covered_lines": 15, "num_statements": 15, "percent_covered": 100.0, "percent_covered_display": "100", "missing_lines": 0, "excluded_lines": 0}, "missing_lines": [], "excluded_lines": []}}}, "src/shard_markdown/chromadb/factory.py": {"executed_lines": [1, 3, 5, 6, 7, 10, 13, 46, 94, 104], "summary": {"covered_lines": 9, "num_statements": 55, "percent_covered": 16.363636363636363, "percent_covered_display": "16", "missing_lines": 46, "excluded_lines": 0}, "missing_lines": [26, 27, 30, 31, 32, 35, 36, 37, 39, 42, 43, 58, 60, 61, 64, 65, 66, 67, 68, 70, 73, 74, 77, 84, 85, 86, 88, 96, 97, 99, 100, 101, 113, 114, 116, 117, 118, 119, 121, 122, 125, 127, 130, 132, 133, 134], "excluded_lines": [], "functions": {"create_chromadb_client": {"executed_lines": [], "summary": {"covered_lines": 0, "num_statements": 11, "percent_covered": 0.0, "percent_covered_display": "0", "missing_lines": 11, "excluded_lines": 0}, "missing_lines": [26, 27, 30, 31, 32, 35, 36, 37, 39, 42, 43], "excluded_lines": []}, "_create_mock_client": {"executed_lines": [], "summary": {"covered_lines": 0, "num_statements": 16, "percent_covered": 0.0, "percent_covered_display": "0", "missing_lines": 16, "excluded_lines": 0}, "missing_lines": [58, 60, 61, 64, 65, 66, 67, 68, 70, 73, 74, 77, 84, 85, 86, 88], "excluded_lines": []}, "_is_chromadb_available": {"executed_lines": [], "summary": {"covered_lines": 0, "num_statements": 5, "percent_covered": 0.0, "percent_covered_display": "0", "missing_lines": 5, "excluded_lines": 0}, "missing_lines": [96, 97, 99, 100, 101], "excluded_lines": []}, "_test_chromadb_connectivity": {"executed_lines": [], "summary": {"covered_lines": 0, "num_statements": 14, "percent_covered": 0.0, "percent_covered_display": "0", "missing_lines": 14, "excluded_lines": 0}, "missing_lines": [113, 114, 116, 117, 118, 119, 121, 122, 125, 127, 130, 132, 133, 134], "excluded_lines": []}, "": {"executed_lines": [1, 3, 5, 6, 7, 10, 13, 46, 94, 104], "summary": {"covered_lines": 9, "num_statements": 9, "percent_covered": 100.0, "percent_covered_display": "100", "missing_lines": 0, "excluded_lines": 0}, "missing_lines": [], "excluded_lines": []}}, "classes": {"": {"executed_lines": [1, 3, 5, 6, 7, 10, 13, 46, 94, 104], "summary": {"covered_lines": 9, "num_statements": 55, "percent_covered": 16.363636363636363, "percent_covered_display": "16", "missing_lines": 46, "excluded_lines": 0}, "missing_lines": [26, 27, 30, 31, 32, 35, 36, 37, 39, 42, 43, 58, 60, 61, 64, 65, 66, 67, 68, 70, 73, 74, 77, 84, 85, 86, 88, 96, 97, 99, 100, 101, 113, 114, 116, 117, 118, 119, 121, 122, 125, 127, 130, 132, 133, 134], "excluded_lines": []}}}, "src/shard_markdown/chromadb/operations.py": {"executed_lines": [1, 3, 5, 6, 7, 10, 13, 14, 16, 24, 104, 175, 271, 320], "summary": {"covered_lines": 12, "num_statements": 97, "percent_covered": 12.371134020618557, "percent_covered_display": "12", "missing_lines": 85, "excluded_lines": 0}, "missing_lines": [22, 47, 48, 54, 55, 58, 62, 63, 66, 73, 77, 82, 90, 91, 92, 94, 123, 124, 130, 131, 134, 135, 136, 139, 141, 142, 145, 150, 151, 152, 153, 155, 159, 161, 162, 163, 165, 196, 197, 203, 204, 207, 208, 209, 212, 215, 216, 217, 237, 238, 239, 240, 242, 244, 246, 251, 260, 261, 262, 264, 286, 287, 293, 294, 297, 299, 303, 309, 310, 336, 338, 339, 341, 342, 343, 344, 346, 349, 352, 353, 355, 362, 363, 365, 367], "excluded_lines": [], "functions": {"ChromaDBOperations.__init__": {"executed_lines": [], "summary": {"covered_lines": 0, "num_statements": 1, "percent_covered": 0.0, "percent_covered_display": "0", "missing_lines": 1, "excluded_lines": 0}, "missing_lines": [22], "excluded_lines": []}, "ChromaDBOperations.query_collection": {"executed_lines": [], "summary": {"covered_lines": 0, "num_statements": 15, "percent_covered": 0.0, "percent_covered_display": "0", "missing_lines": 15, "excluded_lines": 0}, "missing_lines": [47, 48, 54, 55, 58, 62, 63, 66, 73, 77, 82, 90, 91, 92, 94], "excluded_lines": []}, "ChromaDBOperations.get_document": {"executed_lines": [], "summary": {"covered_lines": 0, "num_statements": 21, "percent_covered": 0.0, "percent_covered_display": "0", "missing_lines": 21, "excluded_lines": 0}, "missing_lines": [123, 124, 130, 131, 134, 135, 136, 139, 141, 142, 145, 150, 151, 152, 153, 155, 159, 161, 162, 163, 165], "excluded_lines": []}, "ChromaDBOperations.list_documents": {"executed_lines": [], "summary": {"covered_lines": 0, "num_statements": 23, "percent_covered": 0.0, "percent_covered_display": "0", "missing_lines": 23, "excluded_lines": 0}, "missing_lines": [196, 197, 203, 204, 207, 208, 209, 212, 215, 216, 217, 237, 238, 239, 240, 242, 244, 246, 251, 260, 261, 262, 264], "excluded_lines": []}, "ChromaDBOperations.delete_documents": {"executed_lines": [], "summary": {"covered_lines": 0, "num_statements": 9, "percent_covered": 0.0, "percent_covered_display": "0", "missing_lines": 9, "excluded_lines": 0}, "missing_lines": [286, 287, 293, 294, 297, 299, 303, 309, 310], "excluded_lines": []}, "ChromaDBOperations._process_query_results": {"executed_lines": [], "summary": {"covered_lines": 0, "num_statements": 16, "percent_covered": 0.0, "percent_covered_display": "0", "missing_lines": 16, "excluded_lines": 0}, "missing_lines": [336, 338, 339, 341, 342, 343, 344, 346, 349, 352, 353, 355, 362, 363, 365, 367], "excluded_lines": []}, "": {"executed_lines": [1, 3, 5, 6, 7, 10, 13, 14, 16, 24, 104, 175, 271, 320], "summary": {"covered_lines": 12, "num_statements": 12, "percent_covered": 100.0, "percent_covered_display": "100", "missing_lines": 0, "excluded_lines": 0}, "missing_lines": [], "excluded_lines": []}}, "classes": {"ChromaDBOperations": {"executed_lines": [], "summary": {"covered_lines": 0, "num_statements": 85, "percent_covered": 0.0, "percent_covered_display": "0", "missing_lines": 85, "excluded_lines": 0}, "missing_lines": [22, 47, 48, 54, 55, 58, 62, 63, 66, 73, 77, 82, 90, 91, 92, 94, 123, 124, 130, 131, 134, 135, 136, 139, 141, 142, 145, 150, 151, 152, 153, 155, 159, 161, 162, 163, 165, 196, 197, 203, 204, 207, 208, 209, 212, 215, 216, 217, 237, 238, 239, 240, 242, 244, 246, 251, 260, 261, 262, 264, 286, 287, 293, 294, 297, 299, 303, 309, 310, 336, 338, 339, 341, 342, 343, 344, 346, 349, 352, 353, 355, 362, 363, 365, 367], "excluded_lines": []}, "": {"executed_lines": [1, 3, 5, 6, 7, 10, 13, 14, 16, 24, 104, 175, 271, 320], "summary": {"covered_lines": 12, "num_statements": 12, "percent_covered": 100.0, "percent_covered_display": "100", "missing_lines": 0, "excluded_lines": 0}, "missing_lines": [], "excluded_lines": []}}}, "src/shard_markdown/chromadb/protocol.py": {"executed_lines": [1, 3, 5, 8, 9, 15, 23, 37, 55, 67, 75], "summary": {"covered_lines": 2, "num_statements": 2, "percent_covered": 100.0, "percent_covered_display": "100", "missing_lines": 0, "excluded_lines": 77}, "missing_lines": [], "excluded_lines": [8, 9, 10, 11, 12, 13, 14, 15, 16, 17, 18, 19, 20, 21, 22, 23, 24, 25, 26, 27, 28, 29, 30, 31, 32, 33, 34, 35, 36, 37, 38, 39, 40, 41, 42, 43, 44, 45, 46, 47, 48, 49, 50, 51, 52, 53, 54, 55, 56, 57, 58, 59, 60, 61, 62, 63, 64, 65, 66, 67, 68, 69, 70, 71, 72, 73, 74, 75, 76, 77, 78, 79, 80, 81, 82, 83, 84], "functions": {"ChromaDBClientProtocol.connect": {"executed_lines": [], "summary": {"covered_lines": 0, "num_statements": 0, "percent_covered": 100.0, "percent_covered_display": "100", "missing_lines": 0, "excluded_lines": 6}, "missing_lines": [], "excluded_lines": [16, 17, 18, 19, 20, 21]}, "ChromaDBClientProtocol.get_collection": {"executed_lines": [], "summary": {"covered_lines": 0, "num_statements": 0, "percent_covered": 100.0, "percent_covered_display": "100", "missing_lines": 0, "excluded_lines": 12}, "missing_lines": [], "excluded_lines": [24, 25, 26, 27, 28, 29, 30, 31, 32, 33, 34, 35]}, "ChromaDBClientProtocol.get_or_create_collection": {"executed_lines": [], "summary": {"covered_lines": 0, "num_statements": 0, "percent_covered": 100.0, "percent_covered_display": "100", "missing_lines": 0, "excluded_lines": 11}, "missing_lines": [], "excluded_lines": [43, 44, 45, 46, 47, 48, 49, 50, 51, 52, 53]}, "ChromaDBClientProtocol.bulk_insert": {"executed_lines": [], "summary": {"covered_lines": 0, "num_statements": 0, "percent_covered": 100.0, "percent_covered_display": "100", "missing_lines": 0, "excluded_lines": 10}, "missing_lines": [], "excluded_lines": [56, 57, 58, 59, 60, 61, 62, 63, 64, 65]}, "ChromaDBClientProtocol.list_collections": {"executed_lines": [], "summary": {"covered_lines": 0, "num_statements": 0, "percent_covered": 100.0, "percent_covered_display": "100", "missing_lines": 0, "excluded_lines": 6}, "missing_lines": [], "excluded_lines": [68, 69, 70, 71, 72, 73]}, "ChromaDBClientProtocol.delete_collection": {"executed_lines": [], "summary": {"covered_lines": 0, "num_statements": 0, "percent_covered": 100.0, "percent_covered_display": "100", "missing_lines": 0, "excluded_lines": 9}, "missing_lines": [], "excluded_lines": [76, 77, 78, 79, 80, 81, 82, 83, 84]}, "": {"executed_lines": [1, 3, 5, 8, 9, 15, 23, 37, 55, 67, 75], "summary": {"covered_lines": 2, "num_statements": 2, "percent_covered": 100.0, "percent_covered_display": "100", "missing_lines": 0, "excluded_lines": 23}, "missing_lines": [], "excluded_lines": [8, 9, 10, 11, 12, 13, 14, 15, 22, 23, 36, 37, 38, 39, 40, 41, 42, 54, 55, 66, 67, 74, 75]}}, "classes": {"ChromaDBClientProtocol": {"executed_lines": [], "summary": {"covered_lines": 0, "num_statements": 0, "percent_covered": 100.0, "percent_covered_display": "100", "missing_lines": 0, "excluded_lines": 54}, "missing_lines": [], "excluded_lines": [16, 17, 18, 19, 20, 21, 24, 25, 26, 27, 28, 29, 30, 31, 32, 33, 34, 35, 43, 44, 45, 46, 47, 48, 49, 50, 51, 52, 53, 56, 57, 58, 59, 60, 61, 62, 63, 64, 65, 68, 69, 70, 71, 72, 73, 76, 77, 78, 79, 80, 81, 82, 83, 84]}, "": {"executed_lines": [1, 3, 5, 8, 9, 15, 23, 37, 55, 67, 75], "summary": {"covered_lines": 2, "num_statements": 2, "percent_covered": 100.0, "percent_covered_display": "100", "missing_lines": 0, "excluded_lines": 23}, "missing_lines": [], "excluded_lines": [8, 9, 10, 11, 12, 13, 14, 15, 22, 23, 36, 37, 38, 39, 40, 41, 42, 54, 55, 66, 67, 74, 75]}}}, "src/shard_markdown/chromadb/version_detector.py": {"executed_lines": [1, 3, 4, 6, 7, 9, 10, 13, 16, 17, 19, 20, 21, 22, 23, 24, 27, 28, 30, 59, 98, 111, 141, 231, 249, 284, 291, 320], "summary": {"covered_lines": 25, "num_statements": 117, "percent_covered": 21.367521367521366, "percent_covered_display": "21", "missing_lines": 92, "excluded_lines": 0}, "missing_lines": [47, 48, 49, 50, 51, 52, 55, 56, 57, 68, 69, 70, 71, 74, 75, 79, 81, 82, 83, 84, 85, 89, 91, 96, 107, 108, 109, 120, 121, 123, 124, 126, 127, 129, 132, 133, 134, 135, 136, 137, 139, 154, 155, 160, 161, 163, 164, 167, 191, 192, 194, 195, 198, 199, 200, 202, 205, 217, 218, 220, 223, 228, 229, 240, 241, 242, 243, 244, 246, 247, 260, 261, 263, 271, 272, 275, 276, 277, 278, 280, 282, 286, 287, 288, 311, 317, 335, 336, 337, 338, 339, 340], "excluded_lines": [], "functions": {"ChromaDBVersionDetector.__init__": {"executed_lines": [], "summary": {"covered_lines": 0, "num_statements": 9, "percent_covered": 0.0, "percent_covered_display": "0", "missing_lines": 9, "excluded_lines": 0}, "missing_lines": [47, 48, 49, 50, 51, 52, 55, 56, 57], "excluded_lines": []}, "ChromaDBVersionDetector._make_request": {"executed_lines": [], "summary": {"covered_lines": 0, "num_statements": 15, "percent_covered": 0.0, "percent_covered_display": "0", "missing_lines": 15, "excluded_lines": 0}, "missing_lines": [68, 69, 70, 71, 74, 75, 79, 81, 82, 83, 84, 85, 89, 91, 96], "excluded_lines": []}, "ChromaDBVersionDetector._test_endpoint": {"executed_lines": [], "summary": {"covered_lines": 0, "num_statements": 3, "percent_covered": 0.0, "percent_covered_display": "0", "missing_lines": 3, "excluded_lines": 0}, "missing_lines": [107, 108, 109], "excluded_lines": []}, "ChromaDBVersionDetector._get_version_info": {"executed_lines": [], "summary": {"covered_lines": 0, "num_statements": 14, "percent_covered": 0.0, "percent_covered_display": "0", "missing_lines": 14, "excluded_lines": 0}, "missing_lines": [120, 121, 123, 124, 126, 127, 129, 132, 133, 134, 135, 136, 137, 139], "excluded_lines": []}, "ChromaDBVersionDetector.detect_api_version": {"executed_lines": [], "summary": {"covered_lines": 0, "num_statements": 22, "percent_covered": 0.0, "percent_covered_display": "0", "missing_lines": 22, "excluded_lines": 0}, "missing_lines": [154, 155, 160, 161, 163, 164, 167, 191, 192, 194, 195, 198, 199, 200, 202, 205, 217, 218, 220, 223, 228, 229], "excluded_lines": []}, "ChromaDBVersionDetector.test_connection": {"executed_lines": [], "summary": {"covered_lines": 0, "num_statements": 7, "percent_covered": 0.0, "percent_covered_display": "0", "missing_lines": 7, "excluded_lines": 0}, "missing_lines": [240, 241, 242, 243, 244, 246, 247], "excluded_lines": []}, "ChromaDBVersionDetector.get_recommended_client_settings": {"executed_lines": [], "summary": {"covered_lines": 0, "num_statements": 11, "percent_covered": 0.0, "percent_covered_display": "0", "missing_lines": 11, "excluded_lines": 0}, "missing_lines": [260, 261, 263, 271, 272, 275, 276, 277, 278, 280, 282], "excluded_lines": []}, "ChromaDBVersionDetector.clear_cache": {"executed_lines": [], "summary": {"covered_lines": 0, "num_statements": 3, "percent_covered": 0.0, "percent_covered_display": "0", "missing_lines": 3, "excluded_lines": 0}, "missing_lines": [286, 287, 288], "excluded_lines": []}, "detect_chromadb_version": {"executed_lines": [], "summary": {"covered_lines": 0, "num_statements": 2, "percent_covered": 0.0, "percent_covered_display": "0", "missing_lines": 2, "excluded_lines": 0}, "missing_lines": [311, 317], "excluded_lines": []}, "test_chromadb_connection": {"executed_lines": [], "summary": {"covered_lines": 0, "num_statements": 6, "percent_covered": 0.0, "percent_covered_display": "0", "missing_lines": 6, "excluded_lines": 0}, "missing_lines": [335, 336, 337, 338, 339, 340], "excluded_lines": []}, "": {"executed_lines": [1, 3, 4, 6, 7, 9, 10, 13, 16, 17, 19, 20, 21, 22, 23, 24, 27, 28, 30, 59, 98, 111, 141, 231, 249, 284, 291, 320], "summary": {"covered_lines": 25, "num_statements": 25, "percent_covered": 100.0, "percent_covered_display": "100", "missing_lines": 0, "excluded_lines": 0}, "missing_lines": [], "excluded_lines": []}}, "classes": {"APIVersionInfo": {"executed_lines": [], "summary": {"covered_lines": 0, "num_statements": 0, "percent_covered": 100.0, "percent_covered_display": "100", "missing_lines": 0, "excluded_lines": 0}, "missing_lines": [], "excluded_lines": []}, "ChromaDBVersionDetector": {"executed_lines": [], "summary": {"covered_lines": 0, "num_statements": 84, "percent_covered": 0.0, "percent_covered_display": "0", "missing_lines": 84, "excluded_lines": 0}, "missing_lines": [47, 48, 49, 50, 51, 52, 55, 56, 57, 68, 69, 70, 71, 74, 75, 79, 81, 82, 83, 84, 85, 89, 91, 96, 107, 108, 109, 120, 121, 123, 124, 126, 127, 129, 132, 133, 134, 135, 136, 137, 139, 154, 155, 160, 161, 163, 164, 167, 191, 192, 194, 195, 198, 199, 200, 202, 205, 217, 218, 220, 223, 228, 229, 240, 241, 242, 243, 244, 246, 247, 260, 261, 263, 271, 272, 275, 276, 277, 278, 280, 282, 286, 287, 288], "excluded_lines": []}, "": {"executed_lines": [1, 3, 4, 6, 7, 9, 10, 13, 16, 17, 19, 20, 21, 22, 23, 24, 27, 28, 30, 59, 98, 111, 141, 231, 249, 284, 291, 320], "summary": {"covered_lines": 25, "num_statements": 33, "percent_covered": 75.75757575757575, "percent_covered_display": "76", "missing_lines": 8, "excluded_lines": 0}, "missing_lines": [311, 317, 335, 336, 337, 338, 339, 340], "excluded_lines": []}}}, "src/shard_markdown/cli/__init__.py": {"executed_lines": [1, 3, 6], "summary": {"covered_lines": 2, "num_statements": 2, "percent_covered": 100.0, "percent_covered_display": "100", "missing_lines": 0, "excluded_lines": 0}, "missing_lines": [], "excluded_lines": [], "functions": {"": {"executed_lines": [1, 3, 6], "summary": {"covered_lines": 2, "num_statements": 2, "percent_covered": 100.0, "percent_covered_display": "100", "missing_lines": 0, "excluded_lines": 0}, "missing_lines": [], "excluded_lines": []}}, "classes": {"": {"executed_lines": [1, 3, 6], "summary": {"covered_lines": 2, "num_statements": 2, "percent_covered": 100.0, "percent_covered_display": "100", "missing_lines": 0, "excluded_lines": 0}, "missing_lines": [], "excluded_lines": []}}}, "src/shard_markdown/cli/commands/__init__.py": {"executed_lines": [1], "summary": {"covered_lines": 0, "num_statements": 0, "percent_covered": 100.0, "percent_covered_display": "100", "missing_lines": 0, "excluded_lines": 0}, "missing_lines": [], "excluded_lines": [], "functions": {"": {"executed_lines": [1], "summary": {"covered_lines": 0, "num_statements": 0, "percent_covered": 100.0, "percent_covered_display": "100", "missing_lines": 0, "excluded_lines": 0}, "missing_lines": [], "excluded_lines": []}}, "classes": {"": {"executed_lines": [1], "summary": {"covered_lines": 0, "num_statements": 0, "percent_covered": 100.0, "percent_covered_display": "100", "missing_lines": 0, "excluded_lines": 0}, "missing_lines": [], "excluded_lines": []}}}, "src/shard_markdown/cli/commands/collections.py": {"executed_lines": [1, 3, 4, 5, 7, 8, 9, 11, 12, 13, 14, 17, 18, 21, 34, 42, 43, 65, 66, 73, 78, 79, 80, 118, 119, 120, 121, 122, 123, 124, 175, 176, 177, 178, 179, 180, 213, 214, 215, 222, 227, 228, 260, 289], "summary": {"covered_lines": 43, "num_statements": 168, "percent_covered": 25.595238095238095, "percent_covered_display": "26", "missing_lines": 125, "excluded_lines": 0}, "missing_lines": [23, 24, 25, 26, 27, 28, 29, 30, 31, 36, 37, 38, 39, 62, 82, 83, 85, 87, 90, 91, 94, 95, 100, 101, 102, 103, 104, 105, 107, 109, 110, 112, 114, 115, 128, 129, 131, 133, 134, 135, 136, 137, 138, 141, 144, 147, 148, 152, 153, 154, 155, 157, 159, 163, 165, 166, 167, 168, 169, 171, 172, 182, 183, 185, 187, 189, 192, 193, 196, 197, 200, 201, 202, 203, 206, 207, 209, 210, 230, 231, 233, 235, 237, 240, 241, 244, 247, 248, 249, 250, 251, 252, 254, 256, 257, 264, 265, 266, 268, 269, 271, 272, 274, 275, 276, 277, 278, 279, 280, 282, 284, 286, 293, 294, 295, 297, 298, 300, 301, 302, 303, 305, 307, 308, 309], "excluded_lines": [], "functions": {"_handle_chromadb_errors": {"executed_lines": [], "summary": {"covered_lines": 0, "num_statements": 9, "percent_covered": 0.0, "percent_covered_display": "0", "missing_lines": 9, "excluded_lines": 0}, "missing_lines": [23, 24, 25, 26, 27, 28, 29, 30, 31], "excluded_lines": []}, "_get_connected_chromadb_client": {"executed_lines": [], "summary": {"covered_lines": 0, "num_statements": 4, "percent_covered": 0.0, "percent_covered_display": "0", "missing_lines": 4, "excluded_lines": 0}, "missing_lines": [36, 37, 38, 39], "excluded_lines": []}, "collections": {"executed_lines": [], "summary": {"covered_lines": 0, "num_statements": 1, "percent_covered": 0.0, "percent_covered_display": "0", "missing_lines": 1, "excluded_lines": 0}, "missing_lines": [62], "excluded_lines": []}, "list": {"executed_lines": [], "summary": {"covered_lines": 0, "num_statements": 20, "percent_covered": 0.0, "percent_covered_display": "0", "missing_lines": 20, "excluded_lines": 0}, "missing_lines": [82, 83, 85, 87, 90, 91, 94, 95, 100, 101, 102, 103, 104, 105, 107, 109, 110, 112, 114, 115], "excluded_lines": []}, "create": {"executed_lines": [], "summary": {"covered_lines": 0, "num_statements": 27, "percent_covered": 0.0, "percent_covered_display": "0", "missing_lines": 27, "excluded_lines": 0}, "missing_lines": [128, 129, 131, 133, 134, 135, 136, 137, 138, 141, 144, 147, 148, 152, 153, 154, 155, 157, 159, 163, 165, 166, 167, 168, 169, 171, 172], "excluded_lines": []}, "delete": {"executed_lines": [], "summary": {"covered_lines": 0, "num_statements": 17, "percent_covered": 0.0, "percent_covered_display": "0", "missing_lines": 17, "excluded_lines": 0}, "missing_lines": [182, 183, 185, 187, 189, 192, 193, 196, 197, 200, 201, 202, 203, 206, 207, 209, 210], "excluded_lines": []}, "info": {"executed_lines": [], "summary": {"covered_lines": 0, "num_statements": 17, "percent_covered": 0.0, "percent_covered_display": "0", "missing_lines": 17, "excluded_lines": 0}, "missing_lines": [230, 231, 233, 235, 237, 240, 241, 244, 247, 248, 249, 250, 251, 252, 254, 256, 257], "excluded_lines": []}, "_display_collections_table": {"executed_lines": [], "summary": {"covered_lines": 0, "num_statements": 17, "percent_covered": 0.0, "percent_covered_display": "0", "missing_lines": 17, "excluded_lines": 0}, "missing_lines": [264, 265, 266, 268, 269, 271, 272, 274, 275, 276, 277, 278, 279, 280, 282, 284, 286], "excluded_lines": []}, "_display_collection_info_table": {"executed_lines": [], "summary": {"covered_lines": 0, "num_statements": 13, "percent_covered": 0.0, "percent_covered_display": "0", "missing_lines": 13, "excluded_lines": 0}, "missing_lines": [293, 294, 295, 297, 298, 300, 301, 302, 303, 305, 307, 308, 309], "excluded_lines": []}, "": {"executed_lines": [1, 3, 4, 5, 7, 8, 9, 11, 12, 13, 14, 17, 18, 21, 34, 42, 43, 65, 66, 73, 78, 79, 80, 118, 119, 120, 121, 122, 123, 124, 175, 176, 177, 178, 179, 180, 213, 214, 215, 222, 227, 228, 260, 289], "summary": {"covered_lines": 43, "num_statements": 43, "percent_covered": 100.0, "percent_covered_display": "100", "missing_lines": 0, "excluded_lines": 0}, "missing_lines": [], "excluded_lines": []}}, "classes": {"": {"executed_lines": [1, 3, 4, 5, 7, 8, 9, 11, 12, 13, 14, 17, 18, 21, 34, 42, 43, 65, 66, 73, 78, 79, 80, 118, 119, 120, 121, 122, 123, 124, 175, 176, 177, 178, 179, 180, 213, 214, 215, 222, 227, 228, 260, 289], "summary": {"covered_lines": 43, "num_statements": 168, "percent_covered": 25.595238095238095, "percent_covered_display": "26", "missing_lines": 125, "excluded_lines": 0}, "missing_lines": [23, 24, 25, 26, 27, 28, 29, 30, 31, 36, 37, 38, 39, 62, 82, 83, 85, 87, 90, 91, 94, 95, 100, 101, 102, 103, 104, 105, 107, 109, 110, 112, 114, 115, 128, 129, 131, 133, 134, 135, 136, 137, 138, 141, 144, 147, 148, 152, 153, 154, 155, 157, 159, 163, 165, 166, 167, 168, 169, 171, 172, 182, 183, 185, 187, 189, 192, 193, 196, 197, 200, 201, 202, 203, 206, 207, 209, 210, 230, 231, 233, 235, 237, 240, 241, 244, 247, 248, 249, 250, 251, 252, 254, 256, 257, 264, 265, 266, 268, 269, 271, 272, 274, 275, 276, 277, 278, 279, 280, 282, 284, 286, 293, 294, 295, 297, 298, 300, 301, 302, 303, 305, 307, 308, 309], "excluded_lines": []}}}, "src/shard_markdown/cli/commands/config.py": {"executed_lines": [1, 3, 4, 6, 7, 8, 9, 11, 12, 13, 14, 17, 18, 21, 22, 31, 32, 38, 39, 40, 84, 85, 86, 87, 93, 99, 100, 164, 165, 171, 172, 173, 174, 221, 222, 223, 245], "summary": {"covered_lines": 36, "num_statements": 138, "percent_covered": 26.08695652173913, "percent_covered_display": "26", "missing_lines": 102, "excluded_lines": 0}, "missing_lines": [28, 53, 54, 56, 58, 61, 62, 63, 64, 65, 66, 67, 70, 71, 72, 73, 74, 75, 77, 78, 79, 80, 81, 117, 119, 121, 122, 123, 124, 125, 128, 129, 130, 131, 132, 133, 136, 137, 140, 143, 145, 146, 147, 148, 149, 152, 154, 155, 157, 158, 159, 160, 161, 187, 189, 191, 192, 194, 197, 198, 201, 202, 205, 207, 210, 214, 215, 216, 217, 218, 228, 232, 233, 234, 237, 239, 240, 248, 252, 253, 254, 255, 256, 258, 259, 261, 264, 265, 266, 267, 268, 269, 272, 273, 274, 275, 277, 278, 280, 281, 283, 284], "excluded_lines": [], "functions": {"config": {"executed_lines": [], "summary": {"covered_lines": 0, "num_statements": 1, "percent_covered": 0.0, "percent_covered_display": "0", "missing_lines": 1, "excluded_lines": 0}, "missing_lines": [28], "excluded_lines": []}, "show": {"executed_lines": [], "summary": {"covered_lines": 0, "num_statements": 22, "percent_covered": 0.0, "percent_covered_display": "0", "missing_lines": 22, "excluded_lines": 0}, "missing_lines": [53, 54, 56, 58, 61, 62, 63, 64, 65, 66, 67, 70, 71, 72, 73, 74, 75, 77, 78, 79, 80, 81], "excluded_lines": []}, "set": {"executed_lines": [], "summary": {"covered_lines": 0, "num_statements": 30, "percent_covered": 0.0, "percent_covered_display": "0", "missing_lines": 30, "excluded_lines": 0}, "missing_lines": [117, 119, 121, 122, 123, 124, 125, 128, 129, 130, 131, 132, 133, 136, 137, 140, 143, 145, 146, 147, 148, 149, 152, 154, 155, 157, 158, 159, 160, 161], "excluded_lines": []}, "init": {"executed_lines": [], "summary": {"covered_lines": 0, "num_statements": 17, "percent_covered": 0.0, "percent_covered_display": "0", "missing_lines": 17, "excluded_lines": 0}, "missing_lines": [187, 189, 191, 192, 194, 197, 198, 201, 202, 205, 207, 210, 214, 215, 216, 217, 218], "excluded_lines": []}, "path": {"executed_lines": [], "summary": {"covered_lines": 0, "num_statements": 7, "percent_covered": 0.0, "percent_covered_display": "0", "missing_lines": 7, "excluded_lines": 0}, "missing_lines": [228, 232, 233, 234, 237, 239, 240], "excluded_lines": []}, "_display_config_table": {"executed_lines": [], "summary": {"covered_lines": 0, "num_statements": 18, "percent_covered": 0.0, "percent_covered_display": "0", "missing_lines": 18, "excluded_lines": 0}, "missing_lines": [248, 261, 264, 265, 266, 267, 268, 269, 272, 273, 274, 275, 277, 278, 280, 281, 283, 284], "excluded_lines": []}, "_display_config_table.flatten_dict": {"executed_lines": [], "summary": {"covered_lines": 0, "num_statements": 7, "percent_covered": 0.0, "percent_covered_display": "0", "missing_lines": 7, "excluded_lines": 0}, "missing_lines": [252, 253, 254, 255, 256, 258, 259], "excluded_lines": []}, "": {"executed_lines": [1, 3, 4, 6, 7, 8, 9, 11, 12, 13, 14, 17, 18, 21, 22, 31, 32, 38, 39, 40, 84, 85, 86, 87, 93, 99, 100, 164, 165, 171, 172, 173, 174, 221, 222, 223, 245], "summary": {"covered_lines": 36, "num_statements": 36, "percent_covered": 100.0, "percent_covered_display": "100", "missing_lines": 0, "excluded_lines": 0}, "missing_lines": [], "excluded_lines": []}}, "classes": {"": {"executed_lines": [1, 3, 4, 6, 7, 8, 9, 11, 12, 13, 14, 17, 18, 21, 22, 31, 32, 38, 39, 40, 84, 85, 86, 87, 93, 99, 100, 164, 165, 171, 172, 173, 174, 221, 222, 223, 245], "summary": {"covered_lines": 36, "num_statements": 138, "percent_covered": 26.08695652173913, "percent_covered_display": "26", "missing_lines": 102, "excluded_lines": 0}, "missing_lines": [28, 53, 54, 56, 58, 61, 62, 63, 64, 65, 66, 67, 70, 71, 72, 73, 74, 75, 77, 78, 79, 80, 81, 117, 119, 121, 122, 123, 124, 125, 128, 129, 130, 131, 132, 133, 136, 137, 140, 143, 145, 146, 147, 148, 149, 152, 154, 155, 157, 158, 159, 160, 161, 187, 189, 191, 192, 194, 197, 198, 201, 202, 205, 207, 210, 214, 215, 216, 217, 218, 228, 232, 233, 234, 237, 239, 240, 248, 252, 253, 254, 255, 256, 258, 259, 261, 264, 265, 266, 267, 268, 269, 272, 273, 274, 275, 277, 278, 280, 281, 283, 284], "excluded_lines": []}}}, "src/shard_markdown/cli/commands/process.py": {"executed_lines": [1, 3, 4, 6, 7, 8, 15, 17, 18, 19, 20, 21, 22, 23, 30, 31, 34, 35, 36, 39, 46, 53, 59, 60, 65, 70, 75, 79, 80, 168, 181, 210, 229, 268, 302, 347, 357, 365, 388, 409], "summary": {"covered_lines": 39, "num_statements": 178, "percent_covered": 21.910112359550563, "percent_covered_display": "22", "missing_lines": 139, "excluded_lines": 0}, "missing_lines": [113, 114, 116, 117, 119, 121, 123, 125, 127, 130, 131, 134, 136, 141, 146, 153, 162, 163, 164, 165, 176, 177, 178, 188, 190, 191, 192, 193, 194, 196, 198, 201, 202, 204, 207, 214, 215, 216, 217, 218, 219, 220, 221, 225, 226, 238, 246, 247, 248, 257, 277, 278, 279, 281, 282, 283, 286, 287, 288, 295, 296, 297, 299, 312, 315, 316, 317, 318, 319, 320, 321, 323, 329, 332, 333, 334, 336, 337, 340, 341, 342, 344, 349, 350, 351, 352, 353, 354, 359, 360, 361, 362, 369, 370, 371, 373, 374, 375, 376, 378, 380, 381, 382, 384, 385, 392, 393, 394, 396, 397, 398, 399, 400, 402, 403, 414, 415, 416, 418, 419, 420, 421, 422, 423, 424, 425, 427, 428, 429, 430, 432, 435, 436, 437, 438, 439, 441, 442, 448], "excluded_lines": [], "functions": {"process": {"executed_lines": [], "summary": {"covered_lines": 0, "num_statements": 20, "percent_covered": 0.0, "percent_covered_display": "0", "missing_lines": 20, "excluded_lines": 0}, "missing_lines": [113, 114, 116, 117, 119, 121, 123, 125, 127, 130, 131, 134, 136, 141, 146, 153, 162, 163, 164, 165], "excluded_lines": []}, "_validate_and_prepare": {"executed_lines": [], "summary": {"covered_lines": 0, "num_statements": 3, "percent_covered": 0.0, "percent_covered_display": "0", "missing_lines": 3, "excluded_lines": 0}, "missing_lines": [176, 177, 178], "excluded_lines": []}, "_setup_chromadb_and_collection": {"executed_lines": [], "summary": {"covered_lines": 0, "num_statements": 12, "percent_covered": 0.0, "percent_covered_display": "0", "missing_lines": 12, "excluded_lines": 0}, "missing_lines": [188, 190, 191, 192, 193, 194, 196, 198, 201, 202, 204, 207], "excluded_lines": []}, "_handle_collection_clearing": {"executed_lines": [], "summary": {"covered_lines": 0, "num_statements": 10, "percent_covered": 0.0, "percent_covered_display": "0", "missing_lines": 10, "excluded_lines": 0}, "missing_lines": [214, 215, 216, 217, 218, 219, 220, 221, 225, 226], "excluded_lines": []}, "_process_files_with_progress": {"executed_lines": [], "summary": {"covered_lines": 0, "num_statements": 5, "percent_covered": 0.0, "percent_covered_display": "0", "missing_lines": 5, "excluded_lines": 0}, "missing_lines": [238, 246, 247, 248, 257], "excluded_lines": []}, "_process_single_file": {"executed_lines": [], "summary": {"covered_lines": 0, "num_statements": 13, "percent_covered": 0.0, "percent_covered_display": "0", "missing_lines": 13, "excluded_lines": 0}, "missing_lines": [277, 278, 279, 281, 282, 283, 286, 287, 288, 295, 296, 297, 299], "excluded_lines": []}, "_process_batch_files": {"executed_lines": [], "summary": {"covered_lines": 0, "num_statements": 19, "percent_covered": 0.0, "percent_covered_display": "0", "missing_lines": 19, "excluded_lines": 0}, "missing_lines": [312, 315, 316, 317, 318, 319, 320, 321, 323, 329, 332, 333, 334, 336, 337, 340, 341, 342, 344], "excluded_lines": []}, "_handle_shard_error": {"executed_lines": [], "summary": {"covered_lines": 0, "num_statements": 6, "percent_covered": 0.0, "percent_covered_display": "0", "missing_lines": 6, "excluded_lines": 0}, "missing_lines": [349, 350, 351, 352, 353, 354], "excluded_lines": []}, "_handle_unexpected_error": {"executed_lines": [], "summary": {"covered_lines": 0, "num_statements": 4, "percent_covered": 0.0, "percent_covered_display": "0", "missing_lines": 4, "excluded_lines": 0}, "missing_lines": [359, 360, 361, 362], "excluded_lines": []}, "_show_dry_run_preview": {"executed_lines": [], "summary": {"covered_lines": 0, "num_statements": 13, "percent_covered": 0.0, "percent_covered_display": "0", "missing_lines": 13, "excluded_lines": 0}, "missing_lines": [369, 370, 371, 373, 374, 375, 376, 378, 380, 381, 382, 384, 385], "excluded_lines": []}, "_display_single_result": {"executed_lines": [], "summary": {"covered_lines": 0, "num_statements": 10, "percent_covered": 0.0, "percent_covered_display": "0", "missing_lines": 10, "excluded_lines": 0}, "missing_lines": [392, 393, 394, 396, 397, 398, 399, 400, 402, 403], "excluded_lines": []}, "_display_batch_results": {"executed_lines": [], "summary": {"covered_lines": 0, "num_statements": 24, "percent_covered": 0.0, "percent_covered_display": "0", "missing_lines": 24, "excluded_lines": 0}, "missing_lines": [414, 415, 416, 418, 419, 420, 421, 422, 423, 424, 425, 427, 428, 429, 430, 432, 435, 436, 437, 438, 439, 441, 442, 448], "excluded_lines": []}, "": {"executed_lines": [1, 3, 4, 6, 7, 8, 15, 17, 18, 19, 20, 21, 22, 23, 30, 31, 34, 35, 36, 39, 46, 53, 59, 60, 65, 70, 75, 79, 80, 168, 181, 210, 229, 268, 302, 347, 357, 365, 388, 409], "summary": {"covered_lines": 39, "num_statements": 39, "percent_covered": 100.0, "percent_covered_display": "100", "missing_lines": 0, "excluded_lines": 0}, "missing_lines": [], "excluded_lines": []}}, "classes": {"": {"executed_lines": [1, 3, 4, 6, 7, 8, 15, 17, 18, 19, 20, 21, 22, 23, 30, 31, 34, 35, 36, 39, 46, 53, 59, 60, 65, 70, 75, 79, 80, 168, 181, 210, 229, 268, 302, 347, 357, 365, 388, 409], "summary": {"covered_lines": 39, "num_statements": 178, "percent_covered": 21.910112359550563, "percent_covered_display": "22", "missing_lines": 139, "excluded_lines": 0}, "missing_lines": [113, 114, 116, 117, 119, 121, 123, 125, 127, 130, 131, 134, 136, 141, 146, 153, 162, 163, 164, 165, 176, 177, 178, 188, 190, 191, 192, 193, 194, 196, 198, 201, 202, 204, 207, 214, 215, 216, 217, 218, 219, 220, 221, 225, 226, 238, 246, 247, 248, 257, 277, 278, 279, 281, 282, 283, 286, 287, 288, 295, 296, 297, 299, 312, 315, 316, 317, 318, 319, 320, 321, 323, 329, 332, 333, 334, 336, 337, 340, 341, 342, 344, 349, 350, 351, 352, 353, 354, 359, 360, 361, 362, 369, 370, 371, 373, 374, 375, 376, 378, 380, 381, 382, 384, 385, 392, 393, 394, 396, 397, 398, 399, 400, 402, 403, 414, 415, 416, 418, 419, 420, 421, 422, 423, 424, 425, 427, 428, 429, 430, 432, 435, 436, 437, 438, 439, 441, 442, 448], "excluded_lines": []}}}, "src/shard_markdown/cli/commands/query.py": {"executed_lines": [1, 3, 4, 6, 7, 8, 10, 11, 12, 15, 16, 19, 32, 40, 41, 58, 59, 60, 61, 68, 74, 80, 87, 88, 147, 148, 149, 150, 157, 163, 164, 224, 283, 307, 335], "summary": {"covered_lines": 34, "num_statements": 164, "percent_covered": 20.73170731707317, "percent_covered_display": "21", "missing_lines": 130, "excluded_lines": 0}, "missing_lines": [21, 22, 23, 24, 25, 26, 27, 28, 29, 34, 35, 36, 37, 55, 98, 99, 101, 103, 106, 107, 108, 109, 112, 116, 117, 118, 119, 122, 123, 124, 127, 128, 131, 132, 133, 134, 135, 137, 138, 140, 141, 143, 144, 172, 173, 175, 177, 180, 181, 182, 183, 186, 191, 192, 198, 199, 202, 203, 204, 207, 208, 209, 210, 211, 212, 213, 215, 216, 218, 220, 221, 228, 229, 230, 231, 232, 234, 235, 237, 238, 239, 240, 242, 246, 247, 248, 251, 252, 254, 256, 257, 258, 260, 265, 272, 273, 274, 276, 278, 280, 285, 286, 287, 289, 290, 291, 293, 294, 296, 297, 298, 300, 303, 304, 311, 312, 313, 314, 316, 317, 320, 327, 328, 330, 332, 339, 341, 344, 345, 347], "excluded_lines": [], "functions": {"_handle_chromadb_errors": {"executed_lines": [], "summary": {"covered_lines": 0, "num_statements": 9, "percent_covered": 0.0, "percent_covered_display": "0", "missing_lines": 9, "excluded_lines": 0}, "missing_lines": [21, 22, 23, 24, 25, 26, 27, 28, 29], "excluded_lines": []}, "_get_connected_chromadb_client": {"executed_lines": [], "summary": {"covered_lines": 0, "num_statements": 4, "percent_covered": 0.0, "percent_covered_display": "0", "missing_lines": 4, "excluded_lines": 0}, "missing_lines": [34, 35, 36, 37], "excluded_lines": []}, "query": {"executed_lines": [], "summary": {"covered_lines": 0, "num_statements": 1, "percent_covered": 0.0, "percent_covered_display": "0", "missing_lines": 1, "excluded_lines": 0}, "missing_lines": [55], "excluded_lines": []}, "search": {"executed_lines": [], "summary": {"covered_lines": 0, "num_statements": 29, "percent_covered": 0.0, "percent_covered_display": "0", "missing_lines": 29, "excluded_lines": 0}, "missing_lines": [98, 99, 101, 103, 106, 107, 108, 109, 112, 116, 117, 118, 119, 122, 123, 124, 127, 128, 131, 132, 133, 134, 135, 137, 138, 140, 141, 143, 144], "excluded_lines": []}, "get": {"executed_lines": [], "summary": {"covered_lines": 0, "num_statements": 28, "percent_covered": 0.0, "percent_covered_display": "0", "missing_lines": 28, "excluded_lines": 0}, "missing_lines": [172, 173, 175, 177, 180, 181, 182, 183, 186, 191, 192, 198, 199, 202, 203, 204, 207, 208, 209, 210, 211, 212, 213, 215, 216, 218, 220, 221], "excluded_lines": []}, "_display_search_results_table": {"executed_lines": [], "summary": {"covered_lines": 0, "num_statements": 29, "percent_covered": 0.0, "percent_covered_display": "0", "missing_lines": 29, "excluded_lines": 0}, "missing_lines": [228, 229, 230, 231, 232, 234, 235, 237, 238, 239, 240, 242, 246, 247, 248, 251, 252, 254, 256, 257, 258, 260, 265, 272, 273, 274, 276, 278, 280], "excluded_lines": []}, "_display_document_table": {"executed_lines": [], "summary": {"covered_lines": 0, "num_statements": 14, "percent_covered": 0.0, "percent_covered_display": "0", "missing_lines": 14, "excluded_lines": 0}, "missing_lines": [285, 286, 287, 289, 290, 291, 293, 294, 296, 297, 298, 300, 303, 304], "excluded_lines": []}, "_format_search_results": {"executed_lines": [], "summary": {"covered_lines": 0, "num_statements": 11, "percent_covered": 0.0, "percent_covered_display": "0", "missing_lines": 11, "excluded_lines": 0}, "missing_lines": [311, 312, 313, 314, 316, 317, 320, 327, 328, 330, 332], "excluded_lines": []}, "_format_document_result": {"executed_lines": [], "summary": {"covered_lines": 0, "num_statements": 5, "percent_covered": 0.0, "percent_covered_display": "0", "missing_lines": 5, "excluded_lines": 0}, "missing_lines": [339, 341, 344, 345, 347], "excluded_lines": []}, "": {"executed_lines": [1, 3, 4, 6, 7, 8, 10, 11, 12, 15, 16, 19, 32, 40, 41, 58, 59, 60, 61, 68, 74, 80, 87, 88, 147, 148, 149, 150, 157, 163, 164, 224, 283, 307, 335], "summary": {"covered_lines": 34, "num_statements": 34, "percent_covered": 100.0, "percent_covered_display": "100", "missing_lines": 0, "excluded_lines": 0}, "missing_lines": [], "excluded_lines": []}}, "classes": {"": {"executed_lines": [1, 3, 4, 6, 7, 8, 10, 11, 12, 15, 16, 19, 32, 40, 41, 58, 59, 60, 61, 68, 74, 80, 87, 88, 147, 148, 149, 150, 157, 163, 164, 224, 283, 307, 335], "summary": {"covered_lines": 34, "num_statements": 164, "percent_covered": 20.73170731707317, "percent_covered_display": "21", "missing_lines": 130, "excluded_lines": 0}, "missing_lines": [21, 22, 23, 24, 25, 26, 27, 28, 29, 34, 35, 36, 37, 55, 98, 99, 101, 103, 106, 107, 108, 109, 112, 116, 117, 118, 119, 122, 123, 124, 127, 128, 131, 132, 133, 134, 135, 137, 138, 140, 141, 143, 144, 172, 173, 175, 177, 180, 181, 182, 183, 186, 191, 192, 198, 199, 202, 203, 204, 207, 208, 209, 210, 211, 212, 213, 215, 216, 218, 220, 221, 228, 229, 230, 231, 232, 234, 235, 237, 238, 239, 240, 242, 246, 247, 248, 251, 252, 254, 256, 257, 258, 260, 265, 272, 273, 274, 276, 278, 280, 285, 286, 287, 289, 290, 291, 293, 294, 296, 297, 298, 300, 303, 304, 311, 312, 313, 314, 316, 317, 320, 327, 328, 330, 332, 339, 341, 344, 345, 347], "excluded_lines": []}}}, "src/shard_markdown/cli/main.py": {"executed_lines": [1, 3, 4, 6, 7, 8, 10, 11, 12, 16, 18, 21, 22, 25, 31, 32, 33, 34, 35, 91, 92, 93, 100, 101, 102, 103, 106, 111], "summary": {"covered_lines": 26, "num_statements": 46, "percent_covered": 56.52173913043478, "percent_covered_display": "57", "missing_lines": 20, "excluded_lines": 2}, "missing_lines": [57, 59, 61, 62, 63, 66, 69, 71, 79, 80, 81, 83, 84, 85, 86, 87, 88, 95, 96, 108], "excluded_lines": [111, 112], "functions": {"cli": {"executed_lines": [], "summary": {"covered_lines": 0, "num_statements": 17, "percent_covered": 0.0, "percent_covered_display": "0", "missing_lines": 17, "excluded_lines": 0}, "missing_lines": [57, 59, 61, 62, 63, 66, 69, 71, 79, 80, 81, 83, 84, 85, 86, 87, 88], "excluded_lines": []}, "version": {"executed_lines": [], "summary": {"covered_lines": 0, "num_statements": 2, "percent_covered": 0.0, "percent_covered_display": "0", "missing_lines": 2, "excluded_lines": 0}, "missing_lines": [95, 96], "excluded_lines": []}, "main": {"executed_lines": [], "summary": {"covered_lines": 0, "num_statements": 1, "percent_covered": 0.0, "percent_covered_display": "0", "missing_lines": 1, "excluded_lines": 0}, "missing_lines": [108], "excluded_lines": []}, "": {"executed_lines": [1, 3, 4, 6, 7, 8, 10, 11, 12, 16, 18, 21, 22, 25, 31, 32, 33, 34, 35, 91, 92, 93, 100, 101, 102, 103, 106, 111], "summary": {"covered_lines": 26, "num_statements": 26, "percent_covered": 100.0, "percent_covered_display": "100", "missing_lines": 0, "excluded_lines": 2}, "missing_lines": [], "excluded_lines": [111, 112]}}, "classes": {"": {"executed_lines": [1, 3, 4, 6, 7, 8, 10, 11, 12, 16, 18, 21, 22, 25, 31, 32, 33, 34, 35, 91, 92, 93, 100, 101, 102, 103, 106, 111], "summary": {"covered_lines": 26, "num_statements": 46, "percent_covered": 56.52173913043478, "percent_covered_display": "57", "missing_lines": 20, "excluded_lines": 2}, "missing_lines": [57, 59, 61, 62, 63, 66, 69, 71, 79, 80, 81, 83, 84, 85, 86, 87, 88, 95, 96, 108], "excluded_lines": [111, 112]}}}, "src/shard_markdown/config/__init__.py": {"executed_lines": [1, 3, 4, 7], "summary": {"covered_lines": 3, "num_statements": 3, "percent_covered": 100.0, "percent_covered_display": "100", "missing_lines": 0, "excluded_lines": 0}, "missing_lines": [], "excluded_lines": [], "functions": {"": {"executed_lines": [1, 3, 4, 7], "summary": {"covered_lines": 3, "num_statements": 3, "percent_covered": 100.0, "percent_covered_display": "100", "missing_lines": 0, "excluded_lines": 0}, "missing_lines": [], "excluded_lines": []}}, "classes": {"": {"executed_lines": [1, 3, 4, 7], "summary": {"covered_lines": 3, "num_statements": 3, "percent_covered": 100.0, "percent_covered_display": "100", "missing_lines": 0, "excluded_lines": 0}, "missing_lines": [], "excluded_lines": []}}}, "src/shard_markdown/config/defaults.py": {"executed_lines": [1, 3, 7, 14, 48, 60, 61, 62], "summary": {"covered_lines": 7, "num_statements": 7, "percent_covered": 100.0, "percent_covered_display": "100", "missing_lines": 0, "excluded_lines": 0}, "missing_lines": [], "excluded_lines": [], "functions": {"": {"executed_lines": [1, 3, 7, 14, 48, 60, 61, 62], "summary": {"covered_lines": 7, "num_statements": 7, "percent_covered": 100.0, "percent_covered_display": "100", "missing_lines": 0, "excluded_lines": 0}, "missing_lines": [], "excluded_lines": []}}, "classes": {"": {"executed_lines": [1, 3, 7, 14, 48, 60, 61, 62], "summary": {"covered_lines": 7, "num_statements": 7, "percent_covered": 100.0, "percent_covered_display": "100", "missing_lines": 0, "excluded_lines": 0}, "missing_lines": [], "excluded_lines": []}}}, "src/shard_markdown/config/loader.py": {"executed_lines": [1, 3, 4, 5, 7, 8, 10, 11, 12, 15, 57, 75, 96, 108, 132], "summary": {"covered_lines": 14, "num_statements": 55, "percent_covered": 25.454545454545453, "percent_covered_display": "25", "missing_lines": 41, "excluded_lines": 0}, "missing_lines": [29, 33, 34, 35, 36, 38, 41, 44, 45, 48, 51, 52, 53, 54, 65, 68, 71, 72, 85, 86, 89, 92, 93, 102, 103, 104, 105, 120, 121, 122, 123, 124, 125, 128, 129, 144, 146, 147, 148, 150, 152], "excluded_lines": [], "functions": {"load_config": {"executed_lines": [], "summary": {"covered_lines": 0, "num_statements": 14, "percent_covered": 0.0, "percent_covered_display": "0", "missing_lines": 14, "excluded_lines": 0}, "missing_lines": [29, 33, 34, 35, 36, 38, 41, 44, 45, 48, 51, 52, 53, 54], "excluded_lines": []}, "save_config": {"executed_lines": [], "summary": {"covered_lines": 0, "num_statements": 4, "percent_covered": 0.0, "percent_covered_display": "0", "missing_lines": 4, "excluded_lines": 0}, "missing_lines": [65, 68, 71, 72], "excluded_lines": []}, "create_default_config": {"executed_lines": [], "summary": {"covered_lines": 0, "num_statements": 5, "percent_covered": 0.0, "percent_covered_display": "0", "missing_lines": 5, "excluded_lines": 0}, "missing_lines": [85, 86, 89, 92, 93], "excluded_lines": []}, "_find_config_file": {"executed_lines": [], "summary": {"covered_lines": 0, "num_statements": 4, "percent_covered": 0.0, "percent_covered_display": "0", "missing_lines": 4, "excluded_lines": 0}, "missing_lines": [102, 103, 104, 105], "excluded_lines": []}, "_load_config_file": {"executed_lines": [], "summary": {"covered_lines": 0, "num_statements": 8, "percent_covered": 0.0, "percent_covered_display": "0", "missing_lines": 8, "excluded_lines": 0}, "missing_lines": [120, 121, 122, 123, 124, 125, 128, 129], "excluded_lines": []}, "_apply_env_overrides": {"executed_lines": [], "summary": {"covered_lines": 0, "num_statements": 6, "percent_covered": 0.0, "percent_covered_display": "0", "missing_lines": 6, "excluded_lines": 0}, "missing_lines": [144, 146, 147, 148, 150, 152], "excluded_lines": []}, "": {"executed_lines": [1, 3, 4, 5, 7, 8, 10, 11, 12, 15, 57, 75, 96, 108, 132], "summary": {"covered_lines": 14, "num_statements": 14, "percent_covered": 100.0, "percent_covered_display": "100", "missing_lines": 0, "excluded_lines": 0}, "missing_lines": [], "excluded_lines": []}}, "classes": {"": {"executed_lines": [1, 3, 4, 5, 7, 8, 10, 11, 12, 15, 57, 75, 96, 108, 132], "summary": {"covered_lines": 14, "num_statements": 55, "percent_covered": 25.454545454545453, "percent_covered_display": "25", "missing_lines": 41, "excluded_lines": 0}, "missing_lines": [29, 33, 34, 35, 36, 38, 41, 44, 45, 48, 51, 52, 53, 54, 65, 68, 71, 72, 85, 86, 89, 92, 93, 102, 103, 104, 105, 120, 121, 122, 123, 124, 125, 128, 129, 144, 146, 147, 148, 150, 152], "excluded_lines": []}}}, "src/shard_markdown/config/settings.py": {"executed_lines": [1, 3, 4, 5, 6, 7, 9, 12, 13, 15, 16, 17, 20, 21, 23, 24, 25, 26, 27, 29, 30, 31, 73, 74, 76, 82, 88, 91, 94, 98, 99, 100, 107, 108, 110, 116, 119, 122, 125, 130, 131, 133, 134, 138, 139, 143, 148, 149, 151, 152, 153, 154, 157, 161, 165], "summary": {"covered_lines": 48, "num_statements": 68, "percent_covered": 70.58823529411765, "percent_covered_display": "71", "missing_lines": 20, "excluded_lines": 0}, "missing_lines": [33, 34, 36, 39, 40, 41, 42, 43, 46, 47, 52, 53, 54, 59, 65, 66, 70, 102, 103, 104], "excluded_lines": [], "functions": {"ChromaDBConfig.validate_host": {"executed_lines": [], "summary": {"covered_lines": 0, "num_statements": 17, "percent_covered": 0.0, "percent_covered_display": "0", "missing_lines": 17, "excluded_lines": 0}, "missing_lines": [33, 34, 36, 39, 40, 41, 42, 43, 46, 47, 52, 53, 54, 59, 65, 66, 70], "excluded_lines": []}, "ChunkingConfig.validate_overlap": {"executed_lines": [], "summary": {"covered_lines": 0, "num_statements": 3, "percent_covered": 0.0, "percent_covered_display": "0", "missing_lines": 3, "excluded_lines": 0}, "missing_lines": [102, 103, 104], "excluded_lines": []}, "": {"executed_lines": [1, 3, 4, 5, 6, 7, 9, 12, 13, 15, 16, 17, 20, 21, 23, 24, 25, 26, 27, 29, 30, 31, 73, 74, 76, 82, 88, 91, 94, 98, 99, 100, 107, 108, 110, 116, 119, 122, 125, 130, 131, 133, 134, 138, 139, 143, 148, 149, 151, 152, 153, 154, 157, 161, 165], "summary": {"covered_lines": 48, "num_statements": 48, "percent_covered": 100.0, "percent_covered_display": "100", "missing_lines": 0, "excluded_lines": 0}, "missing_lines": [], "excluded_lines": []}}, "classes": {"ChunkingMethod": {"executed_lines": [], "summary": {"covered_lines": 0, "num_statements": 0, "percent_covered": 100.0, "percent_covered_display": "100", "missing_lines": 0, "excluded_lines": 0}, "missing_lines": [], "excluded_lines": []}, "ChromaDBConfig": {"executed_lines": [], "summary": {"covered_lines": 0, "num_statements": 17, "percent_covered": 0.0, "percent_covered_display": "0", "missing_lines": 17, "excluded_lines": 0}, "missing_lines": [33, 34, 36, 39, 40, 41, 42, 43, 46, 47, 52, 53, 54, 59, 65, 66, 70], "excluded_lines": []}, "ChunkingConfig": {"executed_lines": [], "summary": {"covered_lines": 0, "num_statements": 3, "percent_covered": 0.0, "percent_covered_display": "0", "missing_lines": 3, "excluded_lines": 0}, "missing_lines": [102, 103, 104], "excluded_lines": []}, "ProcessingConfig": {"executed_lines": [], "summary": {"covered_lines": 0, "num_statements": 0, "percent_covered": 100.0, "percent_covered_display": "100", "missing_lines": 0, "excluded_lines": 0}, "missing_lines": [], "excluded_lines": []}, "LoggingConfig": {"executed_lines": [], "summary": {"covered_lines": 0, "num_statements": 0, "percent_covered": 100.0, "percent_covered_display": "100", "missing_lines": 0, "excluded_lines": 0}, "missing_lines": [], "excluded_lines": []}, "AppConfig": {"executed_lines": [], "summary": {"covered_lines": 0, "num_statements": 0, "percent_covered": 100.0, "percent_covered_display": "100", "missing_lines": 0, "excluded_lines": 0}, "missing_lines": [], "excluded_lines": []}, "": {"executed_lines": [1, 3, 4, 5, 6, 7, 9, 12, 13, 15, 16, 17, 20, 21, 23, 24, 25, 26, 27, 29, 30, 31, 73, 74, 76, 82, 88, 91, 94, 98, 99, 100, 107, 108, 110, 116, 119, 122, 125, 130, 131, 133, 134, 138, 139, 143, 148, 149, 151, 152, 153, 154, 157, 161, 165], "summary": {"covered_lines": 48, "num_statements": 48, "percent_covered": 100.0, "percent_covered_display": "100", "missing_lines": 0, "excluded_lines": 0}, "missing_lines": [], "excluded_lines": []}}}, "src/shard_markdown/config/utils.py": {"executed_lines": [1, 7, 10], "summary": {"covered_lines": 2, "num_statements": 9, "percent_covered": 22.22222222222222, "percent_covered_display": "22", "missing_lines": 7, "excluded_lines": 0}, "missing_lines": [18, 19, 22, 23, 24, 25, 28], "excluded_lines": [], "functions": {"set_nested_value": {"executed_lines": [], "summary": {"covered_lines": 0, "num_statements": 7, "percent_covered": 0.0, "percent_covered_display": "0", "missing_lines": 7, "excluded_lines": 0}, "missing_lines": [18, 19, 22, 23, 24, 25, 28], "excluded_lines": []}, "": {"executed_lines": [1, 7, 10], "summary": {"covered_lines": 2, "num_statements": 2, "percent_covered": 100.0, "percent_covered_display": "100", "missing_lines": 0, "excluded_lines": 0}, "missing_lines": [], "excluded_lines": []}}, "classes": {"": {"executed_lines": [1, 7, 10], "summary": {"covered_lines": 2, "num_statements": 9, "percent_covered": 22.22222222222222, "percent_covered_display": "22", "missing_lines": 7, "excluded_lines": 0}, "missing_lines": [18, 19, 22, 23, 24, 25, 28], "excluded_lines": []}}}, "src/shard_markdown/core/__init__.py": {"executed_lines": [1, 3, 4, 5, 8], "summary": {"covered_lines": 4, "num_statements": 4, "percent_covered": 100.0, "percent_covered_display": "100", "missing_lines": 0, "excluded_lines": 0}, "missing_lines": [], "excluded_lines": [], "functions": {"": {"executed_lines": [1, 3, 4, 5, 8], "summary": {"covered_lines": 4, "num_statements": 4, "percent_covered": 100.0, "percent_covered_display": "100", "missing_lines": 0, "excluded_lines": 0}, "missing_lines": [], "excluded_lines": []}}, "classes": {"": {"executed_lines": [1, 3, 4, 5, 8], "summary": {"covered_lines": 4, "num_statements": 4, "percent_covered": 100.0, "percent_covered_display": "100", "missing_lines": 0, "excluded_lines": 0}, "missing_lines": [], "excluded_lines": []}}}, "src/shard_markdown/core/chunking/__init__.py": {"executed_lines": [1, 3, 4, 5, 6, 9], "summary": {"covered_lines": 5, "num_statements": 5, "percent_covered": 100.0, "percent_covered_display": "100", "missing_lines": 0, "excluded_lines": 0}, "missing_lines": [], "excluded_lines": [], "functions": {"": {"executed_lines": [1, 3, 4, 5, 6, 9], "summary": {"covered_lines": 5, "num_statements": 5, "percent_covered": 100.0, "percent_covered_display": "100", "missing_lines": 0, "excluded_lines": 0}, "missing_lines": [], "excluded_lines": []}}, "classes": {"": {"executed_lines": [1, 3, 4, 5, 6, 9], "summary": {"covered_lines": 5, "num_statements": 5, "percent_covered": 100.0, "percent_covered_display": "100", "missing_lines": 0, "excluded_lines": 0}, "missing_lines": [], "excluded_lines": []}}}, "src/shard_markdown/core/chunking/base.py": {"executed_lines": [1, 3, 5, 8, 9, 11, 19, 20, 31, 59], "summary": {"covered_lines": 6, "num_statements": 18, "percent_covered": 33.333333333333336, "percent_covered_display": "33", "missing_lines": 12, "excluded_lines": 11}, "missing_lines": [17, 45, 52, 68, 69, 72, 75, 76, 77, 78, 79, 82], "excluded_lines": [19, 20, 21, 22, 23, 24, 25, 26, 27, 28, 29], "functions": {"BaseChunker.__init__": {"executed_lines": [], "summary": {"covered_lines": 0, "num_statements": 1, "percent_covered": 0.0, "percent_covered_display": "0", "missing_lines": 1, "excluded_lines": 0}, "missing_lines": [17], "excluded_lines": []}, "BaseChunker.chunk_document": {"executed_lines": [], "summary": {"covered_lines": 0, "num_statements": 0, "percent_covered": 100.0, "percent_covered_display": "100", "missing_lines": 0, "excluded_lines": 9}, "missing_lines": [], "excluded_lines": [21, 22, 23, 24, 25, 26, 27, 28, 29]}, "BaseChunker._create_chunk": {"executed_lines": [], "summary": {"covered_lines": 0, "num_statements": 2, "percent_covered": 0.0, "percent_covered_display": "0", "missing_lines": 2, "excluded_lines": 0}, "missing_lines": [45, 52], "excluded_lines": []}, "BaseChunker._get_overlap_content": {"executed_lines": [], "summary": {"covered_lines": 0, "num_statements": 9, "percent_covered": 0.0, "percent_covered_display": "0", "missing_lines": 9, "excluded_lines": 0}, "missing_lines": [68, 69, 72, 75, 76, 77, 78, 79, 82], "excluded_lines": []}, "": {"executed_lines": [1, 3, 5, 8, 9, 11, 19, 20, 31, 59], "summary": {"covered_lines": 6, "num_statements": 6, "percent_covered": 100.0, "percent_covered_display": "100", "missing_lines": 0, "excluded_lines": 2}, "missing_lines": [], "excluded_lines": [19, 20]}}, "classes": {"BaseChunker": {"executed_lines": [], "summary": {"covered_lines": 0, "num_statements": 12, "percent_covered": 0.0, "percent_covered_display": "0", "missing_lines": 12, "excluded_lines": 9}, "missing_lines": [17, 45, 52, 68, 69, 72, 75, 76, 77, 78, 79, 82], "excluded_lines": [21, 22, 23, 24, 25, 26, 27, 28, 29]}, "": {"executed_lines": [1, 3, 5, 8, 9, 11, 19, 20, 31, 59], "summary": {"covered_lines": 6, "num_statements": 6, "percent_covered": 100.0, "percent_covered_display": "100", "missing_lines": 0, "excluded_lines": 2}, "missing_lines": [], "excluded_lines": [19, 20]}}}, "src/shard_markdown/core/chunking/engine.py": {"executed_lines": [1, 3, 4, 5, 6, 7, 10, 13, 14, 16, 28, 82], "summary": {"covered_lines": 10, "num_statements": 42, "percent_covered": 23.80952380952381, "percent_covered_display": "24", "missing_lines": 32, "excluded_lines": 0}, "missing_lines": [22, 23, 40, 41, 42, 44, 45, 46, 55, 56, 57, 60, 63, 64, 65, 66, 68, 69, 71, 72, 73, 75, 91, 92, 95, 98, 99, 106, 107, 111, 112, 122], "excluded_lines": [], "functions": {"ChunkingEngine.__init__": {"executed_lines": [], "summary": {"covered_lines": 0, "num_statements": 2, "percent_covered": 0.0, "percent_covered_display": "0", "missing_lines": 2, "excluded_lines": 0}, "missing_lines": [22, 23], "excluded_lines": []}, "ChunkingEngine.chunk_document": {"executed_lines": [], "summary": {"covered_lines": 0, "num_statements": 20, "percent_covered": 0.0, "percent_covered_display": "0", "missing_lines": 20, "excluded_lines": 0}, "missing_lines": [40, 41, 42, 44, 45, 46, 55, 56, 57, 60, 63, 64, 65, 66, 68, 69, 71, 72, 73, 75], "excluded_lines": []}, "ChunkingEngine._validate_chunks": {"executed_lines": [], "summary": {"covered_lines": 0, "num_statements": 10, "percent_covered": 0.0, "percent_covered_display": "0", "missing_lines": 10, "excluded_lines": 0}, "missing_lines": [91, 92, 95, 98, 99, 106, 107, 111, 112, 122], "excluded_lines": []}, "": {"executed_lines": [1, 3, 4, 5, 6, 7, 10, 13, 14, 16, 28, 82], "summary": {"covered_lines": 10, "num_statements": 10, "percent_covered": 100.0, "percent_covered_display": "100", "missing_lines": 0, "excluded_lines": 0}, "missing_lines": [], "excluded_lines": []}}, "classes": {"ChunkingEngine": {"executed_lines": [], "summary": {"covered_lines": 0, "num_statements": 32, "percent_covered": 0.0, "percent_covered_display": "0", "missing_lines": 32, "excluded_lines": 0}, "missing_lines": [22, 23, 40, 41, 42, 44, 45, 46, 55, 56, 57, 60, 63, 64, 65, 66, 68, 69, 71, 72, 73, 75, 91, 92, 95, 98, 99, 106, 107, 111, 112, 122], "excluded_lines": []}, "": {"executed_lines": [1, 3, 4, 5, 6, 7, 10, 13, 14, 16, 28, 82], "summary": {"covered_lines": 10, "num_statements": 10, "percent_covered": 100.0, "percent_covered_display": "100", "missing_lines": 0, "excluded_lines": 0}, "missing_lines": [], "excluded_lines": []}}}, "src/shard_markdown/core/chunking/fixed.py": {"executed_lines": [1, 3, 4, 5, 8, 11, 12, 14, 71, 102], "summary": {"covered_lines": 8, "num_statements": 52, "percent_covered": 15.384615384615385, "percent_covered_display": "15", "missing_lines": 44, "excluded_lines": 0}, "missing_lines": [23, 24, 27, 29, 30, 32, 33, 35, 37, 40, 42, 45, 46, 47, 50, 52, 53, 56, 59, 60, 62, 65, 66, 68, 69, 80, 82, 83, 84, 85, 86, 87, 88, 89, 90, 91, 92, 93, 94, 96, 98, 100, 108, 109], "excluded_lines": [], "functions": {"FixedSizeChunker.chunk_document": {"executed_lines": [], "summary": {"covered_lines": 0, "num_statements": 25, "percent_covered": 0.0, "percent_covered_display": "0", "missing_lines": 25, "excluded_lines": 0}, "missing_lines": [23, 24, 27, 29, 30, 32, 33, 35, 37, 40, 42, 45, 46, 47, 50, 52, 53, 56, 59, 60, 62, 65, 66, 68, 69], "excluded_lines": []}, "FixedSizeChunker._ast_to_text": {"executed_lines": [], "summary": {"covered_lines": 0, "num_statements": 17, "percent_covered": 0.0, "percent_covered_display": "0", "missing_lines": 17, "excluded_lines": 0}, "missing_lines": [80, 82, 83, 84, 85, 86, 87, 88, 89, 90, 91, 92, 93, 94, 96, 98, 100], "excluded_lines": []}, "FixedSizeChunker.get_chunker_info": {"executed_lines": [], "summary": {"covered_lines": 0, "num_statements": 2, "percent_covered": 0.0, "percent_covered_display": "0", "missing_lines": 2, "excluded_lines": 0}, "missing_lines": [108, 109], "excluded_lines": []}, "": {"executed_lines": [1, 3, 4, 5, 8, 11, 12, 14, 71, 102], "summary": {"covered_lines": 8, "num_statements": 8, "percent_covered": 100.0, "percent_covered_display": "100", "missing_lines": 0, "excluded_lines": 0}, "missing_lines": [], "excluded_lines": []}}, "classes": {"FixedSizeChunker": {"executed_lines": [], "summary": {"covered_lines": 0, "num_statements": 44, "percent_covered": 0.0, "percent_covered_display": "0", "missing_lines": 44, "excluded_lines": 0}, "missing_lines": [23, 24, 27, 29, 30, 32, 33, 35, 37, 40, 42, 45, 46, 47, 50, 52, 53, 56, 59, 60, 62, 65, 66, 68, 69, 80, 82, 83, 84, 85, 86, 87, 88, 89, 90, 91, 92, 93, 94, 96, 98, 100, 108, 109], "excluded_lines": []}, "": {"executed_lines": [1, 3, 4, 5, 8, 11, 12, 14, 71, 102], "summary": {"covered_lines": 8, "num_statements": 8, "percent_covered": 100.0, "percent_covered_display": "100", "missing_lines": 0, "excluded_lines": 0}, "missing_lines": [], "excluded_lines": []}}}, "src/shard_markdown/core/chunking/structure.py": {"executed_lines": [1, 3, 4, 5, 8, 11, 12, 14, 95, 121], "summary": {"covered_lines": 8, "num_statements": 59, "percent_covered": 13.559322033898304, "percent_covered_display": "14", "missing_lines": 51, "excluded_lines": 0}, "missing_lines": [23, 24, 26, 27, 28, 29, 31, 32, 35, 38, 42, 48, 51, 52, 53, 55, 58, 63, 69, 72, 73, 74, 76, 79, 80, 83, 84, 90, 92, 93, 104, 105, 106, 107, 108, 109, 110, 111, 112, 113, 114, 115, 117, 119, 130, 131, 134, 137, 138, 141, 142], "excluded_lines": [], "functions": {"StructureAwareChunker.chunk_document": {"executed_lines": [], "summary": {"covered_lines": 0, "num_statements": 30, "percent_covered": 0.0, "percent_covered_display": "0", "missing_lines": 30, "excluded_lines": 0}, "missing_lines": [23, 24, 26, 27, 28, 29, 31, 32, 35, 38, 42, 48, 51, 52, 53, 55, 58, 63, 69, 72, 73, 74, 76, 79, 80, 83, 84, 90, 92, 93], "excluded_lines": []}, "StructureAwareChunker._element_to_text": {"executed_lines": [], "summary": {"covered_lines": 0, "num_statements": 14, "percent_covered": 0.0, "percent_covered_display": "0", "missing_lines": 14, "excluded_lines": 0}, "missing_lines": [104, 105, 106, 107, 108, 109, 110, 111, 112, 113, 114, 115, 117, 119], "excluded_lines": []}, "StructureAwareChunker._update_context": {"executed_lines": [], "summary": {"covered_lines": 0, "num_statements": 7, "percent_covered": 0.0, "percent_covered_display": "0", "missing_lines": 7, "excluded_lines": 0}, "missing_lines": [130, 131, 134, 137, 138, 141, 142], "excluded_lines": []}, "": {"executed_lines": [1, 3, 4, 5, 8, 11, 12, 14, 95, 121], "summary": {"covered_lines": 8, "num_statements": 8, "percent_covered": 100.0, "percent_covered_display": "100", "missing_lines": 0, "excluded_lines": 0}, "missing_lines": [], "excluded_lines": []}}, "classes": {"StructureAwareChunker": {"executed_lines": [], "summary": {"covered_lines": 0, "num_statements": 51, "percent_covered": 0.0, "percent_covered_display": "0", "missing_lines": 51, "excluded_lines": 0}, "missing_lines": [23, 24, 26, 27, 28, 29, 31, 32, 35, 38, 42, 48, 51, 52, 53, 55, 58, 63, 69, 72, 73, 74, 76, 79, 80, 83, 84, 90, 92, 93, 104, 105, 106, 107, 108, 109, 110, 111, 112, 113, 114, 115, 117, 119, 130, 131, 134, 137, 138, 141, 142], "excluded_lines": []}, "": {"executed_lines": [1, 3, 4, 5, 8, 11, 12, 14, 95, 121], "summary": {"covered_lines": 8, "num_statements": 8, "percent_covered": 100.0, "percent_covered_display": "100", "missing_lines": 0, "excluded_lines": 0}, "missing_lines": [], "excluded_lines": []}}}, "src/shard_markdown/core/metadata.py": {"executed_lines": [1, 3, 4, 5, 6, 7, 9, 10, 13, 16, 17, 19, 64, 128, 172, 201, 255, 274], "summary": {"covered_lines": 16, "num_statements": 107, "percent_covered": 14.953271028037383, "percent_covered_display": "15", "missing_lines": 91, "excluded_lines": 0}, "missing_lines": [28, 29, 32, 34, 47, 48, 54, 56, 57, 58, 73, 76, 77, 80, 81, 82, 83, 86, 101, 102, 103, 104, 105, 106, 107, 108, 115, 116, 117, 118, 121, 122, 123, 124, 126, 146, 149, 162, 163, 164, 167, 168, 170, 190, 191, 193, 195, 196, 197, 199, 211, 212, 215, 216, 219, 220, 221, 224, 226, 227, 228, 229, 230, 232, 233, 235, 237, 239, 240, 241, 242, 245, 246, 247, 248, 249, 250, 253, 264, 265, 266, 267, 268, 269, 270, 271, 272, 283, 284, 285, 286], "excluded_lines": [], "functions": {"MetadataExtractor.extract_file_metadata": {"executed_lines": [], "summary": {"covered_lines": 0, "num_statements": 10, "percent_covered": 0.0, "percent_covered_display": "0", "missing_lines": 10, "excluded_lines": 0}, "missing_lines": [28, 29, 32, 34, 47, 48, 54, 56, 57, 58], "excluded_lines": []}, "MetadataExtractor.extract_document_metadata": {"executed_lines": [], "summary": {"covered_lines": 0, "num_statements": 25, "percent_covered": 0.0, "percent_covered_display": "0", "missing_lines": 25, "excluded_lines": 0}, "missing_lines": [73, 76, 77, 80, 81, 82, 83, 86, 101, 102, 103, 104, 105, 106, 107, 108, 115, 116, 117, 118, 121, 122, 123, 124, 126], "excluded_lines": []}, "MetadataExtractor.enhance_chunk_metadata": {"executed_lines": [], "summary": {"covered_lines": 0, "num_statements": 8, "percent_covered": 0.0, "percent_covered_display": "0", "missing_lines": 8, "excluded_lines": 0}, "missing_lines": [146, 149, 162, 163, 164, 167, 168, 170], "excluded_lines": []}, "MetadataExtractor.sanitize_metadata_for_chromadb": {"executed_lines": [], "summary": {"covered_lines": 0, "num_statements": 7, "percent_covered": 0.0, "percent_covered_display": "0", "missing_lines": 7, "excluded_lines": 0}, "missing_lines": [190, 191, 193, 195, 196, 197, 199], "excluded_lines": []}, "MetadataExtractor._sanitize_metadata_value": {"executed_lines": [], "summary": {"covered_lines": 0, "num_statements": 28, "percent_covered": 0.0, "percent_covered_display": "0", "missing_lines": 28, "excluded_lines": 0}, "missing_lines": [211, 212, 215, 216, 219, 220, 221, 224, 226, 227, 228, 229, 230, 232, 233, 235, 237, 239, 240, 241, 242, 245, 246, 247, 248, 249, 250, 253], "excluded_lines": []}, "MetadataExtractor._calculate_file_hash": {"executed_lines": [], "summary": {"covered_lines": 0, "num_statements": 9, "percent_covered": 0.0, "percent_covered_display": "0", "missing_lines": 9, "excluded_lines": 0}, "missing_lines": [264, 265, 266, 267, 268, 269, 270, 271, 272], "excluded_lines": []}, "MetadataExtractor._extract_title": {"executed_lines": [], "summary": {"covered_lines": 0, "num_statements": 4, "percent_covered": 0.0, "percent_covered_display": "0", "missing_lines": 4, "excluded_lines": 0}, "missing_lines": [283, 284, 285, 286], "excluded_lines": []}, "": {"executed_lines": [1, 3, 4, 5, 6, 7, 9, 10, 13, 16, 17, 19, 64, 128, 172, 201, 255, 274], "summary": {"covered_lines": 16, "num_statements": 16, "percent_covered": 100.0, "percent_covered_display": "100", "missing_lines": 0, "excluded_lines": 0}, "missing_lines": [], "excluded_lines": []}}, "classes": {"MetadataExtractor": {"executed_lines": [], "summary": {"covered_lines": 0, "num_statements": 91, "percent_covered": 0.0, "percent_covered_display": "0", "missing_lines": 91, "excluded_lines": 0}, "missing_lines": [28, 29, 32, 34, 47, 48, 54, 56, 57, 58, 73, 76, 77, 80, 81, 82, 83, 86, 101, 102, 103, 104, 105, 106, 107, 108, 115, 116, 117, 118, 121, 122, 123, 124, 126, 146, 149, 162, 163, 164, 167, 168, 170, 190, 191, 193, 195, 196, 197, 199, 211, 212, 215, 216, 219, 220, 221, 224, 226, 227, 228, 229, 230, 232, 233, 235, 237, 239, 240, 241, 242, 245, 246, 247, 248, 249, 250, 253, 264, 265, 266, 267, 268, 269, 270, 271, 272, 283, 284, 285, 286], "excluded_lines": []}, "": {"executed_lines": [1, 3, 4, 5, 6, 7, 9, 10, 13, 16, 17, 19, 64, 128, 172, 201, 255, 274], "summary": {"covered_lines": 16, "num_statements": 16, "percent_covered": 100.0, "percent_covered_display": "100", "missing_lines": 0, "excluded_lines": 0}, "missing_lines": [], "excluded_lines": []}}}, "src/shard_markdown/core/models.py": {"executed_lines": [1, 3, 4, 5, 7, 10, 11, 13, 14, 15, 16, 17, 18, 23, 24, 26, 27, 30, 34,
[...]
: {"MarkdownParser.__init__": {"executed_lines": [], "summary": {"covered_lines": 0, "num_statements": 1, "percent_covered": 0.0, "percent_covered_display": "0", "missing_lines": 1, "excluded_lines": 0}, "missing_lines": [22], "excluded_lines": []}, "MarkdownParser.parse": {"executed_lines": [], "summary": {"covered_lines": 0, "num_statements": 14, "percent_covered": 0.0, "percent_covered_display": "0", "missing_lines": 14, "excluded_lines": 0}, "missing_lines": [42, 44, 45, 46, 47, 48, 50, 53, 54, 57, 60, 62, 68, 69], "excluded_lines": []}, "MarkdownParser._extract_elements": {"executed_lines": [], "summary": {"covered_lines": 0, "num_statements": 39, "percent_covered": 0.0, "percent_covered_display": "0", "missing_lines": 39, "excluded_lines": 0}, "missing_lines": [80, 81, 82, 87, 93, 95, 96, 97, 98, 99, 100, 102, 103, 104, 105, 106, 108, 109, 110, 113, 114, 115, 116, 117, 125, 128, 129, 130, 131, 132, 144, 147, 148, 156, 159, 160, 161, 164, 165], "excluded_lines": []}, "MarkdownParser._save_accumulated_text": {"executed_lines": [], "summary": {"covered_lines": 0, "num_statements": 5, "percent_covered": 0.0, "percent_covered_display": "0", "missing_lines": 5, "excluded_lines": 0}, "missing_lines": [171, 172, 173, 174, 182], "excluded_lines": []}, "MarkdownParser._create_code_block": {"executed_lines": [], "summary": {"covered_lines": 0, "num_statements": 7, "percent_covered": 0.0, "percent_covered_display": "0", "missing_lines": 7, "excluded_lines": 0}, "missing_lines": [188, 189, 190, 191, 192, 193, 195], "excluded_lines": []}, "MarkdownParser._extract_metadata_from_headers": {"executed_lines": [], "summary": {"covered_lines": 0, "num_statements": 12, "percent_covered": 0.0, "percent_covered_display": "0", "missing_lines": 12, "excluded_lines": 0}, "missing_lines": [216, 219, 220, 221, 222, 225, 226, 227, 228, 229, 231, 233], "excluded_lines": []}, "MarkdownParser.get_parser_info": {"executed_lines": [], "summary": {"covered_lines": 0, "num_statements": 1, "percent_covered": 0.0, "percent_covered_display": "0", "missing_lines": 1, "excluded_lines": 0}, "missing_lines": [241], "excluded_lines": []}, "": {"executed_lines": [1, 3, 4, 6, 7, 8, 10, 11, 14, 17, 18, 20, 30, 71, 167, 184, 205, 235], "summary": {"covered_lines": 16, "num_statements": 16, "percent_covered": 100.0, "percent_covered_display": "100", "missing_lines": 0, "excluded_lines": 0}, "missing_lines": [], "excluded_lines": []}}, "classes": {"MarkdownParser": {"executed_lines": [], "summary": {"covered_lines": 0, "num_statements": 79, "percent_covered": 0.0, "percent_covered_display": "0", "missing_lines": 79, "excluded_lines": 0}, "missing_lines": [22, 42, 44, 45, 46, 47, 48, 50, 53, 54, 57, 60, 62, 68, 69, 80, 81, 82, 87, 93, 95, 96, 97, 98, 99, 100, 102, 103, 104, 105, 106, 108, 109, 110, 113, 114, 115, 116, 117, 125, 128, 129, 130, 131, 132, 144, 147, 148, 156, 159, 160, 161, 164, 165, 171, 172, 173, 174, 182, 188, 189, 190, 191, 192, 193, 195, 216, 219, 220, 221, 222, 225, 226, 227, 228, 229, 231, 233, 241], "excluded_lines": []}, "": {"executed_lines": [1, 3, 4, 6, 7, 8, 10, 11, 14, 17, 18, 20, 30, 71, 167, 184, 205, 235], "summary": {"covered_lines": 16, "num_statements": 16, "percent_covered": 100.0, "percent_covered_display": "100", "missing_lines": 0, "excluded_lines": 0}, "missing_lines": [], "excluded_lines": []}}}, "src/shard_markdown/core/processor.py": {"executed_lines": [1, 3, 4, 5, 6, 8, 9, 10, 11, 12, 13, 16, 19, 20, 22, 33, 127, 159, 179, 206, 316, 368], "summary": {"covered_lines": 20, "num_statements": 111, "percent_covered": 18.01801801801802, "percent_covered_display": "18", "missing_lines": 91, "excluded_lines": 0}, "missing_lines": [28, 29, 30, 31, 45, 47, 48, 51, 54, 55, 56, 65, 68, 69, 72, 74, 75, 76, 84, 88, 92, 97, 105, 113, 116, 118, 120, 139, 140, 143, 146, 149, 157, 163, 165, 166, 167, 168, 169, 170, 171, 177, 187, 194, 196, 220, 221, 222, 229, 230, 237, 238, 241, 242, 243, 245, 246, 251, 252, 253, 259, 260, 268, 270, 271, 272, 273, 276, 277, 278, 280, 282, 283, 284, 292, 293, 294, 295, 301, 302, 310, 334, 336, 338, 341, 348, 356, 364, 366, 379, 380], "excluded_lines": [], "functions": {"DocumentProcessor.__init__": {"executed_lines": [], "summary": {"covered_lines": 0, "num_statements": 4, "percent_covered": 0.0, "percent_covered_display": "0", "missing_lines": 4, "excluded_lines": 0}, "missing_lines": [28, 29, 30, 31], "excluded_lines": []}, "DocumentProcessor.process_document": {"executed_lines": [], "summary": {"covered_lines": 0, "num_statements": 23, "percent_covered": 0.0, "percent_covered_display": "0", "missing_lines": 23, "excluded_lines": 0}, "missing_lines": [45, 47, 48, 51, 54, 55, 56, 65, 68, 69, 72, 74, 75, 76, 84, 88, 92, 97, 105, 113, 116, 118, 120], "excluded_lines": []}, "DocumentProcessor.process_batch": {"executed_lines": [], "summary": {"covered_lines": 0, "num_statements": 6, "percent_covered": 0.0, "percent_covered_display": "0", "missing_lines": 6, "excluded_lines": 0}, "missing_lines": [139, 140, 143, 146, 149, 157], "excluded_lines": []}, "DocumentProcessor._execute_sequential_processing": {"executed_lines": [], "summary": {"covered_lines": 0, "num_statements": 9, "percent_covered": 0.0, "percent_covered_display": "0", "missing_lines": 9, "excluded_lines": 0}, "missing_lines": [163, 165, 166, 167, 168, 169, 170, 171, 177], "excluded_lines": []}, "DocumentProcessor._calculate_batch_statistics": {"executed_lines": [], "summary": {"covered_lines": 0, "num_statements": 3, "percent_covered": 0.0, "percent_covered_display": "0", "missing_lines": 3, "excluded_lines": 0}, "missing_lines": [187, 194, 196], "excluded_lines": []}, "DocumentProcessor._read_file": {"executed_lines": [], "summary": {"covered_lines": 0, "num_statements": 36, "percent_covered": 0.0, "percent_covered_display": "0", "missing_lines": 36, "excluded_lines": 0}, "missing_lines": [220, 221, 222, 229, 230, 237, 238, 241, 242, 243, 245, 246, 251, 252, 253, 259, 260, 268, 270, 271, 272, 273, 276, 277, 278, 280, 282, 283, 284, 292, 293, 294, 295, 301, 302, 310], "excluded_lines": []}, "DocumentProcessor._enhance_chunks": {"executed_lines": [], "summary": {"covered_lines": 0, "num_statements": 8, "percent_covered": 0.0, "percent_covered_display": "0", "missing_lines": 8, "excluded_lines": 0}, "missing_lines": [334, 336, 338, 341, 348, 356, 364, 366], "excluded_lines": []}, "DocumentProcessor._generate_chunk_id": {"executed_lines": [], "summary": {"covered_lines": 0, "num_statements": 2, "percent_covered": 0.0, "percent_covered_display": "0", "missing_lines": 2, "excluded_lines": 0}, "missing_lines": [379, 380], "excluded_lines": []}, "": {"executed_lines": [1, 3, 4, 5, 6, 8, 9, 10, 11, 12, 13, 16, 19, 20, 22, 33, 127, 159, 179, 206, 316, 368], "summary": {"covered_lines": 20, "num_statements": 20, "percent_covered": 100.0, "percent_covered_display": "100", "missing_lines": 0, "excluded_lines": 0}, "missing_lines": [], "excluded_lines": []}}, "classes": {"DocumentProcessor": {"executed_lines": [], "summary": {"covered_lines": 0, "num_statements": 91, "percent_covered": 0.0, "percent_covered_display": "0", "missing_lines": 91, "excluded_lines": 0}, "missing_lines": [28, 29, 30, 31, 45, 47, 48, 51, 54, 55, 56, 65, 68, 69, 72, 74, 75, 76, 84, 88, 92, 97, 105, 113, 116, 118, 120, 139, 140, 143, 146, 149, 157, 163, 165, 166, 167, 168, 169, 170, 171, 177, 187, 194, 196, 220, 221, 222, 229, 230, 237, 238, 241, 242, 243, 245, 246, 251, 252, 253, 259, 260, 268, 270, 271, 272, 273, 276, 277, 278, 280, 282, 283, 284, 292, 293, 294, 295, 301, 302, 310, 334, 336, 338, 341, 348, 356, 364, 366, 379, 380], "excluded_lines": []}, "": {"executed_lines": [1, 3, 4, 5, 6, 8, 9, 10, 11, 12, 13, 16, 19, 20, 22, 33, 127, 159, 179, 206, 316, 368], "summary": {"covered_lines": 20, "num_statements": 20, "percent_covered": 100.0, "percent_covered_display": "100", "missing_lines": 0, "excluded_lines": 0}, "missing_lines": [], "excluded_lines": []}}}, "src/shard_markdown/utils/__init__.py": {"executed_lines": [1, 3, 4, 5, 8], "summary": {"covered_lines": 4, "num_statements": 4, "percent_covered": 100.0, "percent_covered_display": "100", "missing_lines": 0, "excluded_lines": 0}, "missing_lines": [], "excluded_lines": [], "functions": {"": {"executed_lines": [1, 3, 4, 5, 8], "summary": {"covered_lines": 4, "num_statements": 4, "percent_covered": 100.0, "percent_covered_display": "100", "missing_lines": 0, "excluded_lines": 0}, "missing_lines": [], "excluded_lines": []}}, "classes": {"": {"executed_lines": [1, 3, 4, 5, 8], "summary": {"covered_lines": 4, "num_statements": 4, "percent_covered": 100.0, "percent_covered_display": "100", "missing_lines": 0, "excluded_lines": 0}, "missing_lines": [], "excluded_lines": []}}}, "src/shard_markdown/utils/errors.py": {"executed_lines": [1, 3, 4, 7, 8, 10, 35, 47, 48, 50, 61, 62, 64, 75, 76, 78, 89, 90, 92, 103, 104, 106, 117, 118, 120, 131, 132, 134, 145, 146, 148], "summary": {"covered_lines": 21, "num_statements": 37, "percent_covered": 56.75675675675676, "percent_covered_display": "57", "missing_lines": 16, "excluded_lines": 0}, "missing_lines": [27, 28, 29, 30, 31, 32, 33, 37, 58, 72, 86, 100, 114, 128, 142, 156], "excluded_lines": [], "functions": {"ShardMarkdownError.__init__": {"executed_lines": [], "summary": {"covered_lines": 0, "num_statements": 7, "percent_covered": 0.0, "percent_covered_display": "0", "missing_lines": 7, "excluded_lines": 0}, "missing_lines": [27, 28, 29, 30, 31, 32, 33], "excluded_lines": []}, "ShardMarkdownError.to_dict": {"executed_lines": [], "summary": {"covered_lines": 0, "num_statements": 1, "percent_covered": 0.0, "percent_covered_display": "0", "missing_lines": 1, "excluded_lines": 0}, "missing_lines": [37], "excluded_lines": []}, "InputValidationError.__init__": {"executed_lines": [], "summary": {"covered_lines": 0, "num_statements": 1, "percent_covered": 0.0, "percent_covered_display": "0", "missing_lines": 1, "excluded_lines": 0}, "missing_lines": [58], "excluded_lines": []}, "ConfigurationError.__init__": {"executed_lines": [], "summary": {"covered_lines": 0, "num_statements": 1, "percent_covered": 0.0, "percent_covered_display": "0", "missing_lines": 1, "excluded_lines": 0}, "missing_lines": [72], "excluded_lines": []}, "FileSystemError.__init__": {"executed_lines": [], "summary": {"covered_lines": 0, "num_statements": 1, "percent_covered": 0.0, "percent_covered_display": "0", "missing_lines": 1, "excluded_lines": 0}, "missing_lines": [86], "excluded_lines": []}, "ProcessingError.__init__": {"executed_lines": [], "summary": {"covered_lines": 0, "num_statements": 1, "percent_covered": 0.0, "percent_covered_display": "0", "missing_lines": 1, "excluded_lines": 0}, "missing_lines": [100], "excluded_lines": []}, "ChromaDBError.__init__": {"executed_lines": [], "summary": {"covered_lines": 0, "num_statements": 1, "percent_covered": 0.0, "percent_covered_display": "0", "missing_lines": 1, "excluded_lines": 0}, "missing_lines": [114], "excluded_lines": []}, "ChromaDBConnectionError.__init__": {"executed_lines": [], "summary": {"covered_lines": 0, "num_statements": 1, "percent_covered": 0.0, "percent_covered_display": "0", "missing_lines": 1, "excluded_lines": 0}, "missing_lines": [128], "excluded_lines": []}, "SystemError.__init__": {"executed_lines": [], "summary": {"covered_lines": 0, "num_statements": 1, "percent_covered": 0.0, "percent_covered_display": "0", "missing_lines": 1, "excluded_lines": 0}, "missing_lines": [142], "excluded_lines": []}, "NetworkError.__init__": {"executed_lines": [], "summary": {"covered_lines": 0, "num_statements": 1, "percent_covered": 0.0, "percent_covered_display": "0", "missing_lines": 1, "excluded_lines": 0}, "missing_lines": [156], "excluded_lines": []}, "": {"executed_lines": [1, 3, 4, 7, 8, 10, 35, 47, 48, 50, 61, 62, 64, 75, 76, 78, 89, 90, 92, 103, 104, 106, 117, 118, 120, 131, 132, 134, 145, 146, 148], "summary": {"covered_lines": 21, "num_statements": 21, "percent_covered": 100.0, "percent_covered_display": "100", "missing_lines": 0, "excluded_lines": 0}, "missing_lines": [], "excluded_lines": []}}, "classes": {"ShardMarkdownError": {"executed_lines": [], "summary": {"covered_lines": 0, "num_statements": 8, "percent_covered": 0.0, "percent_covered_display": "0", "missing_lines": 8, "excluded_lines": 0}, "missing_lines": [27, 28, 29, 30, 31, 32, 33, 37], "excluded_lines": []}, "InputValidationError": {"executed_lines": [], "summary": {"covered_lines": 0, "num_statements": 1, "percent_covered": 0.0, "percent_covered_display": "0", "missing_lines": 1, "excluded_lines": 0}, "missing_lines": [58], "excluded_lines": []}, "ConfigurationError": {"executed_lines": [], "summary": {"covered_lines": 0, "num_statements": 1, "percent_covered": 0.0, "percent_covered_display": "0", "missing_lines": 1, "excluded_lines": 0}, "missing_lines": [72], "excluded_lines": []}, "FileSystemError": {"executed_lines": [], "summary": {"covered_lines": 0, "num_statements": 1, "percent_covered": 0.0, "percent_covered_display": "0", "missing_lines": 1, "excluded_lines": 0}, "missing_lines": [86], "excluded_lines": []}, "ProcessingError": {"executed_lines": [], "summary": {"covered_lines": 0, "num_statements": 1, "percent_covered": 0.0, "percent_covered_display": "0", "missing_lines": 1, "excluded_lines": 0}, "missing_lines": [100], "excluded_lines": []}, "ChromaDBError": {"executed_lines": [], "summary": {"covered_lines": 0, "num_statements": 1, "percent_covered": 0.0, "percent_covered_display": "0", "missing_lines": 1, "excluded_lines": 0}, "missing_lines": [114], "excluded_lines": []}, "ChromaDBConnectionError": {"executed_lines": [], "summary": {"covered_lines": 0, "num_statements": 1, "percent_covered": 0.0, "percent_covered_display": "0", "missing_lines": 1, "excluded_lines": 0}, "missing_lines": [128], "excluded_lines": []}, "SystemError": {"executed_lines": [], "summary": {"covered_lines": 0, "num_statements": 1, "percent_covered": 0.0, "percent_covered_display": "0", "missing_lines": 1, "excluded_lines": 0}, "missing_lines": [142], "excluded_lines": []}, "NetworkError": {"executed_lines": [], "summary": {"covered_lines": 0, "num_statements": 1, "percent_covered": 0.0, "percent_covered_display": "0", "missing_lines": 1, "excluded_lines": 0}, "missing_lines": [156], "excluded_lines": []}, "": {"executed_lines": [1, 3, 4, 7, 8, 10, 35, 47, 48, 50, 61, 62, 64, 75, 76, 78, 89, 90, 92, 103, 104, 106, 117, 118, 120, 131, 132, 134, 145, 146, 148], "summary": {"covered_lines": 21, "num_statements": 21, "percent_covered": 100.0, "percent_covered_display": "100", "missing_lines": 0, "excluded_lines": 0}, "missing_lines": [], "excluded_lines": []}}}, "src/shard_markdown/utils/logging.py": {"executed_lines": [1, 3, 4, 5, 6, 7, 9, 10, 13, 74, 83, 86, 87, 89, 100, 117], "summary": {"covered_lines": 14, "num_statements": 48, "percent_covered": 29.166666666666668, "percent_covered_display": "29", "missing_lines": 34, "excluded_lines": 0}, "missing_lines": [28, 29, 32, 35, 42, 45, 46, 47, 50, 51, 53, 56, 59, 63, 64, 68, 69, 70, 71, 96, 97, 98, 102, 104, 105, 106, 109, 110, 111, 112, 114, 115, 119, 120], "excluded_lines": [], "functions": {"setup_logging": {"executed_lines": [], "summary": {"covered_lines": 0, "num_statements": 19, "percent_covered": 0.0, "percent_covered_display": "0", "missing_lines": 19, "excluded_lines": 0}, "missing_lines": [28, 29, 32, 35, 42, 45, 46, 47, 50, 51, 53, 56, 59, 63, 64, 68, 69, 70, 71], "excluded_lines": []}, "get_logger": {"executed_lines": [83], "summary": {"covered_lines": 1, "num_statements": 1, "percent_covered": 100.0, "percent_covered_display": "100", "missing_lines": 0, "excluded_lines": 0}, "missing_lines": [], "excluded_lines": []}, "LogContext.__init__": {"executed_lines": [], "summary": {"covered_lines": 0, "num_statements": 3, "percent_covered": 0.0, "percent_covered_display": "0", "missing_lines": 3, "excluded_lines": 0}, "missing_lines": [96, 97, 98], "excluded_lines": []}, "LogContext.__enter__": {"executed_lines": [], "summary": {"covered_lines": 0, "num_statements": 4, "percent_covered": 0.0, "percent_covered_display": "0", "missing_lines": 4, "excluded_lines": 0}, "missing_lines": [102, 104, 114, 115], "excluded_lines": []}, "LogContext.__enter__.record_factory": {"executed_lines": [], "summary": {"covered_lines": 0, "num_statements": 6, "percent_covered": 0.0, "percent_covered_display": "0", "missing_lines": 6, "excluded_lines": 0}, "missing_lines": [105, 106, 109, 110, 111, 112], "excluded_lines": []}, "LogContext.__exit__": {"executed_lines": [], "summary": {"covered_lines": 0, "num_statements": 2, "percent_covered": 0.0, "percent_covered_display": "0", "missing_lines": 2, "excluded_lines": 0}, "missing_lines": [119, 120], "excluded_lines": []}, "": {"executed_lines": [1, 3, 4, 5, 6, 7, 9, 10, 13, 74, 86, 87, 89, 100, 117], "summary": {"covered_lines": 13, "num_statements": 13, "percent_covered": 100.0, "percent_covered_display": "100", "missing_lines": 0, "excluded_lines": 0}, "missing_lines": [], "excluded_lines": []}}, "classes": {"LogContext": {"executed_lines": [], "summary": {"covered_lines": 0, "num_statements": 15, "percent_covered": 0.0, "percent_covered_display": "0", "missing_lines": 15, "excluded_lines": 0}, "missing_lines": [96, 97, 98, 102, 104, 105, 106, 109, 110, 111, 112, 114, 115, 119, 120], "excluded_lines": []}, "": {"executed_lines": [1, 3, 4, 5, 6, 7, 9, 10, 13, 74, 83, 86, 87, 89, 100, 117], "summary": {"covered_lines": 14, "num_statements": 33, "percent_covered": 42.42424242424242, "percent_covered_display": "42", "missing_lines": 19, "excluded_lines": 0}, "missing_lines": [28, 29, 32, 35, 42, 45, 46, 47, 50, 51, 53, 56, 59, 63, 64, 68, 69, 70, 71], "excluded_lines": []}}}, "src/shard_markdown/utils/validation.py": {"executed_lines": [1, 3, 5, 8, 86, 132], "summary": {"covered_lines": 5, "num_statements": 47, "percent_covered": 10.638297872340425, "percent_covered_display": "11", "missing_lines": 42, "excluded_lines": 0}, "missing_lines": [24, 25, 29, 31, 32, 33, 35, 36, 42, 43, 44, 49, 51, 52, 53, 54, 55, 60, 62, 68, 69, 76, 77, 83, 96, 97, 103, 104, 110, 111, 117, 118, 124, 125, 141, 142, 146, 148, 149, 156, 159, 160], "excluded_lines": [], "functions": {"validate_input_paths": {"executed_lines": [], "summary": {"covered_lines": 0, "num_statements": 24, "percent_covered": 0.0, "percent_covered_display": "0", "missing_lines": 24, "excluded_lines": 0}, "missing_lines": [24, 25, 29, 31, 32, 33, 35, 36, 42, 43, 44, 49, 51, 52, 53, 54, 55, 60, 62, 68, 69, 76, 77, 83], "excluded_lines": []}, "validate_chunk_parameters": {"executed_lines": [], "summary": {"covered_lines": 0, "num_statements": 10, "percent_covered": 0.0, "percent_covered_display": "0", "missing_lines": 10, "excluded_lines": 0}, "missing_lines": [96, 97, 103, 104, 110, 111, 117, 118, 124, 125], "excluded_lines": []}, "validate_collection_name": {"executed_lines": [], "summary": {"covered_lines": 0, "num_statements": 8, "percent_covered": 0.0, "percent_covered_display": "0", "missing_lines": 8, "excluded_lines": 0}, "missing_lines": [141, 142, 146, 148, 149, 156, 159, 160], "excluded_lines": []}, "": {"executed_lines": [1, 3, 5, 8, 86, 132], "summary": {"covered_lines": 5, "num_statements": 5, "percent_covered": 100.0, "percent_covered_display": "100", "missing_lines": 0, "excluded_lines": 0}, "missing_lines": [], "excluded_lines": []}}, "classes": {"": {"executed_lines": [1, 3, 5, 8, 86, 132], "summary": {"covered_lines": 5, "num_statements": 47, "percent_covered": 10.638297872340425, "percent_covered_display": "11", "missing_lines": 42, "excluded_lines": 0}, "missing_lines": [24, 25, 29, 31, 32, 33, 35, 36, 42, 43, 44, 49, 51, 52, 53, 54, 55, 60, 62, 68, 69, 76, 77, 83, 96, 97, 103, 104, 110, 111, 117, 118, 124, 125, 141, 142, 146, 148, 149, 156, 159, 160], "excluded_lines": []}}}}, "totals": {"covered_lines": 566, "num_statements": 2165, "percent_covered": 26.143187066974598, "percent_covered_display": "26", "missing_lines": 1599, "excluded_lines": 92}}
