{"meta": {"format": 3, "version": "7.10.1", "timestamp": "2025-08-14T17:52:18.131957", "branch_coverage": false, "show_contexts": false}, "files": {"src/shard_markdown/__init__.py": {"executed_lines": [1, 3, 4, 5, 6, 8, 11], "summary": {"covered_lines": 6, "num_statements": 6, "percent_covered": 100.0, "percent_covered_display": "100", "missing_lines": 0, "excluded_lines": 0}, "missing_lines": [], "excluded_lines": [], "functions": {"": {"executed_lines": [1, 3, 4, 5, 6, 8, 11], "summary": {"covered_lines": 6, "num_statements": 6, "percent_covered": 100.0, "percent_covered_display": "100", "missing_lines": 0, "excluded_lines": 0}, "missing_lines": [], "excluded_lines": []}}, "classes": {"": {"executed_lines": [1, 3, 4, 5, 6, 8, 11], "summary": {"covered_lines": 6, "num_statements": 6, "percent_covered": 100.0, "percent_covered_display": "100", "missing_lines": 0, "excluded_lines": 0}, "missing_lines": [], "excluded_lines": []}}}, "src/shard_markdown/__main__.py": {"executed_lines": [1, 3, 5, 8, 9], "summary": {"covered_lines": 2, "num_statements": 2, "percent_covered": 100.0, "percent_covered_display": "100", "missing_lines": 0, "excluded_lines": 2}, "missing_lines": [], "excluded_lines": [8, 9], "functions": {"": {"executed_lines": [1, 3, 5, 8, 9], "summary": {"covered_lines": 2, "num_statements": 2, "percent_covered": 100.0, "percent_covered_display": "100", "missing_lines": 0, "excluded_lines": 2}, "missing_lines": [], "excluded_lines": [8, 9]}}, "classes": {"": {"executed_lines": [1, 3, 5, 8, 9], "summary": {"covered_lines": 2, "num_statements": 2, "percent_covered": 100.0, "percent_covered_display": "100", "missing_lines": 0, "excluded_lines": 2}, "missing_lines": [], "excluded_lines": [8, 9]}}}, "src/shard_markdown/chromadb/__init__.py": {"executed_lines": [1, 3, 7, 8, 10, 11, 16, 17, 18, 21], "summary": {"covered_lines": 9, "num_statements": 12, "percent_covered": 75.0, "percent_covered_display": "75", "missing_lines": 3, "excluded_lines": 0}, "missing_lines": [12, 13, 14], "excluded_lines": [], "functions": {"": {"executed_lines": [1, 3, 7, 8, 10, 11, 16, 17, 18, 21], "summary": {"covered_lines": 9, "num_statements": 12, "percent_covered": 75.0, "percent_covered_display": "75", "missing_lines": 3, "excluded_lines": 0}, "missing_lines": [12, 13, 14], "excluded_lines": []}}, "classes": {"": {"executed_lines": [1, 3, 7, 8, 10, 11, 16, 17, 18, 21], "summary": {"covered_lines": 9, "num_statements": 12, "percent_covered": 75.0, "percent_covered_display": "75", "missing_lines": 3, "excluded_lines": 0}, "missing_lines": [12, 13, 14], "excluded_lines": []}}}, "src/shard_markdown/chromadb/client.py": {"executed_lines": [1, 3, 4, 5, 8, 11, 12, 13, 14, 15, 16, 20, 21, 27, 49, 50, 52, 63, 66, 67, 69, 75, 76, 77, 78, 81, 84, 91, 101, 103, 106, 107, 109, 115, 117, 118, 121, 122, 124, 128, 130, 131, 132, 148, 156, 168, 169, 175, 176, 177, 178, 180, 182, 183, 184, 209, 228, 235, 238, 239, 240, 242, 245, 248, 251, 257, 260, 263, 269, 271, 274, 280, 281, 283, 284, 285, 289, 303, 307, 376, 377, 390, 404, 406, 407, 408, 416, 418, 419, 422, 423, 424, 427, 431, 434, 435, 436, 441, 444, 445, 446, 447, 453, 456, 460, 463, 464, 469, 471, 474, 479, 486, 487, 488, 490, 494, 501, 510, 511, 517, 518, 520, 521, 522, 523, 528, 529, 530, 533, 542, 543, 558, 570, 571, 577, 578, 579, 580, 582, 583, 595, 607, 613, 621, 623, 625, 627, 633, 634, 636, 667, 673, 674, 675, 676, 677, 679, 680, 691, 692, 698, 711, 717, 718, 719, 720, 722, 735, 736, 747, 748, 749, 756, 757, 758], "summary": {"covered_lines": 173, "num_statements": 238, "percent_covered": 72.6890756302521, "percent_covered_display": "73", "missing_lines": 65, "excluded_lines": 0}, "missing_lines": [9, 28, 30, 32, 35, 37, 40, 42, 45, 53, 55, 57, 60, 133, 154, 196, 229, 261, 262, 264, 265, 266, 290, 291, 292, 297, 298, 301, 309, 311, 319, 320, 321, 325, 328, 329, 330, 334, 335, 337, 343, 354, 355, 358, 361, 364, 365, 366, 368, 388, 448, 545, 546, 601, 602, 603, 604, 605, 639, 640, 651, 652, 653, 665, 699], "excluded_lines": [], "functions": {"ChromaDBClient.__init__": {"executed_lines": [75, 76, 77, 78, 81, 84], "summary": {"covered_lines": 6, "num_statements": 6, "percent_covered": 100.0, "percent_covered_display": "100", "missing_lines": 0, "excluded_lines": 0}, "missing_lines": [], "excluded_lines": []}, "ChromaDBClient.connect": {"executed_lines": [101, 103, 106, 107, 109, 115, 117, 118, 121, 122, 124, 128, 130, 131, 132], "summary": {"covered_lines": 15, "num_statements": 16, "percent_covered": 93.75, "percent_covered_display": "94", "missing_lines": 1, "excluded_lines": 0}, "missing_lines": [133], "excluded_lines": []}, "ChromaDBClient.get_api_version_info": {"executed_lines": [], "summary": {"covered_lines": 0, "num_statements": 1, "percent_covered": 0.0, "percent_covered_display": "0", "missing_lines": 1, "excluded_lines": 0}, "missing_lines": [154], "excluded_lines": []}, "ChromaDBClient.get_collection": {"executed_lines": [168, 169, 175, 176, 177, 178, 180, 182, 183, 184], "summary": {"covered_lines": 10, "num_statements": 11, "percent_covered": 90.9090909090909, "percent_covered_display": "91", "missing_lines": 1, "excluded_lines": 0}, "missing_lines": [196], "excluded_lines": []}, "ChromaDBClient.get_or_create_collection": {"executed_lines": [228, 235, 238, 239, 240, 242, 245, 248, 251, 257, 260, 263, 269, 271, 274, 280, 281, 283, 284, 285, 289, 303, 307, 376, 377], "summary": {"covered_lines": 25, "num_statements": 59, "percent_covered": 42.3728813559322, "percent_covered_display": "42", "missing_lines": 34, "excluded_lines": 0}, "missing_lines": [229, 261, 262, 264, 265, 266, 290, 291, 292, 297, 298, 301, 309, 311, 319, 320, 321, 325, 328, 329, 330, 334, 335, 337, 343, 354, 355, 358, 361, 364, 365, 366, 368, 388], "excluded_lines": []}, "ChromaDBClient.bulk_insert": {"executed_lines": [404, 406, 407, 408, 416, 418, 419, 422, 423, 424, 427, 431, 434, 435, 436, 441, 444, 445, 446, 447, 453, 456, 460, 463, 464, 469, 471, 474, 479, 486, 487, 488, 490, 494], "summary": {"covered_lines": 34, "num_statements": 35, "percent_covered": 97.14285714285714, "percent_covered_display": "97", "missing_lines": 1, "excluded_lines": 0}, "missing_lines": [448], "excluded_lines": []}, "ChromaDBClient.list_collections": {"executed_lines": [510, 511, 517, 518, 520, 521, 522, 523, 528, 529, 530, 533, 542, 543], "summary": {"covered_lines": 14, "num_statements": 16, "percent_covered": 87.5, "percent_covered_display": "88", "missing_lines": 2, "excluded_lines": 0}, "missing_lines": [545, 546], "excluded_lines": []}, "ChromaDBClient.delete_collection": {"executed_lines": [570, 571, 577, 578, 579, 580, 582, 583], "summary": {"covered_lines": 8, "num_statements": 8, "percent_covered": 100.0, "percent_covered_display": "100", "missing_lines": 0, "excluded_lines": 0}, "missing_lines": [], "excluded_lines": []}, "ChromaDBClient.test_connection": {"executed_lines": [], "summary": {"covered_lines": 0, "num_statements": 5, "percent_covered": 0.0, "percent_covered_display": "0", "missing_lines": 5, "excluded_lines": 0}, "missing_lines": [601, 602, 603, 604, 605], "excluded_lines": []}, "ChromaDBClient._get_client_settings": {"executed_lines": [613, 621, 623, 625], "summary": {"covered_lines": 4, "num_statements": 4, "percent_covered": 100.0, "percent_covered_display": "100", "missing_lines": 0, "excluded_lines": 0}, "missing_lines": [], "excluded_lines": []}, "ChromaDBClient._test_heartbeat": {"executed_lines": [633, 634, 636], "summary": {"covered_lines": 3, "num_statements": 9, "percent_covered": 33.333333333333336, "percent_covered_display": "33", "missing_lines": 6, "excluded_lines": 0}, "missing_lines": [639, 640, 651, 652, 653, 665], "excluded_lines": []}, "ChromaDBClient._test_connectivity": {"executed_lines": [673, 674, 675, 676, 677, 679, 680, 691, 692, 698], "summary": {"covered_lines": 10, "num_statements": 11, "percent_covered": 90.9090909090909, "percent_covered_display": "91", "missing_lines": 1, "excluded_lines": 0}, "missing_lines": [699], "excluded_lines": []}, "ChromaDBClient._get_auth_headers": {"executed_lines": [717, 718, 719, 720], "summary": {"covered_lines": 4, "num_statements": 4, "percent_covered": 100.0, "percent_covered_display": "100", "missing_lines": 0, "excluded_lines": 0}, "missing_lines": [], "excluded_lines": []}, "ChromaDBClient._validate_insertion_data": {"executed_lines": [735, 736, 747, 748, 749, 756, 757, 758], "summary": {"covered_lines": 8, "num_statements": 8, "percent_covered": 100.0, "percent_covered_display": "100", "missing_lines": 0, "excluded_lines": 0}, "missing_lines": [], "excluded_lines": []}, "": {"executed_lines": [1, 3, 4, 5, 8, 11, 12, 13, 14, 15, 16, 20, 21, 27, 49, 50, 52, 63, 66, 67, 69, 91, 148, 156, 209, 390, 501, 558, 595, 607, 627, 667, 711, 722], "summary": {"covered_lines": 32, "num_statements": 45, "percent_covered": 71.11111111111111, "percent_covered_display": "71", "missing_lines": 13, "excluded_lines": 0}, "missing_lines": [9, 28, 30, 32, 35, 37, 40, 42, 45, 53, 55, 57, 60], "excluded_lines": []}}, "classes": {"ChromaDBClient": {"executed_lines": [75, 76, 77, 78, 81, 84, 101, 103, 106, 107, 109, 115, 117, 118, 121, 122, 124, 128, 130, 131, 132, 168, 169, 175, 176, 177, 178, 180, 182, 183, 184, 228, 235, 238, 239, 240, 242, 245, 248, 251, 257, 260, 263, 269, 271, 274, 280, 281, 283, 284, 285, 289, 303, 307, 376, 377, 404, 406, 407, 408, 416, 418, 419, 422, 423, 424, 427, 431, 434, 435, 436, 441, 444, 445, 446, 447, 453, 456, 460, 463, 464, 469, 471, 474, 479, 486, 487, 488, 490, 494, 510, 511, 517, 518, 520, 521, 522, 523, 528, 529, 530, 533, 542, 543, 570, 571, 577, 578, 579, 580, 582, 583, 613, 621, 623, 625, 633, 634, 636, 673, 674, 675, 676, 677, 679, 680, 691, 692, 698, 717, 718, 719, 720, 735, 736, 747, 748, 749, 756, 757, 758], "summary": {"covered_lines": 141, "num_statements": 193, "percent_covered": 73.05699481865285, "percent_covered_display": "73", "missing_lines": 52, "excluded_lines": 0}, "missing_lines": [133, 154, 196, 229, 261, 262, 264, 265, 266, 290, 291, 292, 297, 298, 301, 309, 311, 319, 320, 321, 325, 328, 329, 330, 334, 335, 337, 343, 354, 355, 358, 361, 364, 365, 366, 368, 388, 448, 545, 546, 601, 602, 603, 604, 605, 639, 640, 651, 652, 653, 665, 699], "excluded_lines": []}, "": {"executed_lines": [1, 3, 4, 5, 8, 11, 12, 13, 14, 15, 16, 20, 21, 27, 49, 50, 52, 63, 66, 67, 69, 91, 148, 156, 209, 390, 501, 558, 595, 607, 627, 667, 711, 722], "summary": {"covered_lines": 32, "num_statements": 45, "percent_covered": 71.11111111111111, "percent_covered_display": "71", "missing_lines": 13, "excluded_lines": 0}, "missing_lines": [9, 28, 30, 32, 35, 37, 40, 42, 45, 53, 55, 57, 60], "excluded_lines": []}}}, "src/shard_markdown/chromadb/collections.py": {"executed_lines": [1, 3, 5, 6, 7, 10, 13, 14, 16, 22, 24, 44, 47, 48, 49, 51, 53, 56, 59, 69, 81, 82, 84, 85, 92, 101, 102, 103, 113, 125, 126, 127, 128, 138, 150, 151, 152, 153, 155, 156, 157, 172, 184, 186, 190, 191, 192, 193, 195, 196, 198, 206, 218, 220, 221, 222, 224, 234, 243, 244, 250, 251, 258, 261, 262], "summary": {"covered_lines": 63, "num_statements": 81, "percent_covered": 77.77777777777777, "percent_covered_display": "78", "missing_lines": 18, "excluded_lines": 0}, "missing_lines": [61, 62, 105, 106, 130, 131, 159, 160, 162, 163, 164, 165, 167, 170, 187, 199, 226, 227], "excluded_lines": [], "functions": {"CollectionManager.__init__": {"executed_lines": [22], "summary": {"covered_lines": 1, "num_statements": 1, "percent_covered": 100.0, "percent_covered_display": "100", "missing_lines": 0, "excluded_lines": 0}, "missing_lines": [], "excluded_lines": []}, "CollectionManager.create_collection": {"executed_lines": [44, 47, 48, 49, 51, 53, 56, 59], "summary": {"covered_lines": 8, "num_statements": 10, "percent_covered": 80.0, "percent_covered_display": "80", "missing_lines": 2, "excluded_lines": 0}, "missing_lines": [61, 62], "excluded_lines": []}, "CollectionManager.get_collection": {"executed_lines": [81, 82, 84, 85], "summary": {"covered_lines": 4, "num_statements": 4, "percent_covered": 100.0, "percent_covered_display": "100", "missing_lines": 0, "excluded_lines": 0}, "missing_lines": [], "excluded_lines": []}, "CollectionManager.list_collections": {"executed_lines": [101, 102, 103], "summary": {"covered_lines": 3, "num_statements": 5, "percent_covered": 60.0, "percent_covered_display": "60", "missing_lines": 2, "excluded_lines": 0}, "missing_lines": [105, 106], "excluded_lines": []}, "CollectionManager.delete_collection": {"executed_lines": [125, 126, 127, 128], "summary": {"covered_lines": 4, "num_statements": 6, "percent_covered": 66.66666666666667, "percent_covered_display": "67", "missing_lines": 2, "excluded_lines": 0}, "missing_lines": [130, 131], "excluded_lines": []}, "CollectionManager.collection_exists": {"executed_lines": [150, 151, 152, 153, 155, 156, 157], "summary": {"covered_lines": 7, "num_statements": 15, "percent_covered": 46.666666666666664, "percent_covered_display": "47", "missing_lines": 8, "excluded_lines": 0}, "missing_lines": [159, 160, 162, 163, 164, 165, 167, 170], "excluded_lines": []}, "CollectionManager.clear_collection": {"executed_lines": [184, 186, 190, 191, 192, 193, 195, 196, 198], "summary": {"covered_lines": 9, "num_statements": 11, "percent_covered": 81.81818181818181, "percent_covered_display": "82", "missing_lines": 2, "excluded_lines": 0}, "missing_lines": [187, 199], "excluded_lines": []}, "CollectionManager.get_collection_info": {"executed_lines": [218, 220, 221, 222, 224], "summary": {"covered_lines": 5, "num_statements": 7, "percent_covered": 71.42857142857143, "percent_covered_display": "71", "missing_lines": 2, "excluded_lines": 0}, "missing_lines": [226, 227], "excluded_lines": []}, "CollectionManager._validate_collection_name": {"executed_lines": [243, 244, 250, 251, 258, 261, 262], "summary": {"covered_lines": 7, "num_statements": 7, "percent_covered": 100.0, "percent_covered_display": "100", "missing_lines": 0, "excluded_lines": 0}, "missing_lines": [], "excluded_lines": []}, "": {"executed_lines": [1, 3, 5, 6, 7, 10, 13, 14, 16, 24, 69, 92, 113, 138, 172, 206, 234], "summary": {"covered_lines": 15, "num_statements": 15, "percent_covered": 100.0, "percent_covered_display": "100", "missing_lines": 0, "excluded_lines": 0}, "missing_lines": [], "excluded_lines": []}}, "classes": {"CollectionManager": {"executed_lines": [22, 44, 47, 48, 49, 51, 53, 56, 59, 81, 82, 84, 85, 101, 102, 103, 125, 126, 127, 128, 150, 151, 152, 153, 155, 156, 157, 184, 186, 190, 191, 192, 193, 195, 196, 198, 218, 220, 221, 222, 224, 243, 244, 250, 251, 258, 261, 262], "summary": {"covered_lines": 48, "num_statements": 66, "percent_covered": 72.72727272727273, "percent_covered_display": "73", "missing_lines": 18, "excluded_lines": 0}, "missing_lines": [61, 62, 105, 106, 130, 131, 159, 160, 162, 163, 164, 165, 167, 170, 187, 199, 226, 227], "excluded_lines": []}, "": {"executed_lines": [1, 3, 5, 6, 7, 10, 13, 14, 16, 24, 69, 92, 113, 138, 172, 206, 234], "summary": {"covered_lines": 15, "num_statements": 15, "percent_covered": 100.0, "percent_covered_display": "100", "missing_lines": 0, "excluded_lines": 0}, "missing_lines": [], "excluded_lines": []}}}, "src/shard_markdown/chromadb/factory.py": {"executed_lines": [1, 3, 5, 6, 7, 10, 13, 23, 24, 27, 40, 41, 43, 46, 48, 49, 51, 56, 65, 66, 68, 69, 70, 71, 73, 74, 77, 84], "summary": {"covered_lines": 27, "num_statements": 38, "percent_covered": 71.05263157894737, "percent_covered_display": "71", "missing_lines": 11, "excluded_lines": 0}, "missing_lines": [32, 33, 35, 36, 38, 52, 53, 79, 82, 85, 86], "excluded_lines": [], "functions": {"create_chromadb_client": {"executed_lines": [23, 24, 27, 40, 41, 43], "summary": {"covered_lines": 6, "num_statements": 11, "percent_covered": 54.54545454545455, "percent_covered_display": "55", "missing_lines": 5, "excluded_lines": 0}, "missing_lines": [32, 33, 35, 36, 38], "excluded_lines": []}, "_is_chromadb_available": {"executed_lines": [48, 49, 51], "summary": {"covered_lines": 3, "num_statements": 5, "percent_covered": 60.0, "percent_covered_display": "60", "missing_lines": 2, "excluded_lines": 0}, "missing_lines": [52, 53], "excluded_lines": []}, "_test_chromadb_connectivity": {"executed_lines": [65, 66, 68, 69, 70, 71, 73, 74, 77, 84], "summary": {"covered_lines": 10, "num_statements": 14, "percent_covered": 71.42857142857143, "percent_covered_display": "71", "missing_lines": 4, "excluded_lines": 0}, "missing_lines": [79, 82, 85, 86], "excluded_lines": []}, "": {"executed_lines": [1, 3, 5, 6, 7, 10, 13, 46, 56], "summary": {"covered_lines": 8, "num_statements": 8, "percent_covered": 100.0, "percent_covered_display": "100", "missing_lines": 0, "excluded_lines": 0}, "missing_lines": [], "excluded_lines": []}}, "classes": {"": {"executed_lines": [1, 3, 5, 6, 7, 10, 13, 23, 24, 27, 40, 41, 43, 46, 48, 49, 51, 56, 65, 66, 68, 69, 70, 71, 73, 74, 77, 84], "summary": {"covered_lines": 27, "num_statements": 38, "percent_covered": 71.05263157894737, "percent_covered_display": "71", "missing_lines": 11, "excluded_lines": 0}, "missing_lines": [32, 33, 35, 36, 38, 52, 53, 79, 82, 85, 86], "excluded_lines": []}}}, "src/shard_markdown/chromadb/mock_client.py": {"executed_lines": [1, 3, 4, 5, 6, 8, 9, 10, 13, 16, 17, 19, 26, 27, 28, 29, 31, 35, 36, 41, 43, 45, 47, 55, 57, 58, 71, 72, 73, 74, 76, 82, 90, 93, 98, 99, 101, 102, 104, 106, 108, 109, 110, 111, 112, 115, 116, 118, 120, 122, 124, 126, 129, 130, 132, 137, 138, 141, 142, 144, 151, 152, 155, 156, 157, 160, 163, 164, 168, 169, 171, 172, 173, 174, 176, 178, 180, 181, 183, 184, 186, 188, 190, 191, 192, 194, 196, 198, 200, 201, 202, 204, 208, 209, 211, 212, 213, 214, 215, 217, 224, 226, 227, 229, 230, 231, 233, 235, 236, 237, 242, 243, 245, 247, 248, 249, 250, 251, 252, 254, 259, 261, 262, 263, 273, 274, 276, 277, 278, 280, 284, 285, 287, 288, 291, 292, 297, 299, 300, 304, 313, 314, 315, 317, 326, 328, 329, 330, 331, 333, 334, 337, 338, 339, 341, 345, 346, 348, 350, 352, 353, 354, 355, 361, 363, 364, 366, 368, 369, 373, 375], "summary": {"covered_lines": 167, "num_statements": 167, "percent_covered": 100.0, "percent_covered_display": "100", "missing_lines": 0, "excluded_lines": 0}, "missing_lines": [], "excluded_lines": [], "functions": {"MockCollection.__init__": {"executed_lines": [26, 27, 28, 29], "summary": {"covered_lines": 4, "num_statements": 4, "percent_covered": 100.0, "percent_covered_display": "100", "missing_lines": 0, "excluded_lines": 0}, "missing_lines": [], "excluded_lines": []}, "MockCollection.add": {"executed_lines": [35, 36, 41], "summary": {"covered_lines": 3, "num_statements": 3, "percent_covered": 100.0, "percent_covered_display": "100", "missing_lines": 0, "excluded_lines": 0}, "missing_lines": [], "excluded_lines": []}, "MockCollection.count": {"executed_lines": [45], "summary": {"covered_lines": 1, "num_statements": 1, "percent_covered": 100.0, "percent_covered_display": "100", "missing_lines": 0, "excluded_lines": 0}, "missing_lines": [], "excluded_lines": []}, "MockCollection.get": {"executed_lines": [55, 57, 58, 71, 72, 73, 74, 76], "summary": {"covered_lines": 8, "num_statements": 8, "percent_covered": 100.0, "percent_covered_display": "100", "missing_lines": 0, "excluded_lines": 0}, "missing_lines": [], "excluded_lines": []}, "MockCollection.query": {"executed_lines": [90, 93, 98, 99, 101, 102, 104], "summary": {"covered_lines": 7, "num_statements": 7, "percent_covered": 100.0, "percent_covered_display": "100", "missing_lines": 0, "excluded_lines": 0}, "missing_lines": [], "excluded_lines": []}, "MockCollection.delete": {"executed_lines": [108, 109, 110, 111, 112], "summary": {"covered_lines": 5, "num_statements": 5, "percent_covered": 100.0, "percent_covered_display": "100", "missing_lines": 0, "excluded_lines": 0}, "missing_lines": [], "excluded_lines": []}, "MockChromaDBClientAdapter.__init__": {"executed_lines": [120], "summary": {"covered_lines": 1, "num_statements": 1, "percent_covered": 100.0, "percent_covered_display": "100", "missing_lines": 0, "excluded_lines": 0}, "missing_lines": [], "excluded_lines": []}, "MockChromaDBClientAdapter.get_collection": {"executed_lines": [124], "summary": {"covered_lines": 1, "num_statements": 1, "percent_covered": 100.0, "percent_covered_display": "100", "missing_lines": 0, "excluded_lines": 0}, "missing_lines": [], "excluded_lines": []}, "MockChromaDBClientAdapter.list_collections": {"executed_lines": [129, 130, 132, 137, 138], "summary": {"covered_lines": 5, "num_statements": 5, "percent_covered": 100.0, "percent_covered_display": "100", "missing_lines": 0, "excluded_lines": 0}, "missing_lines": [], "excluded_lines": []}, "MockChromaDBClient.__init__": {"executed_lines": [151, 152, 155, 156, 157, 160, 163, 164, 168, 169, 171, 172, 173, 174], "summary": {"covered_lines": 14, "num_statements": 14, "percent_covered": 100.0, "percent_covered_display": "100", "missing_lines": 0, "excluded_lines": 0}, "missing_lines": [], "excluded_lines": []}, "MockChromaDBClient.__del__": {"executed_lines": [178, 180, 181, 183, 184, 186], "summary": {"covered_lines": 6, "num_statements": 6, "percent_covered": 100.0, "percent_covered_display": "100", "missing_lines": 0, "excluded_lines": 0}, "missing_lines": [], "excluded_lines": []}, "MockChromaDBClient.connect": {"executed_lines": [190, 191, 192], "summary": {"covered_lines": 3, "num_statements": 3, "percent_covered": 100.0, "percent_covered_display": "100", "missing_lines": 0, "excluded_lines": 0}, "missing_lines": [], "excluded_lines": []}, "MockChromaDBClient.heartbeat": {"executed_lines": [196], "summary": {"covered_lines": 1, "num_statements": 1, "percent_covered": 100.0, "percent_covered_display": "100", "missing_lines": 0, "excluded_lines": 0}, "missing_lines": [], "excluded_lines": []}, "MockChromaDBClient.get_collection": {"executed_lines": [200, 201, 202], "summary": {"covered_lines": 3, "num_statements": 3, "percent_covered": 100.0, "percent_covered_display": "100", "missing_lines": 0, "excluded_lines": 0}, "missing_lines": [], "excluded_lines": []}, "MockChromaDBClient.create_collection": {"executed_lines": [208, 209, 211, 212, 213, 214, 215], "summary": {"covered_lines": 7, "num_statements": 7, "percent_covered": 100.0, "percent_covered_display": "100", "missing_lines": 0, "excluded_lines": 0}, "missing_lines": [], "excluded_lines": []}, "MockChromaDBClient.get_or_create_collection": {"executed_lines": [224, 226, 227, 229, 230, 231], "summary": {"covered_lines": 6, "num_statements": 6, "percent_covered": 100.0, "percent_covered_display": "100", "missing_lines": 0, "excluded_lines": 0}, "missing_lines": [], "excluded_lines": []}, "MockChromaDBClient.list_collections": {"executed_lines": [235, 236, 237, 242, 243], "summary": {"covered_lines": 5, "num_statements": 5, "percent_covered": 100.0, "percent_covered_display": "100", "missing_lines": 0, "excluded_lines": 0}, "missing_lines": [], "excluded_lines": []}, "MockChromaDBClient.delete_collection": {"executed_lines": [247, 248, 249, 250, 251, 252], "summary": {"covered_lines": 6, "num_statements": 6, "percent_covered": 100.0, "percent_covered_display": "100", "missing_lines": 0, "excluded_lines": 0}, "missing_lines": [], "excluded_lines": []}, "MockChromaDBClient.bulk_insert": {"executed_lines": [259, 261, 262, 263, 273, 274, 276, 277, 278, 280, 284, 285, 287, 288, 291, 292, 297, 299, 300, 304, 313, 314, 315, 317], "summary": {"covered_lines": 24, "num_statements": 24, "percent_covered": 100.0, "percent_covered_display": "100", "missing_lines": 0, "excluded_lines": 0}, "missing_lines": [], "excluded_lines": []}, "MockChromaDBClient._load_storage": {"executed_lines": [328, 329, 330, 331, 333, 334, 337, 338, 339, 341, 345, 346, 348], "summary": {"covered_lines": 13, "num_statements": 13, "percent_covered": 100.0, "percent_covered_display": "100", "missing_lines": 0, "excluded_lines": 0}, "missing_lines": [], "excluded_lines": []}, "MockChromaDBClient._save_storage": {"executed_lines": [352, 353, 354, 355, 361, 363, 364, 366, 368, 369], "summary": {"covered_lines": 10, "num_statements": 10, "percent_covered": 100.0, "percent_covered_display": "100", "missing_lines": 0, "excluded_lines": 0}, "missing_lines": [], "excluded_lines": []}, "create_mock_client": {"executed_lines": [375], "summary": {"covered_lines": 1, "num_statements": 1, "percent_covered": 100.0, "percent_covered_display": "100", "missing_lines": 0, "excluded_lines": 0}, "missing_lines": [], "excluded_lines": []}, "": {"executed_lines": [1, 3, 4, 5, 6, 8, 9, 10, 13, 16, 17, 19, 31, 43, 47, 82, 106, 115, 116, 118, 122, 126, 141, 142, 144, 176, 188, 194, 198, 204, 217, 233, 245, 254, 326, 350, 373], "summary": {"covered_lines": 33, "num_statements": 33, "percent_covered": 100.0, "percent_covered_display": "100", "missing_lines": 0, "excluded_lines": 0}, "missing_lines": [], "excluded_lines": []}}, "classes": {"MockCollection": {"executed_lines": [26, 27, 28, 29, 35, 36, 41, 45, 55, 57, 58, 71, 72, 73, 74, 76, 90, 93, 98, 99, 101, 102, 104, 108, 109, 110, 111, 112], "summary": {"covered_lines": 28, "num_statements": 28, "percent_covered": 100.0, "percent_covered_display": "100", "missing_lines": 0, "excluded_lines": 0}, "missing_lines": [], "excluded_lines": []}, "MockChromaDBClientAdapter": {"executed_lines": [120, 124, 129, 130, 132, 137, 138], "summary": {"covered_lines": 7, "num_statements": 7, "percent_covered": 100.0, "percent_covered_display": "100", "missing_lines": 0, "excluded_lines": 0}, "missing_lines": [], "excluded_lines": []}, "MockChromaDBClient": {"executed_lines": [151, 152, 155, 156, 157, 160, 163, 164, 168, 169, 171, 172, 173, 174, 178, 180, 181, 183, 184, 186, 190, 191, 192, 196, 200, 201, 202, 208, 209, 211, 212, 213, 214, 215, 224, 226, 227, 229, 230, 231, 235, 236, 237, 242, 243, 247, 248, 249, 250, 251, 252, 259, 261, 262, 263, 273, 274, 276, 277, 278, 280, 284, 285, 287, 288, 291, 292, 297, 299, 300, 304, 313, 314, 315, 317, 328, 329, 330, 331, 333, 334, 337, 338, 339, 341, 345, 346, 348, 352, 353, 354, 355, 361, 363, 364, 366, 368, 369], "summary": {"covered_lines": 98, "num_statements": 98, "percent_covered": 100.0, "percent_covered_display": "100", "missing_lines": 0, "excluded_lines": 0}, "missing_lines": [], "excluded_lines": []}, "": {"executed_lines": [1, 3, 4, 5, 6, 8, 9, 10, 13, 16, 17, 19, 31, 43, 47, 82, 106, 115, 116, 118, 122, 126, 141, 142, 144, 176, 188, 194, 198, 204, 217, 233, 245, 254, 326, 350, 373, 375], "summary": {"covered_lines": 34, "num_statements": 34, "percent_covered": 100.0, "percent_covered_display": "100", "missing_lines": 0, "excluded_lines": 0}, "missing_lines": [], "excluded_lines": []}}}, "src/shard_markdown/chromadb/operations.py": {"executed_lines": [1, 3, 5, 6, 7, 10, 13, 14, 16, 22, 24, 47, 48, 54, 55, 58, 62, 63, 66, 73, 77, 82, 90, 91, 94, 104, 123, 124, 130, 131, 134, 135, 136, 139, 141, 142, 145, 150, 151, 152, 153, 155, 159, 175, 196, 203, 204, 207, 208, 209, 212, 215, 216, 217, 237, 238, 239, 240, 242, 244, 246, 251, 271, 286, 293, 294, 297, 299, 303, 320, 336, 338, 341, 342, 343, 344, 346, 349, 352, 353, 355, 362, 363, 365, 367], "summary": {"covered_lines": 83, "num_statements": 97, "percent_covered": 85.56701030927834, "percent_covered_display": "86", "missing_lines": 14, "excluded_lines": 0}, "missing_lines": [92, 161, 162, 163, 165, 197, 260, 261, 262, 264, 287, 309, 310, 339], "excluded_lines": [], "functions": {"ChromaDBOperations.__init__": {"executed_lines": [22], "summary": {"covered_lines": 1, "num_statements": 1, "percent_covered": 100.0, "percent_covered_display": "100", "missing_lines": 0, "excluded_lines": 0}, "missing_lines": [], "excluded_lines": []}, "ChromaDBOperations.query_collection": {"executed_lines": [47, 48, 54, 55, 58, 62, 63, 66, 73, 77, 82, 90, 91, 94], "summary": {"covered_lines": 14, "num_statements": 15, "percent_covered": 93.33333333333333, "percent_covered_display": "93", "missing_lines": 1, "excluded_lines": 0}, "missing_lines": [92], "excluded_lines": []}, "ChromaDBOperations.get_document": {"executed_lines": [123, 124, 130, 131, 134, 135, 136, 139, 141, 142, 145, 150, 151, 152, 153, 155, 159], "summary": {"covered_lines": 17, "num_statements": 21, "percent_covered": 80.95238095238095, "percent_covered_display": "81", "missing_lines": 4, "excluded_lines": 0}, "missing_lines": [161, 162, 163, 165], "excluded_lines": []}, "ChromaDBOperations.list_documents": {"executed_lines": [196, 203, 204, 207, 208, 209, 212, 215, 216, 217, 237, 238, 239, 240, 242, 244, 246, 251], "summary": {"covered_lines": 18, "num_statements": 23, "percent_covered": 78.26086956521739, "percent_covered_display": "78", "missing_lines": 5, "excluded_lines": 0}, "missing_lines": [197, 260, 261, 262, 264], "excluded_lines": []}, "ChromaDBOperations.delete_documents": {"executed_lines": [286, 293, 294, 297, 299, 303], "summary": {"covered_lines": 6, "num_statements": 9, "percent_covered": 66.66666666666667, "percent_covered_display": "67", "missing_lines": 3, "excluded_lines": 0}, "missing_lines": [287, 309, 310], "excluded_lines": []}, "ChromaDBOperations._process_query_results": {"executed_lines": [336, 338, 341, 342, 343, 344, 346, 349, 352, 353, 355, 362, 363, 365, 367], "summary": {"covered_lines": 15, "num_statements": 16, "percent_covered": 93.75, "percent_covered_display": "94", "missing_lines": 1, "excluded_lines": 0}, "missing_lines": [339], "excluded_lines": []}, "": {"executed_lines": [1, 3, 5, 6, 7, 10, 13, 14, 16, 24, 104, 175, 271, 320], "summary": {"covered_lines": 12, "num_statements": 12, "percent_covered": 100.0, "percent_covered_display": "100", "missing_lines": 0, "excluded_lines": 0}, "missing_lines": [], "excluded_lines": []}}, "classes": {"ChromaDBOperations": {"executed_lines": [22, 47, 48, 54, 55, 58, 62, 63, 66, 73, 77, 82, 90, 91, 94, 123, 124, 130, 131, 134, 135, 136, 139, 141, 142, 145, 150, 151, 152, 153, 155, 159, 196, 203, 204, 207, 208, 209, 212, 215, 216, 217, 237, 238, 239, 240, 242, 244, 246, 251, 286, 293, 294, 297, 299, 303, 336, 338, 341, 342, 343, 344, 346, 349, 352, 353, 355, 362, 363, 365, 367], "summary": {"covered_lines": 71, "num_statements": 85, "percent_covered": 83.52941176470588, "percent_covered_display": "84", "missing_lines": 14, "excluded_lines": 0}, "missing_lines": [92, 161, 162, 163, 165, 197, 260, 261, 262, 264, 287, 309, 310, 339], "excluded_lines": []}, "": {"executed_lines": [1, 3, 5, 6, 7, 10, 13, 14, 16, 24, 104, 175, 271, 320], "summary": {"covered_lines": 12, "num_statements": 12, "percent_covered": 100.0, "percent_covered_display": "100", "missing_lines": 0, "excluded_lines": 0}, "missing_lines": [], "excluded_lines": []}}}, "src/shard_markdown/chromadb/protocol.py": {"executed_lines": [1, 3, 5, 8, 9, 15, 23, 37, 55, 67, 75], "summary": {"covered_lines": 2, "num_statements": 2, "percent_covered": 100.0, "percent_covered_display": "100", "missing_lines": 0, "excluded_lines": 77}, "missing_lines": [], "excluded_lines": [8, 9, 10, 11, 12, 13, 14, 15, 16, 17, 18, 19, 20, 21, 22, 23, 24, 25, 26, 27, 28, 29, 30, 31, 32, 33, 34, 35, 36, 37, 38, 39, 40, 41, 42, 43, 44, 45, 46, 47, 48, 49, 50, 51, 52, 53, 54, 55, 56, 57, 58, 59, 60, 61, 62, 63, 64, 65, 66, 67, 68, 69, 70, 71, 72, 73, 74, 75, 76, 77, 78, 79, 80, 81, 82, 83, 84], "functions": {"ChromaDBClientProtocol.connect": {"executed_lines": [], "summary": {"covered_lines": 0, "num_statements": 0, "percent_covered": 100.0, "percent_covered_display": "100", "missing_lines": 0, "excluded_lines": 6}, "missing_lines": [], "excluded_lines": [16, 17, 18, 19, 20, 21]}, "ChromaDBClientProtocol.get_collection": {"executed_lines": [], "summary": {"covered_lines": 0, "num_statements": 0, "percent_covered": 100.0, "percent_covered_display": "100", "missing_lines": 0, "excluded_lines": 12}, "missing_lines": [], "excluded_lines": [24, 25, 26, 27, 28, 29, 30, 31, 32, 33, 34, 35]}, "ChromaDBClientProtocol.get_or_create_collection": {"executed_lines": [], "summary": {"covered_lines": 0, "num_statements": 0, "percent_covered": 100.0, "percent_covered_display": "100", "missing_lines": 0, "excluded_lines": 11}, "missing_lines": [], "excluded_lines": [43, 44, 45, 46, 47, 48, 49, 50, 51, 52, 53]}, "ChromaDBClientProtocol.bulk_insert": {"executed_lines": [], "summary": {"covered_lines": 0, "num_statements": 0, "percent_covered": 100.0, "percent_covered_display": "100", "missing_lines": 0, "excluded_lines": 10}, "missing_lines": [], "excluded_lines": [56, 57, 58, 59, 60, 61, 62, 63, 64, 65]}, "ChromaDBClientProtocol.list_collections": {"executed_lines": [], "summary": {"covered_lines": 0, "num_statements": 0, "percent_covered": 100.0, "percent_covered_display": "100", "missing_lines": 0, "excluded_lines": 6}, "missing_lines": [], "excluded_lines": [68, 69, 70, 71, 72, 73]}, "ChromaDBClientProtocol.delete_collection": {"executed_lines": [], "summary": {"covered_lines": 0, "num_statements": 0, "percent_covered": 100.0, "percent_covered_display": "100", "missing_lines": 0, "excluded_lines": 9}, "missing_lines": [], "excluded_lines": [76, 77, 78, 79, 80, 81, 82, 83, 84]}, "": {"executed_lines": [1, 3, 5, 8, 9, 15, 23, 37, 55, 67, 75], "summary": {"covered_lines": 2, "num_statements": 2, "percent_covered": 100.0, "percent_covered_display": "100", "missing_lines": 0, "excluded_lines": 23}, "missing_lines": [], "excluded_lines": [8, 9, 10, 11, 12, 13, 14, 15, 22, 23, 36, 37, 38, 39, 40, 41, 42, 54, 55, 66, 67, 74, 75]}}, "classes": {"ChromaDBClientProtocol": {"executed_lines": [], "summary": {"covered_lines": 0, "num_statements": 0, "percent_covered": 100.0, "percent_covered_display": "100", "missing_lines": 0, "excluded_lines": 54}, "missing_lines": [], "excluded_lines": [16, 17, 18, 19, 20, 21, 24, 25, 26, 27, 28, 29, 30, 31, 32, 33, 34, 35, 43, 44, 45, 46, 47, 48, 49, 50, 51, 52, 53, 56, 57, 58, 59, 60, 61, 62, 63, 64, 65, 68, 69, 70, 71, 72, 73, 76, 77, 78, 79, 80, 81, 82, 83, 84]}, "": {"executed_lines": [1, 3, 5, 8, 9, 15, 23, 37, 55, 67, 75], "summary": {"covered_lines": 2, "num_statements": 2, "percent_covered": 100.0, "percent_covered_display": "100", "missing_lines": 0, "excluded_lines": 23}, "missing_lines": [], "excluded_lines": [8, 9, 10, 11, 12, 13, 14, 15, 22, 23, 36, 37, 38, 39, 40, 41, 42, 54, 55, 66, 67, 74, 75]}}}, "src/shard_markdown/chromadb/version_detector.py": {"executed_lines": [1, 3, 4, 6, 7, 9, 10, 13, 16, 17, 19, 20, 21, 22, 23, 24, 27, 28, 30, 47, 48, 49, 50, 51, 52, 55, 56, 57, 59, 68, 69, 70, 71, 74, 81, 82, 83, 84, 91, 96, 98, 107, 108, 109, 111, 120, 121, 123, 126, 127, 129, 132, 133, 134, 135, 136, 137, 139, 141, 154, 155, 163, 164, 167, 191, 192, 194, 195, 198, 199, 202, 205, 217, 218, 220, 231, 249, 284, 286, 287, 288, 291, 311, 317, 320], "summary": {"covered_lines": 82, "num_statements": 117, "percent_covered": 70.08547008547009, "percent_covered_display": "70", "missing_lines": 35, "excluded_lines": 0}, "missing_lines": [75, 79, 85, 89, 124, 160, 161, 200, 223, 228, 229, 240, 241, 242, 243, 244, 246, 247, 260, 261, 263, 271, 272, 275, 276, 277, 278, 280, 282, 335, 336, 337, 338, 339, 340], "excluded_lines": [], "functions": {"ChromaDBVersionDetector.__init__": {"executed_lines": [47, 48, 49, 50, 51, 52, 55, 56, 57], "summary": {"covered_lines": 9, "num_statements": 9, "percent_covered": 100.0, "percent_covered_display": "100", "missing_lines": 0, "excluded_lines": 0}, "missing_lines": [], "excluded_lines": []}, "ChromaDBVersionDetector._make_request": {"executed_lines": [68, 69, 70, 71, 74, 81, 82, 83, 84, 91, 96], "summary": {"covered_lines": 11, "num_statements": 15, "percent_covered": 73.33333333333333, "percent_covered_display": "73", "missing_lines": 4, "excluded_lines": 0}, "missing_lines": [75, 79, 85, 89], "excluded_lines": []}, "ChromaDBVersionDetector._test_endpoint": {"executed_lines": [107, 108, 109], "summary": {"covered_lines": 3, "num_statements": 3, "percent_covered": 100.0, "percent_covered_display": "100", "missing_lines": 0, "excluded_lines": 0}, "missing_lines": [], "excluded_lines": []}, "ChromaDBVersionDetector._get_version_info": {"executed_lines": [120, 121, 123, 126, 127, 129, 132, 133, 134, 135, 136, 137, 139], "summary": {"covered_lines": 13, "num_statements": 14, "percent_covered": 92.85714285714286, "percent_covered_display": "93", "missing_lines": 1, "excluded_lines": 0}, "missing_lines": [124], "excluded_lines": []}, "ChromaDBVersionDetector.detect_api_version": {"executed_lines": [154, 155, 163, 164, 167, 191, 192, 194, 195, 198, 199, 202, 205, 217, 218, 220], "summary": {"covered_lines": 16, "num_statements": 22, "percent_covered": 72.72727272727273, "percent_covered_display": "73", "missing_lines": 6, "excluded_lines": 0}, "missing_lines": [160, 161, 200, 223, 228, 229], "excluded_lines": []}, "ChromaDBVersionDetector.test_connection": {"executed_lines": [], "summary": {"covered_lines": 0, "num_statements": 7, "percent_covered": 0.0, "percent_covered_display": "0", "missing_lines": 7, "excluded_lines": 0}, "missing_lines": [240, 241, 242, 243, 244, 246, 247], "excluded_lines": []}, "ChromaDBVersionDetector.get_recommended_client_settings": {"executed_lines": [], "summary": {"covered_lines": 0, "num_statements": 11, "percent_covered": 0.0, "percent_covered_display": "0", "missing_lines": 11, "excluded_lines": 0}, "missing_lines": [260, 261, 263, 271, 272, 275, 276, 277, 278, 280, 282], "excluded_lines": []}, "ChromaDBVersionDetector.clear_cache": {"executed_lines": [286, 287, 288], "summary": {"covered_lines": 3, "num_statements": 3, "percent_covered": 100.0, "percent_covered_display": "100", "missing_lines": 0, "excluded_lines": 0}, "missing_lines": [], "excluded_lines": []}, "detect_chromadb_version": {"executed_lines": [311, 317], "summary": {"covered_lines": 2, "num_statements": 2, "percent_covered": 100.0, "percent_covered_display": "100", "missing_lines": 0, "excluded_lines": 0}, "missing_lines": [], "excluded_lines": []}, "test_chromadb_connection": {"executed_lines": [], "summary": {"covered_lines": 0, "num_statements": 6, "percent_covered": 0.0, "percent_covered_display": "0", "missing_lines": 6, "excluded_lines": 0}, "missing_lines": [335, 336, 337, 338, 339, 340], "excluded_lines": []}, "": {"executed_lines": [1, 3, 4, 6, 7, 9, 10, 13, 16, 17, 19, 20, 21, 22, 23, 24, 27, 28, 30, 59, 98, 111, 141, 231, 249, 284, 291, 320], "summary": {"covered_lines": 25, "num_statements": 25, "percent_covered": 100.0, "percent_covered_display": "100", "missing_lines": 0, "excluded_lines": 0}, "missing_lines": [], "excluded_lines": []}}, "classes": {"APIVersionInfo": {"executed_lines": [], "summary": {"covered_lines": 0, "num_statements": 0, "percent_covered": 100.0, "percent_covered_display": "100", "missing_lines": 0, "excluded_lines": 0}, "missing_lines": [], "excluded_lines": []}, "ChromaDBVersionDetector": {"executed_lines": [47, 48, 49, 50, 51, 52, 55, 56, 57, 68, 69, 70, 71, 74, 81, 82, 83, 84, 91, 96, 107, 108, 109, 120, 121, 123, 126, 127, 129, 132, 133, 134, 135, 136, 137, 139, 154, 155, 163, 164, 167, 191, 192, 194, 195, 198, 199, 202, 205, 217, 218, 220, 286, 287, 288], "summary": {"covered_lines": 55, "num_statements": 84, "percent_covered": 65.47619047619048, "percent_covered_display": "65", "missing_lines": 29, "excluded_lines": 0}, "missing_lines": [75, 79, 85, 89, 124, 160, 161, 200, 223, 228, 229, 240, 241, 242, 243, 244, 246, 247, 260, 261, 263, 271, 272, 275, 276, 277, 278, 280, 282], "excluded_lines": []}, "": {"executed_lines": [1, 3, 4, 6, 7, 9, 10, 13, 16, 17, 19, 20, 21, 22, 23, 24, 27, 28, 30, 59, 98, 111, 141, 231, 249, 284, 291, 311, 317, 320], "summary": {"covered_lines": 27, "num_statements": 33, "percent_covered": 81.81818181818181, "percent_covered_display": "82", "missing_lines": 6, "excluded_lines": 0}, "missing_lines": [335, 336, 337, 338, 339, 340], "excluded_lines": []}}}, "src/shard_markdown/cli/__init__.py": {"executed_lines": [1, 3, 6], "summary": {"covered_lines": 2, "num_statements": 2, "percent_covered": 100.0, "percent_covered_display": "100", "missing_lines": 0, "excluded_lines": 0}, "missing_lines": [], "excluded_lines": [], "functions": {"": {"executed_lines": [1, 3, 6], "summary": {"covered_lines": 2, "num_statements": 2, "percent_covered": 100.0, "percent_covered_display": "100", "missing_lines": 0, "excluded_lines": 0}, "missing_lines": [], "excluded_lines": []}}, "classes": {"": {"executed_lines": [1, 3, 6], "summary": {"covered_lines": 2, "num_statements": 2, "percent_covered": 100.0, "percent_covered_display": "100", "missing_lines": 0, "excluded_lines": 0}, "missing_lines": [], "excluded_lines": []}}}, "src/shard_markdown/cli/commands/__init__.py": {"executed_lines": [1], "summary": {"covered_lines": 0, "num_statements": 0, "percent_covered": 100.0, "percent_covered_display": "100", "missing_lines": 0, "excluded_lines": 0}, "missing_lines": [], "excluded_lines": [], "functions": {"": {"executed_lines": [1], "summary": {"covered_lines": 0, "num_statements": 0, "percent_covered": 100.0, "percent_covered_display": "100", "missing_lines": 0, "excluded_lines": 0}, "missing_lines": [], "excluded_lines": []}}, "classes": {"": {"executed_lines": [1], "summary": {"covered_lines": 0, "num_statements": 0, "percent_covered": 100.0, "percent_covered_display": "100", "missing_lines": 0, "excluded_lines": 0}, "missing_lines": [], "excluded_lines": []}}}, "src/shard_markdown/cli/commands/collections.py": {"executed_lines": [1, 3, 4, 5, 7, 8, 9, 11, 12, 13, 14, 17, 18, 21, 23, 27, 28, 29, 31, 34, 36, 37, 38, 39, 42, 43, 62, 65, 66, 73, 78, 79, 80, 82, 83, 85, 87, 90, 91, 94, 95, 100, 101, 102, 103, 104, 105, 107, 109, 110, 112, 114, 118, 119, 120, 121, 122, 123, 124, 128, 129, 131, 133, 134, 141, 144, 147, 148, 152, 153, 154, 155, 159, 163, 165, 166, 167, 171, 175, 176, 177, 178, 179, 180, 182, 183, 185, 187, 189, 192, 193, 196, 200, 201, 202, 203, 206, 207, 209, 210, 213, 214, 215, 222, 227, 228, 230, 231, 233, 235, 237, 240, 241, 244, 247, 248, 256, 260, 264, 265, 266, 268, 269, 271, 272, 274, 275, 276, 277, 278, 280, 282, 284, 286, 289, 293, 294, 295, 297, 298, 300, 301, 302, 303, 305, 307], "summary": {"covered_lines": 145, "num_statements": 168, "percent_covered": 86.30952380952381, "percent_covered_display": "86", "missing_lines": 23, "excluded_lines": 0}, "missing_lines": [24, 25, 26, 30, 115, 135, 136, 137, 138, 157, 168, 169, 172, 197, 249, 250, 251, 252, 254, 257, 279, 308, 309], "excluded_lines": [], "functions": {"_handle_chromadb_errors": {"executed_lines": [23, 27, 28, 29, 31], "summary": {"covered_lines": 5, "num_statements": 9, "percent_covered": 55.55555555555556, "percent_covered_display": "56", "missing_lines": 4, "excluded_lines": 0}, "missing_lines": [24, 25, 26, 30], "excluded_lines": []}, "_get_connected_chromadb_client": {"executed_lines": [36, 37, 38, 39], "summary": {"covered_lines": 4, "num_statements": 4, "percent_covered": 100.0, "percent_covered_display": "100", "missing_lines": 0, "excluded_lines": 0}, "missing_lines": [], "excluded_lines": []}, "collections": {"executed_lines": [62], "summary": {"covered_lines": 1, "num_statements": 1, "percent_covered": 100.0, "percent_covered_display": "100", "missing_lines": 0, "excluded_lines": 0}, "missing_lines": [], "excluded_lines": []}, "list": {"executed_lines": [82, 83, 85, 87, 90, 91, 94, 95, 100, 101, 102, 103, 104, 105, 107, 109, 110, 112, 114], "summary": {"covered_lines": 19, "num_statements": 20, "percent_covered": 95.0, "percent_covered_display": "95", "missing_lines": 1, "excluded_lines": 0}, "missing_lines": [115], "excluded_lines": []}, "create": {"executed_lines": [128, 129, 131, 133, 134, 141, 144, 147, 148, 152, 153, 154, 155, 159, 163, 165, 166, 167, 171], "summary": {"covered_lines": 19, "num_statements": 27, "percent_covered": 70.37037037037037, "percent_covered_display": "70", "missing_lines": 8, "excluded_lines": 0}, "missing_lines": [135, 136, 137, 138, 157, 168, 169, 172], "excluded_lines": []}, "delete": {"executed_lines": [182, 183, 185, 187, 189, 192, 193, 196, 200, 201, 202, 203, 206, 207, 209, 210], "summary": {"covered_lines": 16, "num_statements": 17, "percent_covered": 94.11764705882354, "percent_covered_display": "94", "missing_lines": 1, "excluded_lines": 0}, "missing_lines": [197], "excluded_lines": []}, "info": {"executed_lines": [230, 231, 233, 235, 237, 240, 241, 244, 247, 248, 256], "summary": {"covered_lines": 11, "num_statements": 17, "percent_covered": 64.70588235294117, "percent_covered_display": "65", "missing_lines": 6, "excluded_lines": 0}, "missing_lines": [249, 250, 251, 252, 254, 257], "excluded_lines": []}, "_display_collections_table": {"executed_lines": [264, 265, 266, 268, 269, 271, 272, 274, 275, 276, 277, 278, 280, 282, 284, 286], "summary": {"covered_lines": 16, "num_statements": 17, "percent_covered": 94.11764705882354, "percent_covered_display": "94", "missing_lines": 1, "excluded_lines": 0}, "missing_lines": [279], "excluded_lines": []}, "_display_collection_info_table": {"executed_lines": [293, 294, 295, 297, 298, 300, 301, 302, 303, 305, 307], "summary": {"covered_lines": 11, "num_statements": 13, "percent_covered": 84.61538461538461, "percent_covered_display": "85", "missing_lines": 2, "excluded_lines": 0}, "missing_lines": [308, 309], "excluded_lines": []}, "": {"executed_lines": [1, 3, 4, 5, 7, 8, 9, 11, 12, 13, 14, 17, 18, 21, 34, 42, 43, 65, 66, 73, 78, 79, 80, 118, 119, 120, 121, 122, 123, 124, 175, 176, 177, 178, 179, 180, 213, 214, 215, 222, 227, 228, 260, 289], "summary": {"covered_lines": 43, "num_statements": 43, "percent_covered": 100.0, "percent_covered_display": "100", "missing_lines": 0, "excluded_lines": 0}, "missing_lines": [], "excluded_lines": []}}, "classes": {"": {"executed_lines": [1, 3, 4, 5, 7, 8, 9, 11, 12, 13, 14, 17, 18, 21, 23, 27, 28, 29, 31, 34, 36, 37, 38, 39, 42, 43, 62, 65, 66, 73, 78, 79, 80, 82, 83, 85, 87, 90, 91, 94, 95, 100, 101, 102, 103, 104, 105, 107, 109, 110, 112, 114, 118, 119, 120, 121, 122, 123, 124, 128, 129, 131, 133, 134, 141, 144, 147, 148, 152, 153, 154, 155, 159, 163, 165, 166, 167, 171, 175, 176, 177, 178, 179, 180, 182, 183, 185, 187, 189, 192, 193, 196, 200, 201, 202, 203, 206, 207, 209, 210, 213, 214, 215, 222, 227, 228, 230, 231, 233, 235, 237, 240, 241, 244, 247, 248, 256, 260, 264, 265, 266, 268, 269, 271, 272, 274, 275, 276, 277, 278, 280, 282, 284, 286, 289, 293, 294, 295, 297, 298, 300, 301, 302, 303, 305, 307], "summary": {"covered_lines": 145, "num_statements": 168, "percent_covered": 86.30952380952381, "percent_covered_display": "86", "missing_lines": 23, "excluded_lines": 0}, "missing_lines": [24, 25, 26, 30, 115, 135, 136, 137, 138, 157, 168, 169, 172, 197, 249, 250, 251, 252, 254, 257, 279, 308, 309], "excluded_lines": []}}}, "src/shard_markdown/cli/commands/config.py": {"executed_lines": [1, 3, 4, 6, 7, 8, 9, 11, 12, 13, 14, 17, 18, 21, 22, 28, 31, 32, 38, 39, 40, 53, 54, 56, 58, 61, 62, 63, 64, 65, 66, 67, 70, 71, 72, 73, 74, 75, 77, 78, 79, 80, 81, 84, 85, 86, 87, 93, 99, 100, 117, 119, 121, 122, 123, 124, 125, 128, 129, 130, 131, 132, 133, 136, 137, 140, 143, 145, 146, 147, 148, 149, 152, 154, 155, 157, 158, 159, 160, 161, 164, 165, 171, 172, 173, 174, 187, 189, 191, 192, 194, 197, 198, 201, 202, 205, 207, 210, 214, 215, 216, 217, 218, 221, 222, 223, 228, 232, 233, 234, 237, 239, 240, 245, 248, 252, 253, 254, 255, 256, 258, 259, 261, 264, 265, 266, 267, 268, 269, 272, 273, 274, 275, 277, 278, 280, 281, 283, 284], "summary": {"covered_lines": 138, "num_statements": 138, "percent_covered": 100.0, "percent_covered_display": "100", "missing_lines": 0, "excluded_lines": 0}, "missing_lines": [], "excluded_lines": [], "functions": {"config": {"executed_lines": [28], "summary": {"covered_lines": 1, "num_statements": 1, "percent_covered": 100.0, "percent_covered_display": "100", "missing_lines": 0, "excluded_lines": 0}, "missing_lines": [], "excluded_lines": []}, "show": {"executed_lines": [53, 54, 56, 58, 61, 62, 63, 64, 65, 66, 67, 70, 71, 72, 73, 74, 75, 77, 78, 79, 80, 81], "summary": {"covered_lines": 22, "num_statements": 22, "percent_covered": 100.0, "percent_covered_display": "100", "missing_lines": 0, "excluded_lines": 0}, "missing_lines": [], "excluded_lines": []}, "set": {"executed_lines": [117, 119, 121, 122, 123, 124, 125, 128, 129, 130, 131, 132, 133, 136, 137, 140, 143, 145, 146, 147, 148, 149, 152, 154, 155, 157, 158, 159, 160, 161], "summary": {"covered_lines": 30, "num_statements": 30, "percent_covered": 100.0, "percent_covered_display": "100", "missing_lines": 0, "excluded_lines": 0}, "missing_lines": [], "excluded_lines": []}, "init": {"executed_lines": [187, 189, 191, 192, 194, 197, 198, 201, 202, 205, 207, 210, 214, 215, 216, 217, 218], "summary": {"covered_lines": 17, "num_statements": 17, "percent_covered": 100.0, "percent_covered_display": "100", "missing_lines": 0, "excluded_lines": 0}, "missing_lines": [], "excluded_lines": []}, "path": {"executed_lines": [228, 232, 233, 234, 237, 239, 240], "summary": {"covered_lines": 7, "num_statements": 7, "percent_covered": 100.0, "percent_covered_display": "100", "missing_lines": 0, "excluded_lines": 0}, "missing_lines": [], "excluded_lines": []}, "_display_config_table": {"executed_lines": [248, 261, 264, 265, 266, 267, 268, 269, 272, 273, 274, 275, 277, 278, 280, 281, 283, 284], "summary": {"covered_lines": 18, "num_statements": 18, "percent_covered": 100.0, "percent_covered_display": "100", "missing_lines": 0, "excluded_lines": 0}, "missing_lines": [], "excluded_lines": []}, "_display_config_table.flatten_dict": {"executed_lines": [252, 253, 254, 255, 256, 258, 259], "summary": {"covered_lines": 7, "num_statements": 7, "percent_covered": 100.0, "percent_covered_display": "100", "missing_lines": 0, "excluded_lines": 0}, "missing_lines": [], "excluded_lines": []}, "": {"executed_lines": [1, 3, 4, 6, 7, 8, 9, 11, 12, 13, 14, 17, 18, 21, 22, 31, 32, 38, 39, 40, 84, 85, 86, 87, 93, 99, 100, 164, 165, 171, 172, 173, 174, 221, 222, 223, 245], "summary": {"covered_lines": 36, "num_statements": 36, "percent_covered": 100.0, "percent_covered_display": "100", "missing_lines": 0, "excluded_lines": 0}, "missing_lines": [], "excluded_lines": []}}, "classes": {"": {"executed_lines": [1, 3, 4, 6, 7, 8, 9, 11, 12, 13, 14, 17, 18, 21, 22, 28, 31, 32, 38, 39, 40, 53, 54, 56, 58, 61, 62, 63, 64, 65, 66, 67, 70, 71, 72, 73, 74, 75, 77, 78, 79, 80, 81, 84, 85, 86, 87, 93, 99, 100, 117, 119, 121, 122, 123, 124, 125, 128, 129, 130, 131, 132, 133, 136, 137, 140, 143, 145, 146, 147, 148, 149, 152, 154, 155, 157, 158, 159, 160, 161, 164, 165, 171, 172, 173, 174, 187, 189, 191, 192, 194, 197, 198, 201, 202, 205, 207, 210, 214, 215, 216, 217, 218, 221, 222, 223, 228, 232, 233, 234, 237, 239, 240, 245, 248, 252, 253, 254, 255, 256, 258, 259, 261, 264, 265, 266, 267, 268, 269, 272, 273, 274, 275, 277, 278, 280, 281, 283, 284], "summary": {"covered_lines": 138, "num_statements": 138, "percent_covered": 100.0, "percent_covered_display": "100", "missing_lines": 0, "excluded_lines": 0}, "missing_lines": [], "excluded_lines": []}}}, "src/shard_markdown/cli/commands/process.py": {"executed_lines": [1, 3, 4, 6, 7, 8, 15, 17, 18, 19, 20, 21, 22, 23, 30, 31, 34, 35, 36, 39, 46, 53, 59, 60, 65, 70, 75, 79, 80, 113, 114, 116, 117, 119, 121, 123, 125, 127, 130, 131, 134, 136, 141, 146, 153, 162, 163, 164, 165, 168, 176, 177, 178, 181, 188, 190, 191, 192, 193, 194, 198, 201, 204, 207, 210, 229, 238, 246, 247, 248, 257, 268, 277, 278, 279, 281, 282, 283, 286, 287, 288, 295, 296, 297, 302, 312, 315, 316, 317, 318, 319, 320, 321, 323, 329, 332, 336, 337, 340, 341, 342, 347, 349, 350, 354, 357, 359, 360, 362, 365, 369, 370, 371, 373, 374, 375, 376, 378, 380, 381, 382, 384, 388, 392, 393, 394, 396, 397, 398, 399, 400, 402, 403, 409, 414, 415, 416, 418, 419, 420, 421, 422, 423, 424, 425, 427, 428, 429, 430, 432, 435, 441, 442], "summary": {"covered_lines": 152, "num_statements": 178, "percent_covered": 85.3932584269663, "percent_covered_display": "85", "missing_lines": 26, "excluded_lines": 0}, "missing_lines": [196, 202, 214, 215, 216, 217, 218, 219, 220, 221, 225, 226, 299, 333, 334, 344, 351, 352, 353, 361, 385, 436, 437, 438, 439, 448], "excluded_lines": [], "functions": {"process": {"executed_lines": [113, 114, 116, 117, 119, 121, 123, 125, 127, 130, 131, 134, 136, 141, 146, 153, 162, 163, 164, 165], "summary": {"covered_lines": 20, "num_statements": 20, "percent_covered": 100.0, "percent_covered_display": "100", "missing_lines": 0, "excluded_lines": 0}, "missing_lines": [], "excluded_lines": []}, "_validate_and_prepare": {"executed_lines": [176, 177, 178], "summary": {"covered_lines": 3, "num_statements": 3, "percent_covered": 100.0, "percent_covered_display": "100", "missing_lines": 0, "excluded_lines": 0}, "missing_lines": [], "excluded_lines": []}, "_setup_chromadb_and_collection": {"executed_lines": [188, 190, 191, 192, 193, 194, 198, 201, 204, 207], "summary": {"covered_lines": 10, "num_statements": 12, "percent_covered": 83.33333333333333, "percent_covered_display": "83", "missing_lines": 2, "excluded_lines": 0}, "missing_lines": [196, 202], "excluded_lines": []}, "_handle_collection_clearing": {"executed_lines": [], "summary": {"covered_lines": 0, "num_statements": 10, "percent_covered": 0.0, "percent_covered_display": "0", "missing_lines": 10, "excluded_lines": 0}, "missing_lines": [214, 215, 216, 217, 218, 219, 220, 221, 225, 226], "excluded_lines": []}, "_process_files_with_progress": {"executed_lines": [238, 246, 247, 248, 257], "summary": {"covered_lines": 5, "num_statements": 5, "percent_covered": 100.0, "percent_covered_display": "100", "missing_lines": 0, "excluded_lines": 0}, "missing_lines": [], "excluded_lines": []}, "_process_single_file": {"executed_lines": [277, 278, 279, 281, 282, 283, 286, 287, 288, 295, 296, 297], "summary": {"covered_lines": 12, "num_statements": 13, "percent_covered": 92.3076923076923, "percent_covered_display": "92", "missing_lines": 1, "excluded_lines": 0}, "missing_lines": [299], "excluded_lines": []}, "_process_batch_files": {"executed_lines": [312, 315, 316, 317, 318, 319, 320, 321, 323, 329, 332, 336, 337, 340, 341, 342], "summary": {"covered_lines": 16, "num_statements": 19, "percent_covered": 84.21052631578948, "percent_covered_display": "84", "missing_lines": 3, "excluded_lines": 0}, "missing_lines": [333, 334, 344], "excluded_lines": []}, "_handle_shard_error": {"executed_lines": [349, 350, 354], "summary": {"covered_lines": 3, "num_statements": 6, "percent_covered": 50.0, "percent_covered_display": "50", "missing_lines": 3, "excluded_lines": 0}, "missing_lines": [351, 352, 353], "excluded_lines": []}, "_handle_unexpected_error": {"executed_lines": [359, 360, 362], "summary": {"covered_lines": 3, "num_statements": 4, "percent_covered": 75.0, "percent_covered_display": "75", "missing_lines": 1, "excluded_lines": 0}, "missing_lines": [361], "excluded_lines": []}, "_show_dry_run_preview": {"executed_lines": [369, 370, 371, 373, 374, 375, 376, 378, 380, 381, 382, 384], "summary": {"covered_lines": 12, "num_statements": 13, "percent_covered": 92.3076923076923, "percent_covered_display": "92", "missing_lines": 1, "excluded_lines": 0}, "missing_lines": [385], "excluded_lines": []}, "_display_single_result": {"executed_lines": [392, 393, 394, 396, 397, 398, 399, 400, 402, 403], "summary": {"covered_lines": 10, "num_statements": 10, "percent_covered": 100.0, "percent_covered_display": "100", "missing_lines": 0, "excluded_lines": 0}, "missing_lines": [], "excluded_lines": []}, "_display_batch_results": {"executed_lines": [414, 415, 416, 418, 419, 420, 421, 422, 423, 424, 425, 427, 428, 429, 430, 432, 435, 441, 442], "summary": {"covered_lines": 19, "num_statements": 24, "percent_covered": 79.16666666666667, "percent_covered_display": "79", "missing_lines": 5, "excluded_lines": 0}, "missing_lines": [436, 437, 438, 439, 448], "excluded_lines": []}, "": {"executed_lines": [1, 3, 4, 6, 7, 8, 15, 17, 18, 19, 20, 21, 22, 23, 30, 31, 34, 35, 36, 39, 46, 53, 59, 60, 65, 70, 75, 79, 80, 168, 181, 210, 229, 268, 302, 347, 357, 365, 388, 409], "summary": {"covered_lines": 39, "num_statements": 39, "percent_covered": 100.0, "percent_covered_display": "100", "missing_lines": 0, "excluded_lines": 0}, "missing_lines": [], "excluded_lines": []}}, "classes": {"": {"executed_lines": [1, 3, 4, 6, 7, 8, 15, 17, 18, 19, 20, 21, 22, 23, 30, 31, 34, 35, 36, 39, 46, 53, 59, 60, 65, 70, 75, 79, 80, 113, 114, 116, 117, 119, 121, 123, 125, 127, 130, 131, 134, 136, 141, 146, 153, 162, 163, 164, 165, 168, 176, 177, 178, 181, 188, 190, 191, 192, 193, 194, 198, 201, 204, 207, 210, 229, 238, 246, 247, 248, 257, 268, 277, 278, 279, 281, 282, 283, 286, 287, 288, 295, 296, 297, 302, 312, 315, 316, 317, 318, 319, 320, 321, 323, 329, 332, 336, 337, 340, 341, 342, 347, 349, 350, 354, 357, 359, 360, 362, 365, 369, 370, 371, 373, 374, 375, 376, 378, 380, 381, 382, 384, 388, 392, 393, 394, 396, 397, 398, 399, 400, 402, 403, 409, 414, 415, 416, 418, 419, 420, 421, 422, 423, 424, 425, 427, 428, 429, 430, 432, 435, 441, 442], "summary": {"covered_lines": 152, "num_statements": 178, "percent_covered": 85.3932584269663, "percent_covered_display": "85", "missing_lines": 26, "excluded_lines": 0}, "missing_lines": [196, 202, 214, 215, 216, 217, 218, 219, 220, 221, 225, 226, 299, 333, 334, 344, 351, 352, 353, 361, 385, 436, 437, 438, 439, 448], "excluded_lines": []}}}, "src/shard_markdown/cli/commands/query.py": {"executed_lines": [1, 3, 4, 6, 7, 8, 10, 11, 12, 15, 16, 19, 21, 22, 23, 29, 32, 34, 35, 37, 40, 41, 55, 58, 59, 60, 61, 68, 74, 80, 87, 88, 98, 99, 101, 103, 106, 107, 108, 109, 112, 116, 117, 122, 123, 124, 127, 128, 131, 132, 133, 134, 135, 137, 138, 140, 141, 143, 144, 147, 148, 149, 150, 157, 163, 164, 172, 173, 175, 177, 180, 181, 186, 191, 192, 202, 203, 204, 207, 208, 218, 224, 228, 229, 230, 231, 232, 234, 235, 237, 238, 239, 240, 242, 246, 247, 251, 252, 254, 256, 257, 258, 260, 265, 272, 274, 278, 280, 283, 285, 286, 287, 289, 290, 291, 293, 294, 296, 297, 298, 300, 303, 304, 307, 311, 312, 313, 314, 316, 317, 320, 327, 328, 330, 332, 335], "summary": {"covered_lines": 135, "num_statements": 164, "percent_covered": 82.3170731707317, "percent_covered_display": "82", "missing_lines": 29, "excluded_lines": 0}, "missing_lines": [24, 25, 26, 27, 28, 36, 118, 119, 182, 183, 198, 199, 209, 210, 211, 212, 213, 215, 216, 220, 221, 248, 273, 276, 339, 341, 344, 345, 347], "excluded_lines": [], "functions": {"_handle_chromadb_errors": {"executed_lines": [21, 22, 23, 29], "summary": {"covered_lines": 4, "num_statements": 9, "percent_covered": 44.44444444444444, "percent_covered_display": "44", "missing_lines": 5, "excluded_lines": 0}, "missing_lines": [24, 25, 26, 27, 28], "excluded_lines": []}, "_get_connected_chromadb_client": {"executed_lines": [34, 35, 37], "summary": {"covered_lines": 3, "num_statements": 4, "percent_covered": 75.0, "percent_covered_display": "75", "missing_lines": 1, "excluded_lines": 0}, "missing_lines": [36], "excluded_lines": []}, "query": {"executed_lines": [55], "summary": {"covered_lines": 1, "num_statements": 1, "percent_covered": 100.0, "percent_covered_display": "100", "missing_lines": 0, "excluded_lines": 0}, "missing_lines": [], "excluded_lines": []}, "search": {"executed_lines": [98, 99, 101, 103, 106, 107, 108, 109, 112, 116, 117, 122, 123, 124, 127, 128, 131, 132, 133, 134, 135, 137, 138, 140, 141, 143, 144], "summary": {"covered_lines": 27, "num_statements": 29, "percent_covered": 93.10344827586206, "percent_covered_display": "93", "missing_lines": 2, "excluded_lines": 0}, "missing_lines": [118, 119], "excluded_lines": []}, "get": {"executed_lines": [172, 173, 175, 177, 180, 181, 186, 191, 192, 202, 203, 204, 207, 208, 218], "summary": {"covered_lines": 15, "num_statements": 28, "percent_covered": 53.57142857142857, "percent_covered_display": "54", "missing_lines": 13, "excluded_lines": 0}, "missing_lines": [182, 183, 198, 199, 209, 210, 211, 212, 213, 215, 216, 220, 221], "excluded_lines": []}, "_display_search_results_table": {"executed_lines": [228, 229, 230, 231, 232, 234, 235, 237, 238, 239, 240, 242, 246, 247, 251, 252, 254, 256, 257, 258, 260, 265, 272, 274, 278, 280], "summary": {"covered_lines": 26, "num_statements": 29, "percent_covered": 89.65517241379311, "percent_covered_display": "90", "missing_lines": 3, "excluded_lines": 0}, "missing_lines": [248, 273, 276], "excluded_lines": []}, "_display_document_table": {"executed_lines": [285, 286, 287, 289, 290, 291, 293, 294, 296, 297, 298, 300, 303, 304], "summary": {"covered_lines": 14, "num_statements": 14, "percent_covered": 100.0, "percent_covered_display": "100", "missing_lines": 0, "excluded_lines": 0}, "missing_lines": [], "excluded_lines": []}, "_format_search_results": {"executed_lines": [311, 312, 313, 314, 316, 317, 320, 327, 328, 330, 332], "summary": {"covered_lines": 11, "num_statements": 11, "percent_covered": 100.0, "percent_covered_display": "100", "missing_lines": 0, "excluded_lines": 0}, "missing_lines": [], "excluded_lines": []}, "_format_document_result": {"executed_lines": [], "summary": {"covered_lines": 0, "num_statements": 5, "percent_covered": 0.0, "percent_covered_display": "0", "missing_lines": 5, "excluded_lines": 0}, "missing_lines": [339, 341, 344, 345, 347], "excluded_lines": []}, "": {"executed_lines": [1, 3, 4, 6, 7, 8, 10, 11, 12, 15, 16, 19, 32, 40, 41, 58, 59, 60, 61, 68, 74, 80, 87, 88, 147, 148, 149, 150, 157, 163, 164, 224, 283, 307, 335], "summary": {"covered_lines": 34, "num_statements": 34, "percent_covered": 100.0, "percent_covered_display": "100", "missing_lines": 0, "excluded_lines": 0}, "missing_lines": [], "excluded_lines": []}}, "classes": {"": {"executed_lines": [1, 3, 4, 6, 7, 8, 10, 11, 12, 15, 16, 19, 21, 22, 23, 29, 32, 34, 35, 37, 40, 41, 55, 58, 59, 60, 61, 68, 74, 80, 87, 88, 98, 99, 101, 103, 106, 107, 108, 109, 112, 116, 117, 122, 123, 124, 127, 128, 131, 132, 133, 134, 135, 137, 138, 140, 141, 143, 144, 147, 148, 149, 150, 157, 163, 164, 172, 173, 175, 177, 180, 181, 186, 191, 192, 202, 203, 204, 207, 208, 218, 224, 228, 229, 230, 231, 232, 234, 235, 237, 238, 239, 240, 242, 246, 247, 251, 252, 254, 256, 257, 258, 260, 265, 272, 274, 278, 280, 283, 285, 286, 287, 289, 290, 291, 293, 294, 296, 297, 298, 300, 303, 304, 307, 311, 312, 313, 314, 316, 317, 320, 327, 328, 330, 332, 335], "summary": {"covered_lines": 135, "num_statements": 164, "percent_covered": 82.3170731707317, "percent_covered_display": "82", "missing_lines": 29, "excluded_lines": 0}, "missing_lines": [24, 25, 26, 27, 28, 36, 118, 119, 182, 183, 198, 199, 209, 210, 211, 212, 213, 215, 216, 220, 221, 248, 273, 276, 339, 341, 344, 345, 347], "excluded_lines": []}}}, "src/shard_markdown/cli/main.py": {"executed_lines": [1, 3, 4, 6, 7, 8, 10, 11, 12, 16, 18, 21, 22, 25, 31, 32, 33, 34, 35, 57, 59, 61, 62, 63, 66, 69, 71, 79, 80, 81, 83, 84, 85, 86, 87, 88, 91, 92, 93, 95, 96, 100, 101, 102, 103, 106, 111], "summary": {"covered_lines": 45, "num_statements": 46, "percent_covered": 97.82608695652173, "percent_covered_display": "98", "missing_lines": 1, "excluded_lines": 2}, "missing_lines": [108], "excluded_lines": [111, 112], "functions": {"cli": {"executed_lines": [57, 59, 61, 62, 63, 66, 69, 71, 79, 80, 81, 83, 84, 85, 86, 87, 88], "summary": {"covered_lines": 17, "num_statements": 17, "percent_covered": 100.0, "percent_covered_display": "100", "missing_lines": 0, "excluded_lines": 0}, "missing_lines": [], "excluded_lines": []}, "version": {"executed_lines": [95, 96], "summary": {"covered_lines": 2, "num_statements": 2, "percent_covered": 100.0, "percent_covered_display": "100", "missing_lines": 0, "excluded_lines": 0}, "missing_lines": [], "excluded_lines": []}, "main": {"executed_lines": [], "summary": {"covered_lines": 0, "num_statements": 1, "percent_covered": 0.0, "percent_covered_display": "0", "missing_lines": 1, "excluded_lines": 0}, "missing_lines": [108], "excluded_lines": []}, "": {"executed_lines": [1, 3, 4, 6, 7, 8, 10, 11, 12, 16, 18, 21, 22, 25, 31, 32, 33, 34, 35, 91, 92, 93, 100, 101, 102, 103, 106, 111], "summary": {"covered_lines": 26, "num_statements": 26, "percent_covered": 100.0, "percent_covered_display": "100", "missing_lines": 0, "excluded_lines": 2}, "missing_lines": [], "excluded_lines": [111, 112]}}, "classes": {"": {"executed_lines": [1, 3, 4, 6, 7, 8, 10, 11, 12, 16, 18, 21, 22, 25, 31, 32, 33, 34, 35, 57, 59, 61, 62, 63, 66, 69, 71, 79, 80, 81, 83, 84, 85, 86, 87, 88, 91, 92, 93, 95, 96, 100, 101, 102, 103, 106, 111], "summary": {"covered_lines": 45, "num_statements": 46, "percent_covered": 97.82608695652173, "percent_covered_display": "98", "missing_lines": 1, "excluded_lines": 2}, "missing_lines": [108], "excluded_lines": [111, 112]}}}, "src/shard_markdown/config/__init__.py": {"executed_lines": [1, 3, 4, 7], "summary": {"covered_lines": 3, "num_statements": 3, "percent_covered": 100.0, "percent_covered_display": "100", "missing_lines": 0, "excluded_lines": 0}, "missing_lines": [], "excluded_lines": [], "functions": {"": {"executed_lines": [1, 3, 4, 7], "summary": {"covered_lines": 3, "num_statements": 3, "percent_covered": 100.0, "percent_covered_display": "100", "missing_lines": 0, "excluded_lines": 0}, "missing_lines": [], "excluded_lines": []}}, "classes": {"": {"executed_lines": [1, 3, 4, 7], "summary": {"covered_lines": 3, "num_statements": 3, "percent_covered": 100.0, "percent_covered_display": "100", "missing_lines": 0, "excluded_lines": 0}, "missing_lines": [], "excluded_lines": []}}}, "src/shard_markdown/config/defaults.py": {"executed_lines": [1, 3, 7, 14, 48, 60, 61, 62], "summary": {"covered_lines": 7, "num_statements": 7, "percent_covered": 100.0, "percent_covered_display": "100", "missing_lines": 0, "excluded_lines": 0}, "missing_lines": [], "excluded_lines": [], "functions": {"": {"executed_lines": [1, 3, 7, 14, 48, 60, 61, 62], "summary": {"covered_lines": 7, "num_statements": 7, "percent_covered": 100.0, "percent_covered_display": "100", "missing_lines": 0, "excluded_lines": 0}, "missing_lines": [], "excluded_lines": []}}, "classes": {"": {"executed_lines": [1, 3, 7, 14, 48, 60, 61, 62], "summary": {"covered_lines": 7, "num_statements": 7, "percent_covered": 100.0, "percent_covered_display": "100", "missing_lines": 0, "excluded_lines": 0}, "missing_lines": [], "excluded_lines": []}}}, "src/shard_markdown/config/loader.py": {"executed_lines": [1, 3, 4, 5, 7, 8, 10, 11, 12, 15, 29, 33, 34, 36, 38, 41, 44, 45, 48, 51, 52, 57, 65, 68, 71, 72, 75, 85, 89, 92, 93, 96, 102, 103, 104, 108, 120, 121, 122, 123, 124, 125, 132, 144, 146, 147, 148, 150, 152], "summary": {"covered_lines": 48, "num_statements": 55, "percent_covered": 87.27272727272727, "percent_covered_display": "87", "missing_lines": 7, "excluded_lines": 0}, "missing_lines": [35, 53, 54, 86, 105, 128, 129], "excluded_lines": [], "functions": {"load_config": {"executed_lines": [29, 33, 34, 36, 38, 41, 44, 45, 48, 51, 52], "summary": {"covered_lines": 11, "num_statements": 14, "percent_covered": 78.57142857142857, "percent_covered_display": "79", "missing_lines": 3, "excluded_lines": 0}, "missing_lines": [35, 53, 54], "excluded_lines": []}, "save_config": {"executed_lines": [65, 68, 71, 72], "summary": {"covered_lines": 4, "num_statements": 4, "percent_covered": 100.0, "percent_covered_display": "100", "missing_lines": 0, "excluded_lines": 0}, "missing_lines": [], "excluded_lines": []}, "create_default_config": {"executed_lines": [85, 89, 92, 93], "summary": {"covered_lines": 4, "num_statements": 5, "percent_covered": 80.0, "percent_covered_display": "80", "missing_lines": 1, "excluded_lines": 0}, "missing_lines": [86], "excluded_lines": []}, "_find_config_file": {"executed_lines": [102, 103, 104], "summary": {"covered_lines": 3, "num_statements": 4, "percent_covered": 75.0, "percent_covered_display": "75", "missing_lines": 1, "excluded_lines": 0}, "missing_lines": [105], "excluded_lines": []}, "_load_config_file": {"executed_lines": [120, 121, 122, 123, 124, 125], "summary": {"covered_lines": 6, "num_statements": 8, "percent_covered": 75.0, "percent_covered_display": "75", "missing_lines": 2, "excluded_lines": 0}, "missing_lines": [128, 129], "excluded_lines": []}, "_apply_env_overrides": {"executed_lines": [144, 146, 147, 148, 150, 152], "summary": {"covered_lines": 6, "num_statements": 6, "percent_covered": 100.0, "percent_covered_display": "100", "missing_lines": 0, "excluded_lines": 0}, "missing_lines": [], "excluded_lines": []}, "": {"executed_lines": [1, 3, 4, 5, 7, 8, 10, 11, 12, 15, 57, 75, 96, 108, 132], "summary": {"covered_lines": 14, "num_statements": 14, "percent_covered": 100.0, "percent_covered_display": "100", "missing_lines": 0, "excluded_lines": 0}, "missing_lines": [], "excluded_lines": []}}, "classes": {"": {"executed_lines": [1, 3, 4, 5, 7, 8, 10, 11, 12, 15, 29, 33, 34, 36, 38, 41, 44, 45, 48, 51, 52, 57, 65, 68, 71, 72, 75, 85, 89, 92, 93, 96, 102, 103, 104, 108, 120, 121, 122, 123, 124, 125, 132, 144, 146, 147, 148, 150, 152], "summary": {"covered_lines": 48, "num_statements": 55, "percent_covered": 87.27272727272727, "percent_covered_display": "87", "missing_lines": 7, "excluded_lines": 0}, "missing_lines": [35, 53, 54, 86, 105, 128, 129], "excluded_lines": []}}}, "src/shard_markdown/config/settings.py": {"executed_lines": [1, 3, 4, 5, 6, 7, 9, 12, 13, 15, 16, 17, 20, 21, 23, 24, 25, 26, 27, 29, 30, 31, 33, 34, 36, 39, 40, 41, 42, 43, 46, 47, 52, 53, 59, 65, 70, 73, 74, 76, 82, 88, 91, 94, 98, 99, 100, 102, 103, 104, 107, 108, 110, 116, 119, 122, 125, 130, 131, 133, 134, 138, 139, 143, 148, 149, 151, 152, 153, 154, 157, 161, 165], "summary": {"covered_lines": 66, "num_statements": 68, "percent_covered": 97.05882352941177, "percent_covered_display": "97", "missing_lines": 2, "excluded_lines": 0}, "missing_lines": [54, 66], "excluded_lines": [], "functions": {"ChromaDBConfig.validate_host": {"executed_lines": [33, 34, 36, 39, 40, 41, 42, 43, 46, 47, 52, 53, 59, 65, 70], "summary": {"covered_lines": 15, "num_statements": 17, "percent_covered": 88.23529411764706, "percent_covered_display": "88", "missing_lines": 2, "excluded_lines": 0}, "missing_lines": [54, 66], "excluded_lines": []}, "ChunkingConfig.validate_overlap": {"executed_lines": [102, 103, 104], "summary": {"covered_lines": 3, "num_statements": 3, "percent_covered": 100.0, "percent_covered_display": "100", "missing_lines": 0, "excluded_lines": 0}, "missing_lines": [], "excluded_lines": []}, "": {"executed_lines": [1, 3, 4, 5, 6, 7, 9, 12, 13, 15, 16, 17, 20, 21, 23, 24, 25, 26, 27, 29, 30, 31, 73, 74, 76, 82, 88, 91, 94, 98, 99, 100, 107, 108, 110, 116, 119, 122, 125, 130, 131, 133, 134, 138, 139, 143, 148, 149, 151, 152, 153, 154, 157, 161, 165], "summary": {"covered_lines": 48, "num_statements": 48, "percent_covered": 100.0, "percent_covered_display": "100", "missing_lines": 0, "excluded_lines": 0}, "missing_lines": [], "excluded_lines": []}}, "classes": {"ChunkingMethod": {"executed_lines": [], "summary": {"covered_lines": 0, "num_statements": 0, "percent_covered": 100.0, "percent_covered_display": "100", "missing_lines": 0, "excluded_lines": 0}, "missing_lines": [], "excluded_lines": []}, "ChromaDBConfig": {"executed_lines": [33, 34, 36, 39, 40, 41, 42, 43, 46, 47, 52, 53, 59, 65, 70], "summary": {"covered_lines": 15, "num_statements": 17, "percent_covered": 88.23529411764706, "percent_covered_display": "88", "missing_lines": 2, "excluded_lines": 0}, "missing_lines": [54, 66], "excluded_lines": []}, "ChunkingConfig": {"executed_lines": [102, 103, 104], "summary": {"covered_lines": 3, "num_statements": 3, "percent_covered": 100.0, "percent_covered_display": "100", "missing_lines": 0, "excluded_lines": 0}, "missing_lines": [], "excluded_lines": []}, "ProcessingConfig": {"executed_lines": [], "summary": {"covered_lines": 0, "num_statements": 0, "percent_covered": 100.0, "percent_covered_display": "100", "missing_lines": 0, "excluded_lines": 0}, "missing_lines": [], "excluded_lines": []}, "LoggingConfig": {"executed_lines": [], "summary": {"covered_lines": 0, "num_statements": 0, "percent_covered": 100.0, "percent_covered_display": "100", "missing_lines": 0, "excluded_lines": 0}, "missing_lines": [], "excluded_lines": []}, "AppConfig": {"executed_lines": [], "summary": {"covered_lines": 0, "num_statements": 0, "percent_covered": 100.0, "percent_covered_display": "100", "missing_lines": 0, "excluded_lines": 0}, "missing_lines": [], "excluded_lines": []}, "": {"executed_lines": [1, 3, 4, 5, 6, 7, 9, 12, 13, 15, 16, 17, 20, 21, 23, 24, 25, 26, 27, 29, 30, 31, 73, 74, 76, 82, 88, 91, 94, 98, 99, 100, 107, 108, 110, 116, 119, 122, 125, 130, 131, 133, 134, 138, 139, 143, 148, 149, 151, 152, 153, 154, 157, 161, 165], "summary": {"covered_lines": 48, "num_statements": 48, "percent_covered": 100.0, "percent_covered_display": "100", "missing_lines": 0, "excluded_lines": 0}, "missing_lines": [], "excluded_lines": []}}}, "src/shard_markdown/config/utils.py": {"executed_lines": [1, 7, 10, 18, 19, 22, 23, 24, 25, 28], "summary": {"covered_lines": 9, "num_statements": 9, "percent_covered": 100.0, "percent_covered_display": "100", "missing_lines": 0, "excluded_lines": 0}, "missing_lines": [], "excluded_lines": [], "functions": {"set_nested_value": {"executed_lines": [18, 19, 22, 23, 24, 25, 28], "summary": {"covered_lines": 7, "num_statements": 7, "percent_covered": 100.0, "percent_covered_display": "100", "missing_lines": 0, "excluded_lines": 0}, "missing_lines": [], "excluded_lines": []}, "": {"executed_lines": [1, 7, 10], "summary": {"covered_lines": 2, "num_statements": 2, "percent_covered": 100.0, "percent_covered_display": "100", "missing_lines": 0, "excluded_lines": 0}, "missing_lines": [], "excluded_lines": []}}, "classes": {"": {"executed_lines": [1, 7, 10, 18, 19, 22, 23, 24, 25, 28], "summary": {"covered_lines": 9, "num_statements": 9, "percent_covered": 100.0, "percent_covered_display": "100", "missing_lines": 0, "excluded_lines": 0}, "missing_lines": [], "excluded_lines": []}}}, "src/shard_markdown/core/__init__.py": {"executed_lines": [1, 3, 4, 5, 8], "summary": {"covered_lines": 4, "num_statements": 4, "percent_covered": 100.0, "percent_covered_display": "100", "missing_lines": 0, "excluded_lines": 0}, "missing_lines": [], "excluded_lines": [], "functions": {"": {"executed_lines": [1, 3, 4, 5, 8], "summary": {"covered_lines": 4, "num_statements": 4, "percent_covered": 100.0, "percent_covered_display": "100", "missing_lines": 0, "excluded_lines": 0}, "missing_lines": [], "excluded_lines": []}}, "classes": {"": {"executed_lines": [1, 3, 4, 5, 8], "summary": {"covered_lines": 4, "num_statements": 4, "percent_covered": 100.0, "percent_covered_display": "100", "missing_lines": 0, "excluded_lines": 0}, "missing_lines": [], "excluded_lines": []}}}, "src/shard_markdown/core/chunking/__init__.py": {"executed_lines": [1, 3, 4, 5, 6, 9], "summary": {"covered_lines": 5, "num_statements": 5, "percent_covered": 100.0, "percent_covered_display": "100", "missing_lines": 0, "excluded_lines": 0}, "missing_lines": [], "excluded_lines": [], "functions": {"": {"executed_lines": [1, 3, 4, 5, 6, 9], "summary": {"covered_lines": 5, "num_statements": 5, "percent_covered": 100.0, "percent_covered_display": "100", "missing_lines": 0, "excluded_lines": 0}, "missing_lines": [], "excluded_lines": []}}, "classes": {"": {"executed_lines": [1, 3, 4, 5, 6, 9], "summary": {"covered_lines": 5, "num_statements": 5, "percent_covered": 100.0, "percent_covered_display": "100", "missing_lines": 0, "excluded_lines": 0}, "missing_lines": [], "excluded_lines": []}}}, "src/shard_markdown/core/chunking/base.py": {"executed_lines": [1, 3, 5, 8, 9, 11, 17, 19, 20, 31, 45, 52, 59, 68, 69, 72, 75, 76, 77, 78, 79, 82], "summary": {"covered_lines": 18, "num_statements": 18, "percent_covered": 100.0, "percent_covered_display": "100", "missing_lines": 0, "excluded_lines": 11}, "missing_lines": [], "excluded_lines": [19, 20, 21, 22, 23, 24, 25, 26, 27, 28, 29], "functions": {"BaseChunker.__init__": {"executed_lines": [17], "summary": {"covered_lines": 1, "num_statements": 1, "percent_covered": 100.0, "percent_covered_display": "100", "missing_lines": 0, "excluded_lines": 0}, "missing_lines": [], "excluded_lines": []}, "BaseChunker.chunk_document": {"executed_lines": [], "summary": {"covered_lines": 0, "num_statements": 0, "percent_covered": 100.0, "percent_covered_display": "100", "missing_lines": 0, "excluded_lines": 9}, "missing_lines": [], "excluded_lines": [21, 22, 23, 24, 25, 26, 27, 28, 29]}, "BaseChunker._create_chunk": {"executed_lines": [45, 52], "summary": {"covered_lines": 2, "num_statements": 2, "percent_covered": 100.0, "percent_covered_display": "100", "missing_lines": 0, "excluded_lines": 0}, "missing_lines": [], "excluded_lines": []}, "BaseChunker._get_overlap_content": {"executed_lines": [68, 69, 72, 75, 76, 77, 78, 79, 82], "summary": {"covered_lines": 9, "num_statements": 9, "percent_covered": 100.0, "percent_covered_display": "100", "missing_lines": 0, "excluded_lines": 0}, "missing_lines": [], "excluded_lines": []}, "": {"executed_lines": [1, 3, 5, 8, 9, 11, 19, 20, 31, 59], "summary": {"covered_lines": 6, "num_statements": 6, "percent_covered": 100.0, "percent_covered_display": "100", "missing_lines": 0, "excluded_lines": 2}, "missing_lines": [], "excluded_lines": [19, 20]}}, "classes": {"BaseChunker": {"executed_lines": [17, 45, 52, 68, 69, 72, 75, 76, 77, 78, 79, 82], "summary": {"covered_lines": 12, "num_statements": 12, "percent_covered": 100.0, "percent_covered_display": "100", "missing_lines": 0, "excluded_lines": 9}, "missing_lines": [], "excluded_lines": [21, 22, 23, 24, 25, 26, 27, 28, 29]}, "": {"executed_lines": [1, 3, 5, 8, 9, 11, 19, 20, 31, 59], "summary": {"covered_lines": 6, "num_statements": 6, "percent_covered": 100.0, "percent_covered_display": "100", "missing_lines": 0, "excluded_lines": 2}, "missing_lines": [], "excluded_lines": [19, 20]}}}, "src/shard_markdown/core/chunking/engine.py": {"executed_lines": [1, 3, 4, 5, 6, 7, 10, 13, 14, 16, 22, 23, 28, 40, 41, 42, 44, 45, 46, 55, 56, 57, 60, 63, 64, 65, 66, 68, 69, 71, 82, 91, 95, 98, 106, 107, 111, 112, 122], "summary": {"covered_lines": 37, "num_statements": 42, "percent_covered": 88.0952380952381, "percent_covered_display": "88", "missing_lines": 5, "excluded_lines": 0}, "missing_lines": [72, 73, 75, 92, 99], "excluded_lines": [], "functions": {"ChunkingEngine.__init__": {"executed_lines": [22, 23], "summary": {"covered_lines": 2, "num_statements": 2, "percent_covered": 100.0, "percent_covered_display": "100", "missing_lines": 0, "excluded_lines": 0}, "missing_lines": [], "excluded_lines": []}, "ChunkingEngine.chunk_document": {"executed_lines": [40, 41, 42, 44, 45, 46, 55, 56, 57, 60, 63, 64, 65, 66, 68, 69, 71], "summary": {"covered_lines": 17, "num_statements": 20, "percent_covered": 85.0, "percent_covered_display": "85", "missing_lines": 3, "excluded_lines": 0}, "missing_lines": [72, 73, 75], "excluded_lines": []}, "ChunkingEngine._validate_chunks": {"executed_lines": [91, 95, 98, 106, 107, 111, 112, 122], "summary": {"covered_lines": 8, "num_statements": 10, "percent_covered": 80.0, "percent_covered_display": "80", "missing_lines": 2, "excluded_lines": 0}, "missing_lines": [92, 99], "excluded_lines": []}, "": {"executed_lines": [1, 3, 4, 5, 6, 7, 10, 13, 14, 16, 28, 82], "summary": {"covered_lines": 10, "num_statements": 10, "percent_covered": 100.0, "percent_covered_display": "100", "missing_lines": 0, "excluded_lines": 0}, "missing_lines": [], "excluded_lines": []}}, "classes": {"ChunkingEngine": {"executed_lines": [22, 23, 40, 41, 42, 44, 45, 46, 55, 56, 57, 60, 63, 64, 65, 66, 68, 69, 71, 91, 95, 98, 106, 107, 111, 112, 122], "summary": {"covered_lines": 27, "num_statements": 32, "percent_covered": 84.375, "percent_covered_display": "84", "missing_lines": 5, "excluded_lines": 0}, "missing_lines": [72, 73, 75, 92, 99], "excluded_lines": []}, "": {"executed_lines": [1, 3, 4, 5, 6, 7, 10, 13, 14, 16, 28, 8
[...]
ng_lines": [], "excluded_lines": []}, "MarkdownParser.parse": {"executed_lines": [42, 44, 45, 46, 47, 48, 50, 53, 54, 57, 60, 62], "summary": {"covered_lines": 12, "num_statements": 14, "percent_covered": 85.71428571428571, "percent_covered_display": "86", "missing_lines": 2, "excluded_lines": 0}, "missing_lines": [68, 69], "excluded_lines": []}, "MarkdownParser._extract_elements": {"executed_lines": [80, 81, 82, 87, 93, 95, 96, 97, 98, 99, 100, 102, 103, 104, 105, 106, 108, 109, 110, 113, 114, 115, 116, 117, 125, 128, 129, 130, 131, 132, 144, 147, 148, 156, 159, 160, 161, 164, 165], "summary": {"covered_lines": 39, "num_statements": 39, "percent_covered": 100.0, "percent_covered_display": "100", "missing_lines": 0, "excluded_lines": 0}, "missing_lines": [], "excluded_lines": []}, "MarkdownParser._save_accumulated_text": {"executed_lines": [171, 172, 173, 174, 182], "summary": {"covered_lines": 5, "num_statements": 5, "percent_covered": 100.0, "percent_covered_display": "100", "missing_lines": 0, "excluded_lines": 0}, "missing_lines": [], "excluded_lines": []}, "MarkdownParser._create_code_block": {"executed_lines": [188, 189, 190, 191, 192, 193, 195], "summary": {"covered_lines": 7, "num_statements": 7, "percent_covered": 100.0, "percent_covered_display": "100", "missing_lines": 0, "excluded_lines": 0}, "missing_lines": [], "excluded_lines": []}, "MarkdownParser._extract_metadata_from_headers": {"executed_lines": [], "summary": {"covered_lines": 0, "num_statements": 12, "percent_covered": 0.0, "percent_covered_display": "0", "missing_lines": 12, "excluded_lines": 0}, "missing_lines": [216, 219, 220, 221, 222, 225, 226, 227, 228, 229, 231, 233], "excluded_lines": []}, "MarkdownParser.get_parser_info": {"executed_lines": [], "summary": {"covered_lines": 0, "num_statements": 1, "percent_covered": 0.0, "percent_covered_display": "0", "missing_lines": 1, "excluded_lines": 0}, "missing_lines": [241], "excluded_lines": []}, "": {"executed_lines": [1, 3, 4, 6, 7, 8, 10, 11, 14, 17, 18, 20, 30, 71, 167, 184, 205, 235], "summary": {"covered_lines": 16, "num_statements": 16, "percent_covered": 100.0, "percent_covered_display": "100", "missing_lines": 0, "excluded_lines": 0}, "missing_lines": [], "excluded_lines": []}}, "classes": {"MarkdownParser": {"executed_lines": [22, 42, 44, 45, 46, 47, 48, 50, 53, 54, 57, 60, 62, 80, 81, 82, 87, 93, 95, 96, 97, 98, 99, 100, 102, 103, 104, 105, 106, 108, 109, 110, 113, 114, 115, 116, 117, 125, 128, 129, 130, 131, 132, 144, 147, 148, 156, 159, 160, 161, 164, 165, 171, 172, 173, 174, 182, 188, 189, 190, 191, 192, 193, 195], "summary": {"covered_lines": 64, "num_statements": 79, "percent_covered": 81.0126582278481, "percent_covered_display": "81", "missing_lines": 15, "excluded_lines": 0}, "missing_lines": [68, 69, 216, 219, 220, 221, 222, 225, 226, 227, 228, 229, 231, 233, 241], "excluded_lines": []}, "": {"executed_lines": [1, 3, 4, 6, 7, 8, 10, 11, 14, 17, 18, 20, 30, 71, 167, 184, 205, 235], "summary": {"covered_lines": 16, "num_statements": 16, "percent_covered": 100.0, "percent_covered_display": "100", "missing_lines": 0, "excluded_lines": 0}, "missing_lines": [], "excluded_lines": []}}}, "src/shard_markdown/core/processor.py": {"executed_lines": [1, 3, 4, 5, 6, 8, 9, 10, 11, 12, 13, 16, 19, 20, 22, 28, 29, 30, 31, 33, 45, 47, 48, 51, 54, 55, 56, 65, 68, 69, 72, 74, 75, 76, 84, 88, 92, 97, 105, 113, 116, 118, 120, 127, 139, 140, 143, 146, 149, 157, 159, 163, 165, 166, 167, 168, 177, 179, 187, 194, 196, 206, 220, 221, 222, 229, 230, 237, 238, 241, 242, 243, 245, 246, 251, 259, 268, 270, 271, 272, 273, 276, 277, 278, 280, 282, 283, 292, 293, 294, 295, 316, 334, 336, 338, 341, 348, 356, 364, 366, 368, 379, 380], "summary": {"covered_lines": 101, "num_statements": 111, "percent_covered": 90.990990990991, "percent_covered_display": "91", "missing_lines": 10, "excluded_lines": 0}, "missing_lines": [169, 170, 171, 252, 253, 260, 284, 301, 302, 310], "excluded_lines": [], "functions": {"DocumentProcessor.__init__": {"executed_lines": [28, 29, 30, 31], "summary": {"covered_lines": 4, "num_statements": 4, "percent_covered": 100.0, "percent_covered_display": "100", "missing_lines": 0, "excluded_lines": 0}, "missing_lines": [], "excluded_lines": []}, "DocumentProcessor.process_document": {"executed_lines": [45, 47, 48, 51, 54, 55, 56, 65, 68, 69, 72, 74, 75, 76, 84, 88, 92, 97, 105, 113, 116, 118, 120], "summary": {"covered_lines": 23, "num_statements": 23, "percent_covered": 100.0, "percent_covered_display": "100", "missing_lines": 0, "excluded_lines": 0}, "missing_lines": [], "excluded_lines": []}, "DocumentProcessor.process_batch": {"executed_lines": [139, 140, 143, 146, 149, 157], "summary": {"covered_lines": 6, "num_statements": 6, "percent_covered": 100.0, "percent_covered_display": "100", "missing_lines": 0, "excluded_lines": 0}, "missing_lines": [], "excluded_lines": []}, "DocumentProcessor._execute_sequential_processing": {"executed_lines": [163, 165, 166, 167, 168, 177], "summary": {"covered_lines": 6, "num_statements": 9, "percent_covered": 66.66666666666667, "percent_covered_display": "67", "missing_lines": 3, "excluded_lines": 0}, "missing_lines": [169, 170, 171], "excluded_lines": []}, "DocumentProcessor._calculate_batch_statistics": {"executed_lines": [187, 194, 196], "summary": {"covered_lines": 3, "num_statements": 3, "percent_covered": 100.0, "percent_covered_display": "100", "missing_lines": 0, "excluded_lines": 0}, "missing_lines": [], "excluded_lines": []}, "DocumentProcessor._read_file": {"executed_lines": [220, 221, 222, 229, 230, 237, 238, 241, 242, 243, 245, 246, 251, 259, 268, 270, 271, 272, 273, 276, 277, 278, 280, 282, 283, 292, 293, 294, 295], "summary": {"covered_lines": 29, "num_statements": 36, "percent_covered": 80.55555555555556, "percent_covered_display": "81", "missing_lines": 7, "excluded_lines": 0}, "missing_lines": [252, 253, 260, 284, 301, 302, 310], "excluded_lines": []}, "DocumentProcessor._enhance_chunks": {"executed_lines": [334, 336, 338, 341, 348, 356, 364, 366], "summary": {"covered_lines": 8, "num_statements": 8, "percent_covered": 100.0, "percent_covered_display": "100", "missing_lines": 0, "excluded_lines": 0}, "missing_lines": [], "excluded_lines": []}, "DocumentProcessor._generate_chunk_id": {"executed_lines": [379, 380], "summary": {"covered_lines": 2, "num_statements": 2, "percent_covered": 100.0, "percent_covered_display": "100", "missing_lines": 0, "excluded_lines": 0}, "missing_lines": [], "excluded_lines": []}, "": {"executed_lines": [1, 3, 4, 5, 6, 8, 9, 10, 11, 12, 13, 16, 19, 20, 22, 33, 127, 159, 179, 206, 316, 368], "summary": {"covered_lines": 20, "num_statements": 20, "percent_covered": 100.0, "percent_covered_display": "100", "missing_lines": 0, "excluded_lines": 0}, "missing_lines": [], "excluded_lines": []}}, "classes": {"DocumentProcessor": {"executed_lines": [28, 29, 30, 31, 45, 47, 48, 51, 54, 55, 56, 65, 68, 69, 72, 74, 75, 76, 84, 88, 92, 97, 105, 113, 116, 118, 120, 139, 140, 143, 146, 149, 157, 163, 165, 166, 167, 168, 177, 187, 194, 196, 220, 221, 222, 229, 230, 237, 238, 241, 242, 243, 245, 246, 251, 259, 268, 270, 271, 272, 273, 276, 277, 278, 280, 282, 283, 292, 293, 294, 295, 334, 336, 338, 341, 348, 356, 364, 366, 379, 380], "summary": {"covered_lines": 81, "num_statements": 91, "percent_covered": 89.01098901098901, "percent_covered_display": "89", "missing_lines": 10, "excluded_lines": 0}, "missing_lines": [169, 170, 171, 252, 253, 260, 284, 301, 302, 310], "excluded_lines": []}, "": {"executed_lines": [1, 3, 4, 5, 6, 8, 9, 10, 11, 12, 13, 16, 19, 20, 22, 33, 127, 159, 179, 206, 316, 368], "summary": {"covered_lines": 20, "num_statements": 20, "percent_covered": 100.0, "percent_covered_display": "100", "missing_lines": 0, "excluded_lines": 0}, "missing_lines": [], "excluded_lines": []}}}, "src/shard_markdown/utils/__init__.py": {"executed_lines": [1, 3, 4, 5, 8], "summary": {"covered_lines": 4, "num_statements": 4, "percent_covered": 100.0, "percent_covered_display": "100", "missing_lines": 0, "excluded_lines": 0}, "missing_lines": [], "excluded_lines": [], "functions": {"": {"executed_lines": [1, 3, 4, 5, 8], "summary": {"covered_lines": 4, "num_statements": 4, "percent_covered": 100.0, "percent_covered_display": "100", "missing_lines": 0, "excluded_lines": 0}, "missing_lines": [], "excluded_lines": []}}, "classes": {"": {"executed_lines": [1, 3, 4, 5, 8], "summary": {"covered_lines": 4, "num_statements": 4, "percent_covered": 100.0, "percent_covered_display": "100", "missing_lines": 0, "excluded_lines": 0}, "missing_lines": [], "excluded_lines": []}}}, "src/shard_markdown/utils/errors.py": {"executed_lines": [1, 3, 4, 7, 8, 10, 27, 28, 29, 30, 31, 32, 33, 35, 37, 47, 48, 50, 58, 61, 62, 64, 72, 75, 76, 78, 86, 89, 90, 92, 100, 103, 104, 106, 114, 117, 118, 120, 131, 132, 134, 142, 145, 146, 148, 156], "summary": {"covered_lines": 36, "num_statements": 37, "percent_covered": 97.29729729729729, "percent_covered_display": "97", "missing_lines": 1, "excluded_lines": 0}, "missing_lines": [128], "excluded_lines": [], "functions": {"ShardMarkdownError.__init__": {"executed_lines": [27, 28, 29, 30, 31, 32, 33], "summary": {"covered_lines": 7, "num_statements": 7, "percent_covered": 100.0, "percent_covered_display": "100", "missing_lines": 0, "excluded_lines": 0}, "missing_lines": [], "excluded_lines": []}, "ShardMarkdownError.to_dict": {"executed_lines": [37], "summary": {"covered_lines": 1, "num_statements": 1, "percent_covered": 100.0, "percent_covered_display": "100", "missing_lines": 0, "excluded_lines": 0}, "missing_lines": [], "excluded_lines": []}, "InputValidationError.__init__": {"executed_lines": [58], "summary": {"covered_lines": 1, "num_statements": 1, "percent_covered": 100.0, "percent_covered_display": "100", "missing_lines": 0, "excluded_lines": 0}, "missing_lines": [], "excluded_lines": []}, "ConfigurationError.__init__": {"executed_lines": [72], "summary": {"covered_lines": 1, "num_statements": 1, "percent_covered": 100.0, "percent_covered_display": "100", "missing_lines": 0, "excluded_lines": 0}, "missing_lines": [], "excluded_lines": []}, "FileSystemError.__init__": {"executed_lines": [86], "summary": {"covered_lines": 1, "num_statements": 1, "percent_covered": 100.0, "percent_covered_display": "100", "missing_lines": 0, "excluded_lines": 0}, "missing_lines": [], "excluded_lines": []}, "ProcessingError.__init__": {"executed_lines": [100], "summary": {"covered_lines": 1, "num_statements": 1, "percent_covered": 100.0, "percent_covered_display": "100", "missing_lines": 0, "excluded_lines": 0}, "missing_lines": [], "excluded_lines": []}, "ChromaDBError.__init__": {"executed_lines": [114], "summary": {"covered_lines": 1, "num_statements": 1, "percent_covered": 100.0, "percent_covered_display": "100", "missing_lines": 0, "excluded_lines": 0}, "missing_lines": [], "excluded_lines": []}, "ChromaDBConnectionError.__init__": {"executed_lines": [], "summary": {"covered_lines": 0, "num_statements": 1, "percent_covered": 0.0, "percent_covered_display": "0", "missing_lines": 1, "excluded_lines": 0}, "missing_lines": [128], "excluded_lines": []}, "SystemError.__init__": {"executed_lines": [142], "summary": {"covered_lines": 1, "num_statements": 1, "percent_covered": 100.0, "percent_covered_display": "100", "missing_lines": 0, "excluded_lines": 0}, "missing_lines": [], "excluded_lines": []}, "NetworkError.__init__": {"executed_lines": [156], "summary": {"covered_lines": 1, "num_statements": 1, "percent_covered": 100.0, "percent_covered_display": "100", "missing_lines": 0, "excluded_lines": 0}, "missing_lines": [], "excluded_lines": []}, "": {"executed_lines": [1, 3, 4, 7, 8, 10, 35, 47, 48, 50, 61, 62, 64, 75, 76, 78, 89, 90, 92, 103, 104, 106, 117, 118, 120, 131, 132, 134, 145, 146, 148], "summary": {"covered_lines": 21, "num_statements": 21, "percent_covered": 100.0, "percent_covered_display": "100", "missing_lines": 0, "excluded_lines": 0}, "missing_lines": [], "excluded_lines": []}}, "classes": {"ShardMarkdownError": {"executed_lines": [27, 28, 29, 30, 31, 32, 33, 37], "summary": {"covered_lines": 8, "num_statements": 8, "percent_covered": 100.0, "percent_covered_display": "100", "missing_lines": 0, "excluded_lines": 0}, "missing_lines": [], "excluded_lines": []}, "InputValidationError": {"executed_lines": [58], "summary": {"covered_lines": 1, "num_statements": 1, "percent_covered": 100.0, "percent_covered_display": "100", "missing_lines": 0, "excluded_lines": 0}, "missing_lines": [], "excluded_lines": []}, "ConfigurationError": {"executed_lines": [72], "summary": {"covered_lines": 1, "num_statements": 1, "percent_covered": 100.0, "percent_covered_display": "100", "missing_lines": 0, "excluded_lines": 0}, "missing_lines": [], "excluded_lines": []}, "FileSystemError": {"executed_lines": [86], "summary": {"covered_lines": 1, "num_statements": 1, "percent_covered": 100.0, "percent_covered_display": "100", "missing_lines": 0, "excluded_lines": 0}, "missing_lines": [], "excluded_lines": []}, "ProcessingError": {"executed_lines": [100], "summary": {"covered_lines": 1, "num_statements": 1, "percent_covered": 100.0, "percent_covered_display": "100", "missing_lines": 0, "excluded_lines": 0}, "missing_lines": [], "excluded_lines": []}, "ChromaDBError": {"executed_lines": [114], "summary": {"covered_lines": 1, "num_statements": 1, "percent_covered": 100.0, "percent_covered_display": "100", "missing_lines": 0, "excluded_lines": 0}, "missing_lines": [], "excluded_lines": []}, "ChromaDBConnectionError": {"executed_lines": [], "summary": {"covered_lines": 0, "num_statements": 1, "percent_covered": 0.0, "percent_covered_display": "0", "missing_lines": 1, "excluded_lines": 0}, "missing_lines": [128], "excluded_lines": []}, "SystemError": {"executed_lines": [142], "summary": {"covered_lines": 1, "num_statements": 1, "percent_covered": 100.0, "percent_covered_display": "100", "missing_lines": 0, "excluded_lines": 0}, "missing_lines": [], "excluded_lines": []}, "NetworkError": {"executed_lines": [156], "summary": {"covered_lines": 1, "num_statements": 1, "percent_covered": 100.0, "percent_covered_display": "100", "missing_lines": 0, "excluded_lines": 0}, "missing_lines": [], "excluded_lines": []}, "": {"executed_lines": [1, 3, 4, 7, 8, 10, 35, 47, 48, 50, 61, 62, 64, 75, 76, 78, 89, 90, 92, 103, 104, 106, 117, 118, 120, 131, 132, 134, 145, 146, 148], "summary": {"covered_lines": 21, "num_statements": 21, "percent_covered": 100.0, "percent_covered_display": "100", "missing_lines": 0, "excluded_lines": 0}, "missing_lines": [], "excluded_lines": []}}}, "src/shard_markdown/utils/logging.py": {"executed_lines": [1, 3, 4, 5, 6, 7, 9, 10, 13, 28, 29, 32, 35, 42, 45, 46, 47, 50, 51, 53, 56, 59, 63, 64, 68, 69, 70, 71, 74, 83, 86, 87, 89, 96, 97, 98, 100, 102, 104, 105, 106, 110, 111, 112, 114, 115, 117, 119, 120], "summary": {"covered_lines": 47, "num_statements": 48, "percent_covered": 97.91666666666667, "percent_covered_display": "98", "missing_lines": 1, "excluded_lines": 0}, "missing_lines": [109], "excluded_lines": [], "functions": {"setup_logging": {"executed_lines": [28, 29, 32, 35, 42, 45, 46, 47, 50, 51, 53, 56, 59, 63, 64, 68, 69, 70, 71], "summary": {"covered_lines": 19, "num_statements": 19, "percent_covered": 100.0, "percent_covered_display": "100", "missing_lines": 0, "excluded_lines": 0}, "missing_lines": [], "excluded_lines": []}, "get_logger": {"executed_lines": [83], "summary": {"covered_lines": 1, "num_statements": 1, "percent_covered": 100.0, "percent_covered_display": "100", "missing_lines": 0, "excluded_lines": 0}, "missing_lines": [], "excluded_lines": []}, "LogContext.__init__": {"executed_lines": [96, 97, 98], "summary": {"covered_lines": 3, "num_statements": 3, "percent_covered": 100.0, "percent_covered_display": "100", "missing_lines": 0, "excluded_lines": 0}, "missing_lines": [], "excluded_lines": []}, "LogContext.__enter__": {"executed_lines": [102, 104, 114, 115], "summary": {"covered_lines": 4, "num_statements": 4, "percent_covered": 100.0, "percent_covered_display": "100", "missing_lines": 0, "excluded_lines": 0}, "missing_lines": [], "excluded_lines": []}, "LogContext.__enter__.record_factory": {"executed_lines": [105, 106, 110, 111, 112], "summary": {"covered_lines": 5, "num_statements": 6, "percent_covered": 83.33333333333333, "percent_covered_display": "83", "missing_lines": 1, "excluded_lines": 0}, "missing_lines": [109], "excluded_lines": []}, "LogContext.__exit__": {"executed_lines": [119, 120], "summary": {"covered_lines": 2, "num_statements": 2, "percent_covered": 100.0, "percent_covered_display": "100", "missing_lines": 0, "excluded_lines": 0}, "missing_lines": [], "excluded_lines": []}, "": {"executed_lines": [1, 3, 4, 5, 6, 7, 9, 10, 13, 74, 86, 87, 89, 100, 117], "summary": {"covered_lines": 13, "num_statements": 13, "percent_covered": 100.0, "percent_covered_display": "100", "missing_lines": 0, "excluded_lines": 0}, "missing_lines": [], "excluded_lines": []}}, "classes": {"LogContext": {"executed_lines": [96, 97, 98, 102, 104, 105, 106, 110, 111, 112, 114, 115, 119, 120], "summary": {"covered_lines": 14, "num_statements": 15, "percent_covered": 93.33333333333333, "percent_covered_display": "93", "missing_lines": 1, "excluded_lines": 0}, "missing_lines": [109], "excluded_lines": []}, "": {"executed_lines": [1, 3, 4, 5, 6, 7, 9, 10, 13, 28, 29, 32, 35, 42, 45, 46, 47, 50, 51, 53, 56, 59, 63, 64, 68, 69, 70, 71, 74, 83, 86, 87, 89, 100, 117], "summary": {"covered_lines": 33, "num_statements": 33, "percent_covered": 100.0, "percent_covered_display": "100", "missing_lines": 0, "excluded_lines": 0}, "missing_lines": [], "excluded_lines": []}}}, "src/shard_markdown/utils/validation.py": {"executed_lines": [1, 3, 5, 8, 24, 29, 31, 32, 33, 35, 42, 43, 49, 51, 52, 53, 54, 60, 76, 83, 86, 96, 97, 103, 110, 117, 124, 132, 141, 142, 146, 148, 149, 156, 159, 160], "summary": {"covered_lines": 35, "num_statements": 47, "percent_covered": 74.46808510638297, "percent_covered_display": "74", "missing_lines": 12, "excluded_lines": 0}, "missing_lines": [25, 36, 44, 55, 62, 68, 69, 77, 104, 111, 118, 125], "excluded_lines": [], "functions": {"validate_input_paths": {"executed_lines": [24, 29, 31, 32, 33, 35, 42, 43, 49, 51, 52, 53, 54, 60, 76, 83], "summary": {"covered_lines": 16, "num_statements": 24, "percent_covered": 66.66666666666667, "percent_covered_display": "67", "missing_lines": 8, "excluded_lines": 0}, "missing_lines": [25, 36, 44, 55, 62, 68, 69, 77], "excluded_lines": []}, "validate_chunk_parameters": {"executed_lines": [96, 97, 103, 110, 117, 124], "summary": {"covered_lines": 6, "num_statements": 10, "percent_covered": 60.0, "percent_covered_display": "60", "missing_lines": 4, "excluded_lines": 0}, "missing_lines": [104, 111, 118, 125], "excluded_lines": []}, "validate_collection_name": {"executed_lines": [141, 142, 146, 148, 149, 156, 159, 160], "summary": {"covered_lines": 8, "num_statements": 8, "percent_covered": 100.0, "percent_covered_display": "100", "missing_lines": 0, "excluded_lines": 0}, "missing_lines": [], "excluded_lines": []}, "": {"executed_lines": [1, 3, 5, 8, 86, 132], "summary": {"covered_lines": 5, "num_statements": 5, "percent_covered": 100.0, "percent_covered_display": "100", "missing_lines": 0, "excluded_lines": 0}, "missing_lines": [], "excluded_lines": []}}, "classes": {"": {"executed_lines": [1, 3, 5, 8, 24, 29, 31, 32, 33, 35, 42, 43, 49, 51, 52, 53, 54, 60, 76, 83, 86, 96, 97, 103, 110, 117, 124, 132, 141, 142, 146, 148, 149, 156, 159, 160], "summary": {"covered_lines": 35, "num_statements": 47, "percent_covered": 74.46808510638297, "percent_covered_display": "74", "missing_lines": 12, "excluded_lines": 0}, "missing_lines": [25, 36, 44, 55, 62, 68, 69, 77, 104, 111, 118, 125], "excluded_lines": []}}}}, "totals": {"covered_lines": 2011, "num_statements": 2316, "percent_covered": 86.8307426597582, "percent_covered_display": "87", "missing_lines": 305, "excluded_lines": 92}}
